#
# A fatal error has been detected by the Java Runtime Environment:
#
#  EXCEPTION_ACCESS_VIOLATION (0xc0000005) at pc=0x00007ff84dd28826, pid=6700, tid=3652
#
# JRE version: OpenJDK Runtime Environment (11.0.8+10) (build 11.0.8+10-b944.6842174)
# Java VM: OpenJDK 64-Bit Server VM (11.0.8+10-b944.6842174, mixed mode, tiered, compressed oops, g1 gc, windows-amd64)
# Problematic frame:
# V  [jvm.dll+0x188826]
#
# No core dump will be written. Minidumps are not enabled by default on client versions of Windows
#
# If you would like to submit a bug report, please visit:
#   https://bugreport.java.com/bugreport/crash.jsp
#

---------------  S U M M A R Y ------------

Command Line: --add-opens=java.base/java.util=ALL-UNNAMED --add-opens=java.base/java.lang=ALL-UNNAMED --add-opens=java.base/java.lang.invoke=ALL-UNNAMED --add-opens=java.prefs/java.util.prefs=ALL-UNNAMED -Xmx2048m -Dfile.encoding=UTF-8 -Duser.country=RU -Duser.language=ru -Duser.variant org.gradle.launcher.daemon.bootstrap.GradleDaemon 6.7.1

Host: Intel(R) Pentium(R) Gold G5420 CPU @ 3.80GHz, 4 cores, 5G,  Windows 10 , 64 bit Build 19041 (10.0.19041.1202)
Time: Sat Oct  2 06:59:18 2021 Пакистан (зима) elapsed time: 751 seconds (0d 0h 12m 31s)

---------------  T H R E A D  ---------------

Current thread (0x000001a117e52800):  GCTaskThread "GC Thread#3" [stack: 0x0000007417000000,0x0000007417100000] [id=3652]

Stack: [0x0000007417000000,0x0000007417100000],  sp=0x00000074170ff178,  free space=1020k
Native frames: (J=compiled Java code, j=interpreted, Vv=VM code, C=native code)
V  [jvm.dll+0x188826]


siginfo: EXCEPTION_ACCESS_VIOLATION (0xc0000005), reading address 0x000000044b802ac8


Register to memory mapping:

RIP=0x00007ff84dd28826 jvm.dll
RAX=0x0000000000000001 is an unknown value
RBX=
[error occurred during error reporting (printing register info), id 0xc0000005, EXCEPTION_ACCESS_VIOLATION (0xc0000005) at pc=0x00007ff84dd28826]

Registers:
RAX=0x0000000000000001, RBX=0x0000000088f84cbc, RCX=0x000000008a444638, RDX=0x000000008a444638
RSP=0x00000074170ff178, RBP=0x8344bc608344bc60, RSI=0x000001a11e274f40, RDI=0x000001a11e274f40
R8 =0x000000008a444638, R9 =0x000000044b802ac0, R10=0x000000008a444638, R11=0x000001a11e2750b0
R12=0x0000000000000000, R13=0x0000000000000001, R14=0x000001a17c4d3308, R15=0x000000008a444638
RIP=0x00007ff84dd28826, EFLAGS=0x0000000000010206

Top of Stack: (sp=0x00000074170ff178)
0x00000074170ff178:   00007ff84de9c95c 0000000087571b01
0x00000074170ff188:   0000000000000001 000001a11e274f40
0x00000074170ff198:   00007ff84de6d92e 0000000080f9bcdc
0x00000074170ff1a8:   00007ff84dee9db2 0000000280f9bc64
0x00000074170ff1b8:   0000000000000009 000000000003ab8d
0x00000074170ff1c8:   00007ff84de7177b 0000000000000040
0x00000074170ff1d8:   000001a17c4d3308 0000000000000000
0x00000074170ff1e8:   000001a11e274f40 00000074170ff401
0x00000074170ff1f8:   00007ff84de6e7b2 000001a11e274f40
0x00000074170ff208:   0000000080f9bc01 00000074170ff498
0x00000074170ff218:   0000000088f84cbc 000001a17c4d3300
0x00000074170ff228:   00007ff84de9aed5 0000000000001925
0x00000074170ff238:   00007ff84dea305d 0000000080f9bcc0
0x00000074170ff248:   00007ff84dea9bc7 00000074170ff498
0x00000074170ff258:   0000000100053ee0 0000000000000000
0x00000074170ff268:   00007ff84e17872f 00000074170ff310 

Instructions: (pc=0x00007ff84dd28826)
0x00007ff84dd28726:   81 00 48 d3 e0 48 03 05 5e 43 81 00 eb 04 48 8b
0x00007ff84dd28736:   43 08 81 78 08 00 00 00 c0 73 7d 48 8b 4f 38 48
0x00007ff84dd28746:   8b d3 48 8b 01 ff 50 20 84 c0 75 6c 38 05 97 cb
0x00007ff84dd28756:   85 00 74 15 8b 53 08 8b 0d 35 43 81 00 48 d3 e2
0x00007ff84dd28766:   48 03 15 23 43 81 00 eb 04 48 8b 53 08 48 8b cb
0x00007ff84dd28776:   48 89 5c 24 20 e8 a0 00 00 00 80 7f 30 00 48 63
0x00007ff84dd28786:   c8 48 89 4c 24 28 0f 28 44 24 20 74 17 0f 11 86
0x00007ff84dd28796:   90 03 00 00 48 8b 5c 24 40 48 8b 74 24 48 48 83
0x00007ff84dd287a6:   c4 30 5f c3 48 8b 07 48 8d 54 24 20 48 8b cf 66
0x00007ff84dd287b6:   0f 7f 44 24 20 ff 50 38 48 8b 5c 24 40 48 8b 74
0x00007ff84dd287c6:   24 48 48 83 c4 30 5f c3 cc cc 48 8b 49 38 48 8b
0x00007ff84dd287d6:   01 48 ff 60 28 cc cc cc cc cc 80 3d 08 cb 85 00
0x00007ff84dd287e6:   00 48 8b c1 74 1b 8b 51 08 8b 0d a3 42 81 00 48
0x00007ff84dd287f6:   d3 e2 48 8b c8 48 03 15 8e 42 81 00 e9 19 00 00
0x00007ff84dd28806:   00 48 8b 51 08 48 8b c8 e9 0d 00 00 00 cc cc cc
0x00007ff84dd28816:   cc cc cc cc cc cc cc cc cc cc 4c 8b ca 48 8b d1
0x00007ff84dd28826:   45 8b 41 08 45 85 c0 7e 0e 41 f6 c0 01 75 59 41
0x00007ff84dd28836:   c1 f8 03 41 8b c0 c3 79 4f 80 3d a9 ca 85 00 00
0x00007ff84dd28846:   b8 0c 00 00 00 b9 10 00 00 00 0f 45 c8 8b 05 4b
0x00007ff84dd28856:   8e 7f 00 ff c8 4c 63 c8 48 63 c1 41 8b c8 83 e1
0x00007ff84dd28866:   3f 48 63 14 10 41 8b c0 48 c1 f8 10 0f b6 c0 48
0x00007ff84dd28876:   d3 e2 49 8d 0c 11 49 f7 d1 48 03 c1 49 c1 e9 03
0x00007ff84dd28886:   48 c1 e8 03 41 23 c1 c3 49 8b 01 49 8b c9 48 ff
0x00007ff84dd28896:   a0 10 01 00 00 cc cc cc cc cc 48 83 ec 38 0f 10
0x00007ff84dd288a6:   02 48 8b 49 38 48 8d 54 24 20 0f 29 44 24 20 e8
0x00007ff84dd288b6:   66 f0 ff ff 48 83 c4 38 c3 cc 48 83 ec 38 0f 10
0x00007ff84dd288c6:   02 48 8b 01 48 8d 54 24 20 0f 29 44 24 20 ff 50
0x00007ff84dd288d6:   38 48 83 c4 38 c3 cc cc cc cc 48 89 5c 24 08 55
0x00007ff84dd288e6:   56 57 41 54 41 55 41 56 41 57 48 8d 6c 24 e0 48
0x00007ff84dd288f6:   81 ec 20 01 00 00 48 8b 05 ad c4 82 00 48 33 c4
0x00007ff84dd28906:   48 89 45 10 48 8b 05 0f 35 85 00 45 33 ed 4c 8b
0x00007ff84dd28916:   b5 80 00 00 00 4c 8b fa 48 8b bd 88 00 00 00 4d 


Stack slot to memory mapping:
stack at sp + 0 slots: 0x00007ff84de9c95c jvm.dll
stack at sp + 1 slots: 0x0000000087571b01 is pointing into object: [B 
{0x0000000087571b00} - klass: {type array byte}
 - length: 22
stack at sp + 2 slots: 0x0000000000000001 is an unknown value
stack at sp + 3 slots: 0x000001a11e274f40 points into unknown readable memory: 38 23 3b 4e f8 7f 00 00
stack at sp + 4 slots: 0x00007ff84de6d92e jvm.dll
stack at sp + 5 slots: 0x0000000080f9bcdc is pointing into object: jdk.internal.ref.CleanerImpl$PhantomCleanableRef 
{0x0000000080f9bcc0} - klass: 'jdk/internal/ref/CleanerImpl$PhantomCleanableRef'
stack at sp + 6 slots: 0x00007ff84dee9db2 jvm.dll
stack at sp + 7 slots: 0x0000000280f9bc64 is an unknown value


---------------  P R O C E S S  ---------------

Threads class SMR info:
_java_thread_list=0x000001a11e678b20, length=113, elements={
0x000001a17c4be800, 0x000001a115fb2800, 0x000001a115fb6000, 0x000001a116973800,
0x000001a115fd1800, 0x000001a115fd2800, 0x000001a115fda000, 0x000001a115fe3800,
0x000001a116a94000, 0x000001a116aa6800, 0x000001a117718800, 0x000001a11794d800,
0x000001a11794e800, 0x000001a1187e7800, 0x000001a1187e8800, 0x000001a1187e9800,
0x000001a11aa3b000, 0x000001a11aa3b800, 0x000001a117a6a000, 0x000001a11c1ac800,
0x000001a117a6b800, 0x000001a11ceaf000, 0x000001a11ceb0000, 0x000001a11ceaa800,
0x000001a11ceb9000, 0x000001a11cead800, 0x000001a11ceae800, 0x000001a11ceac800,
0x000001a11ceb1000, 0x000001a11ceab000, 0x000001a11ceac000, 0x000001a11ceb4000,
0x000001a11ceb6800, 0x000001a11ceb7800, 0x000001a11ceb2800, 0x000001a11ceb8000,
0x000001a11ceb3800, 0x000001a11ceba000, 0x000001a11ceb5000, 0x000001a11ceba800,
0x000001a11cebb800, 0x000001a11ceb5800, 0x000001a11cec0800, 0x000001a11cec2000,
0x000001a11cebd000, 0x000001a11cebc800, 0x000001a11cec3000, 0x000001a11cebf800,
0x000001a11cec3800, 0x000001a11cebe800, 0x000001a11cebe000, 0x000001a11cec6000,
0x000001a11cec4800, 0x000001a11cec5000, 0x000001a11cec7000, 0x000001a11cec1000,
0x000001a11cec8800, 0x000001a11cec7800, 0x000001a11cec9800, 0x000001a11c1a2000,
0x000001a11c1a1000, 0x000001a11c1a5000, 0x000001a11c1a6000, 0x000001a11c1a2800,
0x000001a11c1a3800, 0x000001a11c1a4800, 0x000001a11c1a0800, 0x000001a11c1ab000,
0x000001a11c1ab800, 0x000001a11c1aa000, 0x000001a11c1a7000, 0x000001a11c1a7800,
0x000001a11c1ae000, 0x000001a11c1a8800, 0x000001a11c1a9800, 0x000001a11c1af000,
0x000001a117a65000, 0x000001a117a63000, 0x000001a117a64000, 0x000001a117a5f000,
0x000001a117a60000, 0x000001a117a65800, 0x000001a117a61800, 0x000001a117a66800,
0x000001a117a61000, 0x000001a117a67800, 0x000001a117a62800, 0x000001a117a6c000,
0x000001a117a6a800, 0x000001a117a6d000, 0x000001a117a6e000, 0x000001a117a68000,
0x000001a11aa35000, 0x000001a11aa33800, 0x000001a11aa36800, 0x000001a11aa3a000,
0x000001a11aa34800, 0x000001a11aa3f800, 0x000001a11aa3f000, 0x000001a11aa40800,
0x000001a11aa42000, 0x000001a11aa3c800, 0x000001a11aa3e000, 0x000001a11aa41800,
0x000001a1187e6000, 0x000001a1187ea000, 0x000001a1187eb000, 0x000001a1187e5800,
0x000001a1187ec000, 0x000001a1187e7000, 0x000001a11cf0b800, 0x000001a11cf0a800,
0x000001a11cf0c000
}

Java Threads: ( => current thread )
  0x000001a17c4be800 JavaThread "main" [_thread_blocked, id=6972, stack(0x0000007414e00000,0x0000007414f00000)]
  0x000001a115fb2800 JavaThread "Reference Handler" daemon [_thread_blocked, id=6888, stack(0x0000007415600000,0x0000007415700000)]
  0x000001a115fb6000 JavaThread "Finalizer" daemon [_thread_blocked, id=6704, stack(0x0000007415700000,0x0000007415800000)]
  0x000001a116973800 JavaThread "Signal Dispatcher" daemon [_thread_blocked, id=6728, stack(0x0000007415800000,0x0000007415900000)]
  0x000001a115fd1800 JavaThread "Attach Listener" daemon [_thread_blocked, id=6452, stack(0x0000007415900000,0x0000007415a00000)]
  0x000001a115fd2800 JavaThread "C2 CompilerThread0" daemon [_thread_blocked, id=6472, stack(0x0000007415a00000,0x0000007415b00000)]
  0x000001a115fda000 JavaThread "C1 CompilerThread0" daemon [_thread_blocked, id=6508, stack(0x0000007415b00000,0x0000007415c00000)]
  0x000001a115fe3800 JavaThread "Sweeper thread" daemon [_thread_blocked, id=6488, stack(0x0000007415c00000,0x0000007415d00000)]
  0x000001a116a94000 JavaThread "Common-Cleaner" daemon [_thread_blocked, id=6536, stack(0x0000007415d00000,0x0000007415e00000)]
  0x000001a116aa6800 JavaThread "Service Thread" daemon [_thread_blocked, id=6484, stack(0x0000007415e00000,0x0000007415f00000)]
  0x000001a117718800 JavaThread "Daemon health stats" [_thread_blocked, id=1268, stack(0x0000007416300000,0x0000007416400000)]
  0x000001a11794d800 JavaThread "Incoming local TCP Connector on port 49722" [_thread_in_native, id=6432, stack(0x0000007416600000,0x0000007416700000)]
  0x000001a11794e800 JavaThread "Daemon periodic checks" [_thread_blocked, id=7420, stack(0x0000007416700000,0x0000007416800000)]
  0x000001a1187e7800 JavaThread "Cache worker for file hash cache (C:\Users\User\.gradle\caches\6.7.1\fileHashes)" [_thread_blocked, id=3628, stack(0x0000007417100000,0x0000007417200000)]
  0x000001a1187e8800 JavaThread "File lock request listener" [_thread_in_native, id=1688, stack(0x0000007417200000,0x0000007417300000)]
  0x000001a1187e9800 JavaThread "Cache worker for journal cache (C:\Users\User\.gradle\caches\journal-1)" [_thread_blocked, id=9176, stack(0x0000007417300000,0x0000007417400000)]
  0x000001a11aa3b000 JavaThread "Cache worker for execution history cache (C:\Users\User\.gradle\caches\6.7.1\executionHistory)" [_thread_blocked, id=5352, stack(0x0000007417f00000,0x0000007418000000)]
  0x000001a11aa3b800 JavaThread "Cache worker for file content cache (C:\Users\User\.gradle\caches\6.7.1\fileContent)" [_thread_blocked, id=5360, stack(0x0000007418000000,0x0000007418100000)]
  0x000001a117a6a000 JavaThread "Memory manager" [_thread_blocked, id=3180, stack(0x000000741f800000,0x000000741f900000)]
  0x000001a11c1ac800 JavaThread "RMI Scheduler(0)" daemon [_thread_blocked, id=5988, stack(0x0000007417500000,0x0000007417600000)]
  0x000001a117a6b800 JavaThread "RMI GC Daemon" daemon [_thread_blocked, id=7252, stack(0x000000741fe00000,0x000000741ff00000)]
  0x000001a11ceaf000 JavaThread "RMI TCP Accept-0" daemon [_thread_in_native, id=3920, stack(0x000000741ff00000,0x0000007420000000)]
  0x000001a11ceb0000 JavaThread "RMI Reaper" [_thread_blocked, id=3092, stack(0x0000007420000000,0x0000007420100000)]
  0x000001a11ceaa800 JavaThread "Cache worker for Java compile cache (C:\Users\User\.gradle\caches\6.7.1\javaCompile)" [_thread_blocked, id=1332, stack(0x0000007420200000,0x0000007420300000)]
  0x000001a11ceb9000 JavaThread "ForkJoinPool.commonPool-worker-5" daemon [_thread_blocked, id=3908, stack(0x0000007420900000,0x0000007420a00000)]
  0x000001a11cead800 JavaThread "Daemon Thread 3" [_thread_blocked, id=8432, stack(0x0000007416000000,0x0000007416100000)]
  0x000001a11ceae800 JavaThread "Handler for socket connection from /127.0.0.1:49722 to /127.0.0.1:49753" [_thread_in_native, id=4804, stack(0x0000007416100000,0x0000007416200000)]
  0x000001a11ceac800 JavaThread "Cancel handler" [_thread_blocked, id=3952, stack(0x0000007416400000,0x0000007416500000)]
  0x000001a11ceb1000 JavaThread "Daemon worker Thread 3" [_thread_blocked, id=3492, stack(0x0000007416500000,0x0000007416600000)]
  0x000001a11ceab000 JavaThread "Asynchronous log dispatcher for DefaultDaemonConnection: socket connection from /127.0.0.1:49722 to /127.0.0.1:49753" [_thread_blocked, id=3304, stack(0x0000007416800000,0x0000007416900000)]
  0x000001a11ceac000 JavaThread "Stdin handler" [_thread_blocked, id=2356, stack(0x0000007416900000,0x0000007416a00000)]
  0x000001a11ceb4000 JavaThread "Thread-301" [_thread_blocked, id=3296, stack(0x0000007416a00000,0x0000007416b00000)]
  0x000001a11ceb6800 JavaThread "Cache worker for file hash cache (C:\Users\User\AndroidStudioProjects\Loan_Book_MVVM2\.gradle\6.7.1\fileHashes)" [_thread_blocked, id=4140, stack(0x0000007416b00000,0x0000007416c00000)]
  0x000001a11ceb7800 JavaThread "Cache worker for checksums cache (C:\Users\User\AndroidStudioProjects\Loan_Book_MVVM2\.gradle\checksums)" [_thread_blocked, id=2212, stack(0x0000007416c00000,0x0000007416d00000)]
  0x000001a11ceb2800 JavaThread "Cache worker for cache directory md-supplier (C:\Users\User\.gradle\caches\6.7.1\md-supplier)" [_thread_blocked, id=3108, stack(0x0000007416d00000,0x0000007416e00000)]
  0x000001a11ceb8000 JavaThread "Cache worker for cache directory md-rule (C:\Users\User\.gradle\caches\6.7.1\md-rule)" [_thread_blocked, id=5848, stack(0x0000007416e00000,0x0000007416f00000)]
  0x000001a11ceb3800 JavaThread "Cache worker for Build Output Cleanup Cache (C:\Users\User\AndroidStudioProjects\Loan_Book_MVVM2\.gradle\buildOutputCleanup)" [_thread_blocked, id=7864, stack(0x0000007417400000,0x0000007417500000)]
  0x000001a11ceba000 JavaThread "C2 CompilerThread1" daemon [_thread_blocked, id=1340, stack(0x0000007417600000,0x0000007417700000)]
  0x000001a11ceb5000 JavaThread "Build operations" [_thread_blocked, id=8512, stack(0x0000007417700000,0x0000007417800000)]
  0x000001a11ceba800 JavaThread "Build operations Thread 2" [_thread_blocked, id=8660, stack(0x0000007417800000,0x0000007417900000)]
  0x000001a11cebb800 JavaThread "Build operations Thread 3" [_thread_blocked, id=1752, stack(0x0000007417900000,0x0000007417a00000)]
  0x000001a11ceb5800 JavaThread "Build operations Thread 4" [_thread_blocked, id=5816, stack(0x0000007417a00000,0x0000007417b00000)]
  0x000001a11cec0800 JavaThread "jar transforms Thread 243" [_thread_blocked, id=4560, stack(0x0000007417b00000,0x0000007417c00000)]
  0x000001a11cec2000 JavaThread "jar transforms Thread 244" [_thread_blocked, id=2204, stack(0x0000007417c00000,0x0000007417d00000)]
  0x000001a11cebd000 JavaThread "jar transforms Thread 245" [_thread_blocked, id=4624, stack(0x0000007417d00000,0x0000007417e00000)]
  0x000001a11cebc800 JavaThread "jar transforms Thread 246" [_thread_blocked, id=4420, stack(0x0000007417e00000,0x0000007417f00000)]
  0x000001a11cec3000 JavaThread "jar transforms Thread 247" [_thread_blocked, id=4024, stack(0x0000007418100000,0x0000007418200000)]
  0x000001a11cebf800 JavaThread "jar transforms Thread 248" [_thread_blocked, id=5100, stack(0x0000007418200000,0x0000007418300000)]
  0x000001a11cec3800 JavaThread "jar transforms Thread 249" [_thread_blocked, id=8212, stack(0x0000007418300000,0x0000007418400000)]
  0x000001a11cebe800 JavaThread "jar transforms Thread 250" [_thread_blocked, id=2304, stack(0x0000007418400000,0x0000007418500000)]
  0x000001a11cebe000 JavaThread "jar transforms Thread 251" [_thread_blocked, id=1968, stack(0x0000007418500000,0x0000007418600000)]
  0x000001a11cec6000 JavaThread "jar transforms Thread 252" [_thread_blocked, id=1728, stack(0x0000007418600000,0x0000007418700000)]
  0x000001a11cec4800 JavaThread "jar transforms Thread 253" [_thread_blocked, id=7840, stack(0x0000007418700000,0x0000007418800000)]
  0x000001a11cec5000 JavaThread "jar transforms Thread 254" [_thread_blocked, id=5076, stack(0x0000007418800000,0x0000007418900000)]
  0x000001a11cec7000 JavaThread "jar transforms Thread 255" [_thread_blocked, id=4980, stack(0x0000007418900000,0x0000007418a00000)]
  0x000001a11cec1000 JavaThread "jar transforms Thread 256" [_thread_blocked, id=1396, stack(0x0000007418a00000,0x0000007418b00000)]
  0x000001a11cec8800 JavaThread "jar transforms Thread 257" [_thread_blocked, id=8860, stack(0x0000007418b00000,0x0000007418c00000)]
  0x000001a11cec7800 JavaThread "jar transforms Thread 258" [_thread_blocked, id=7716, stack(0x0000007418c00000,0x0000007418d00000)]
  0x000001a11cec9800 JavaThread "jar transforms Thread 259" [_thread_blocked, id=4392, stack(0x0000007418d00000,0x0000007418e00000)]
  0x000001a11c1a2000 JavaThread "jar transforms Thread 260" [_thread_blocked, id=7208, stack(0x0000007418e00000,0x0000007418f00000)]
  0x000001a11c1a1000 JavaThread "jar transforms Thread 261" [_thread_blocked, id=3408, stack(0x0000007418f00000,0x0000007419000000)]
  0x000001a11c1a5000 JavaThread "jar transforms Thread 262" [_thread_blocked, id=9192, stack(0x0000007419000000,0x0000007419100000)]
  0x000001a11c1a6000 JavaThread "jar transforms Thread 263" [_thread_blocked, id=4992, stack(0x0000007419100000,0x0000007419200000)]
  0x000001a11c1a2800 JavaThread "jar transforms Thread 264" [_thread_blocked, id=6068, stack(0x0000007419200000,0x0000007419300000)]
  0x000001a11c1a3800 JavaThread "jar transforms Thread 265" [_thread_blocked, id=3972, stack(0x0000007419300000,0x0000007419400000)]
  0x000001a11c1a4800 JavaThread "jar transforms Thread 266" [_thread_blocked, id=3052, stack(0x0000007419400000,0x0000007419500000)]
  0x000001a11c1a0800 JavaThread "jar transforms Thread 267" [_thread_blocked, id=3472, stack(0x0000007419500000,0x0000007419600000)]
  0x000001a11c1ab000 JavaThread "jar transforms Thread 268" [_thread_blocked, id=1124, stack(0x0000007419600000,0x0000007419700000)]
  0x000001a11c1ab800 JavaThread "jar transforms Thread 269" [_thread_blocked, id=4512, stack(0x0000007419700000,0x0000007419800000)]
  0x000001a11c1aa000 JavaThread "jar transforms Thread 270" [_thread_blocked, id=1772, stack(0x0000007419800000,0x0000007419900000)]
  0x000001a11c1a7000 JavaThread "jar transforms Thread 271" [_thread_blocked, id=2128, stack(0x0000007419900000,0x0000007419a00000)]
  0x000001a11c1a7800 JavaThread "jar transforms Thread 272" [_thread_blocked, id=1900, stack(0x0000007419a00000,0x0000007419b00000)]
  0x000001a11c1ae000 JavaThread "jar transforms Thread 273" [_thread_blocked, id=7976, stack(0x0000007419b00000,0x0000007419c00000)]
  0x000001a11c1a8800 JavaThread "jar transforms Thread 274" [_thread_blocked, id=9196, stack(0x0000007419c00000,0x0000007419d00000)]
  0x000001a11c1a9800 JavaThread "jar transforms Thread 275" [_thread_blocked, id=2416, stack(0x0000007419d00000,0x0000007419e00000)]
  0x000001a11c1af000 JavaThread "jar transforms Thread 276" [_thread_blocked, id=5676, stack(0x0000007419e00000,0x0000007419f00000)]
  0x000001a117a65000 JavaThread "jar transforms Thread 277" [_thread_blocked, id=7436, stack(0x0000007419f00000,0x000000741a000000)]
  0x000001a117a63000 JavaThread "jar transforms Thread 278" [_thread_blocked, id=6608, stack(0x000000741a000000,0x000000741a100000)]
  0x000001a117a64000 JavaThread "jar transforms Thread 279" [_thread_blocked, id=3104, stack(0x000000741a100000,0x000000741a200000)]
  0x000001a117a5f000 JavaThread "jar transforms Thread 280" [_thread_blocked, id=6448, stack(0x000000741a200000,0x000000741a300000)]
  0x000001a117a60000 JavaThread "jar transforms Thread 281" [_thread_blocked, id=7844, stack(0x000000741a300000,0x000000741a400000)]
  0x000001a117a65800 JavaThread "jar transforms Thread 282" [_thread_blocked, id=7940, stack(0x000000741a400000,0x000000741a500000)]
  0x000001a117a61800 JavaThread "jar transforms Thread 283" [_thread_blocked, id=704, stack(0x000000741a500000,0x000000741a600000)]
  0x000001a117a66800 JavaThread "jar transforms Thread 284" [_thread_blocked, id=3060, stack(0x000000741a600000,0x000000741a700000)]
  0x000001a117a61000 JavaThread "jar transforms Thread 285" [_thread_blocked, id=5532, stack(0x000000741a700000,0x000000741a800000)]
  0x000001a117a67800 JavaThread "jar transforms Thread 286" [_thread_blocked, id=3244, stack(0x000000741a800000,0x000000741a900000)]
  0x000001a117a62800 JavaThread "jar transforms Thread 287" [_thread_blocked, id=1784, stack(0x000000741a900000,0x000000741aa00000)]
  0x000001a117a6c000 JavaThread "jar transforms Thread 288" [_thread_blocked, id=5436, stack(0x000000741aa00000,0x000000741ab00000)]
  0x000001a117a6a800 JavaThread "jar transforms Thread 289" [_thread_blocked, id=2384, stack(0x000000741ab00000,0x000000741ac00000)]
  0x000001a117a6d000 JavaThread "jar transforms Thread 290" [_thread_blocked, id=1400, stack(0x000000741ac00000,0x000000741ad00000)]
  0x000001a117a6e000 JavaThread "jar transforms Thread 291" [_thread_blocked, id=1472, stack(0x000000741ad00000,0x000000741ae00000)]
  0x000001a117a68000 JavaThread "jar transforms Thread 292" [_thread_blocked, id=1884, stack(0x000000741ae00000,0x000000741af00000)]
  0x000001a11aa35000 JavaThread "jar transforms Thread 293" [_thread_blocked, id=4128, stack(0x000000741af00000,0x000000741b000000)]
  0x000001a11aa33800 JavaThread "jar transforms Thread 294" [_thread_blocked, id=2208, stack(0x000000741b000000,0x000000741b100000)]
  0x000001a11aa36800 JavaThread "jar transforms Thread 295" [_thread_blocked, id=1064, stack(0x000000741b100000,0x000000741b200000)]
  0x000001a11aa3a000 JavaThread "jar transforms Thread 296" [_thread_blocked, id=8008, stack(0x000000741b200000,0x000000741b300000)]
  0x000001a11aa34800 JavaThread "jar transforms Thread 297" [_thread_blocked, id=2388, stack(0x000000741b300000,0x000000741b400000)]
  0x000001a11aa3f800 JavaThread "jar transforms Thread 298" [_thread_blocked, id=2604, stack(0x000000741b400000,0x000000741b500000)]
  0x000001a11aa3f000 JavaThread "jar transforms Thread 299" [_thread_blocked, id=4072, stack(0x000000741b500000,0x000000741b600000)]
  0x000001a11aa40800 JavaThread "jar transforms Thread 300" [_thread_blocked, id=8852, stack(0x000000741b600000,0x000000741b700000)]
  0x000001a11aa42000 JavaThread "jar transforms Thread 301" [_thread_blocked, id=7480, stack(0x000000741b700000,0x000000741b800000)]
  0x000001a11aa3c800 JavaThread "jar transforms Thread 302" [_thread_blocked, id=5968, stack(0x000000741b800000,0x000000741b900000)]
  0x000001a11aa3e000 JavaThread "jar transforms Thread 303" [_thread_blocked, id=5540, stack(0x000000741b900000,0x000000741ba00000)]
  0x000001a11aa41800 JavaThread "jar transforms Thread 304" [_thread_blocked, id=3616, stack(0x000000741ba00000,0x000000741bb00000)]
  0x000001a1187e6000 JavaThread "jar transforms Thread 305" [_thread_blocked, id=5144, stack(0x000000741bb00000,0x000000741bc00000)]
  0x000001a1187ea000 JavaThread "jar transforms Thread 306" [_thread_blocked, id=8832, stack(0x000000741bc00000,0x000000741bd00000)]
  0x000001a1187eb000 JavaThread "jar transforms Thread 307" [_thread_blocked, id=3268, stack(0x000000741bd00000,0x000000741be00000)]
  0x000001a1187e5800 JavaThread "jar transforms Thread 308" [_thread_blocked, id=3264, stack(0x000000741be00000,0x000000741bf00000)]
  0x000001a1187ec000 JavaThread "jar transforms Thread 309" [_thread_blocked, id=2456, stack(0x000000741bf00000,0x000000741c000000)]
  0x000001a1187e7000 JavaThread "jar transforms Thread 310" [_thread_blocked, id=956, stack(0x000000741c000000,0x000000741c100000)]
  0x000001a11cf0b800 JavaThread "jar transforms Thread 311" [_thread_blocked, id=2432, stack(0x000000741c100000,0x000000741c200000)]
  0x000001a11cf0a800 JavaThread "jar transforms Thread 312" [_thread_blocked, id=2716, stack(0x000000741c200000,0x000000741c300000)]
  0x000001a11cf0c000 JavaThread "jar transforms Thread 313" [_thread_blocked, id=2200, stack(0x000000741c300000,0x000000741c400000)]

Other Threads:
  0x000001a115faa800 VMThread "VM Thread" [stack: 0x0000007415500000,0x0000007415600000] [id=6904]
  0x000001a116aa7000 WatcherThread [stack: 0x0000007415f00000,0x0000007416000000] [id=6580]
  0x000001a17c4d2000 GCTaskThread "GC Thread#0" [stack: 0x0000007415000000,0x0000007415100000] [id=6280]
  0x000001a11702d000 GCTaskThread "GC Thread#1" [stack: 0x0000007416200000,0x0000007416300000] [id=6612]
  0x000001a118844000 GCTaskThread "GC Thread#2" [stack: 0x0000007416f00000,0x0000007417000000] [id=8812]
=>0x000001a117e52800 GCTaskThread "GC Thread#3" [stack: 0x0000007417000000,0x0000007417100000] [id=3652]
  0x000001a17c503800 ConcurrentGCThread "G1 Main Marker" [stack: 0x0000007415100000,0x0000007415200000] [id=6556]
  0x000001a17c506000 ConcurrentGCThread "G1 Conc#0" [stack: 0x0000007415200000,0x0000007415300000] [id=6920]
  0x000001a17c56b000 ConcurrentGCThread "G1 Refine#0" [stack: 0x0000007415300000,0x0000007415400000] [id=6892]
  0x000001a11b0fb000 ConcurrentGCThread "G1 Refine#1" [stack: 0x0000007414d00000,0x0000007414e00000] [id=2032]
  0x000001a11b0fc000 ConcurrentGCThread "G1 Refine#2" [stack: 0x0000007414f00000,0x0000007415000000] [id=5576]
  0x000001a17c56c000 ConcurrentGCThread "G1 Young RemSet Sampling" [stack: 0x0000007415400000,0x0000007415500000] [id=6916]

Threads with active compile tasks:
C2 CompilerThread1 751681 14201       4       org.gradle.api.internal.attributes.DefaultAttributesSchema$MergedSchema::matchValue (138 bytes)

VM state:at safepoint (normal execution)

VM Mutex/Monitor currently owned by a thread:  ([mutex/lock_event])
[0x000001a17c4ba520] Threads_lock - owner thread: 0x000001a115faa800
[0x000001a17c4bb7b0] Heap_lock - owner thread: 0x000001a11c1aa000

Heap address: 0x0000000080000000, size: 2048 MB, Compressed Oops mode: 32-bit
Narrow klass base: 0x0000000000000000, Narrow klass shift: 3
Compressed class space size: 1073741824 Address: 0x0000000100000000

Heap:
 garbage-first heap   total 168960K, used 158503K [0x0000000080000000, 0x0000000100000000)
  region size 1024K, 22 young (22528K), 2 survivors (2048K)
 Metaspace       used 107799K, capacity 110704K, committed 111180K, reserved 1144832K
  class space    used 13920K, capacity 14971K, committed 15180K, reserved 1048576K
Heap Regions: E=young(eden), S=young(survivor), O=old, HS=humongous(starts), HC=humongous(continues), CS=collection set, F=free, A=archive, TAMS=top-at-mark-start (previous, next)
|   0|0x0000000080000000, 0x0000000080100000, 0x0000000080100000|100%| O|  |TAMS 0x0000000080100000, 0x0000000080000000| Complete 
|   1|0x0000000080100000, 0x0000000080200000, 0x0000000080200000|100%| O|  |TAMS 0x0000000080200000, 0x0000000080100000| Untracked 
|   2|0x0000000080200000, 0x0000000080300000, 0x0000000080300000|100%| O|  |TAMS 0x0000000080300000, 0x0000000080200000| Complete 
|   3|0x0000000080300000, 0x0000000080400000, 0x0000000080400000|100%|HS|  |TAMS 0x0000000080400000, 0x0000000080300000| Complete 
|   4|0x0000000080400000, 0x0000000080500000, 0x0000000080500000|100%|HC|  |TAMS 0x0000000080500000, 0x0000000080400000| Complete 
|   5|0x0000000080500000, 0x0000000080600000, 0x0000000080600000|100%|HC|  |TAMS 0x0000000080600000, 0x0000000080500000| Complete 
|   6|0x0000000080600000, 0x0000000080700000, 0x0000000080700000|100%| O|  |TAMS 0x0000000080700000, 0x0000000080600000| Untracked 
|   7|0x0000000080700000, 0x0000000080800000, 0x0000000080800000|100%| O|  |TAMS 0x0000000080800000, 0x0000000080700000| Untracked 
|   8|0x0000000080800000, 0x0000000080900000, 0x0000000080900000|100%| O|  |TAMS 0x0000000080900000, 0x0000000080800000| Untracked 
|   9|0x0000000080900000, 0x0000000080a00000, 0x0000000080a00000|100%| O|  |TAMS 0x0000000080a00000, 0x0000000080900000| Untracked 
|  10|0x0000000080a00000, 0x0000000080b00000, 0x0000000080b00000|100%| O|  |TAMS 0x0000000080b00000, 0x0000000080a00000| Untracked 
|  11|0x0000000080b00000, 0x0000000080c00000, 0x0000000080c00000|100%| O|  |TAMS 0x0000000080c00000, 0x0000000080b00000| Untracked 
|  12|0x0000000080c00000, 0x0000000080d00000, 0x0000000080d00000|100%| O|  |TAMS 0x0000000080d00000, 0x0000000080c00000| Untracked 
|  13|0x0000000080d00000, 0x0000000080e00000, 0x0000000080e00000|100%| O|  |TAMS 0x0000000080e00000, 0x0000000080d00000| Untracked 
|  14|0x0000000080e00000, 0x0000000080f00000, 0x0000000080f00000|100%| O|  |TAMS 0x0000000080f00000, 0x0000000080e00000| Untracked 
|  15|0x0000000080f00000, 0x0000000081000000, 0x0000000081000000|100%| O|  |TAMS 0x0000000081000000, 0x0000000080f00000| Untracked 
|  16|0x0000000081000000, 0x0000000081100000, 0x0000000081100000|100%|HS|  |TAMS 0x0000000081100000, 0x0000000081000000| Complete 
|  17|0x0000000081100000, 0x0000000081200000, 0x0000000081200000|100%|HC|  |TAMS 0x0000000081200000, 0x0000000081100000| Complete 
|  18|0x0000000081200000, 0x0000000081300000, 0x0000000081300000|100%|HS|  |TAMS 0x0000000081300000, 0x0000000081200000| Complete 
|  19|0x0000000081300000, 0x0000000081400000, 0x0000000081400000|100%|HC|  |TAMS 0x0000000081400000, 0x0000000081300000| Complete 
|  20|0x0000000081400000, 0x0000000081500000, 0x0000000081500000|100%|HC|  |TAMS 0x0000000081500000, 0x0000000081400000| Complete 
|  21|0x0000000081500000, 0x0000000081600000, 0x0000000081600000|100%| O|  |TAMS 0x0000000081600000, 0x0000000081500000| Untracked 
|  22|0x0000000081600000, 0x0000000081700000, 0x0000000081700000|100%| O|  |TAMS 0x0000000081700000, 0x0000000081600000| Complete 
|  23|0x0000000081700000, 0x0000000081800000, 0x0000000081800000|100%| O|  |TAMS 0x0000000081800000, 0x0000000081700000| Untracked 
|  24|0x0000000081800000, 0x0000000081900000, 0x0000000081900000|100%| O|  |TAMS 0x0000000081900000, 0x0000000081800000| Complete 
|  25|0x0000000081900000, 0x0000000081a00000, 0x0000000081a00000|100%|HS|  |TAMS 0x0000000081a00000, 0x0000000081900000| Complete 
|  26|0x0000000081a00000, 0x0000000081b00000, 0x0000000081b00000|100%|HS|  |TAMS 0x0000000081b00000, 0x0000000081a00000| Complete 
|  27|0x0000000081b00000, 0x0000000081c00000, 0x0000000081c00000|100%| O|  |TAMS 0x0000000081c00000, 0x0000000081b00000| Untracked 
|  28|0x0000000081c00000, 0x0000000081d00000, 0x0000000081d00000|100%| O|  |TAMS 0x0000000081d00000, 0x0000000081c00000| Untracked 
|  29|0x0000000081d00000, 0x0000000081e00000, 0x0000000081e00000|100%| O|  |TAMS 0x0000000081e00000, 0x0000000081d00000| Complete 
|  30|0x0000000081e00000, 0x0000000081f00000, 0x0000000081f00000|100%|HS|  |TAMS 0x0000000081f00000, 0x0000000081e00000| Complete 
|  31|0x0000000081f00000, 0x0000000082000000, 0x0000000082000000|100%|HC|  |TAMS 0x0000000082000000, 0x0000000081f00000| Complete 
|  32|0x0000000082000000, 0x0000000082100000, 0x0000000082100000|100%|HC|  |TAMS 0x0000000082100000, 0x0000000082000000| Complete 
|  33|0x0000000082100000, 0x0000000082200000, 0x0000000082200000|100%|HS|  |TAMS 0x0000000082200000, 0x0000000082100000| Complete 
|  34|0x0000000082200000, 0x0000000082300000, 0x0000000082300000|100%|HC|  |TAMS 0x0000000082300000, 0x0000000082200000| Complete 
|  35|0x0000000082300000, 0x0000000082400000, 0x0000000082400000|100%| O|  |TAMS 0x0000000082400000, 0x0000000082300000| Complete 
|  36|0x0000000082400000, 0x0000000082500000, 0x0000000082500000|100%| O|  |TAMS 0x0000000082500000, 0x0000000082400000| Complete 
|  37|0x0000000082500000, 0x0000000082600000, 0x0000000082600000|100%| O|  |TAMS 0x0000000082600000, 0x0000000082500000| Complete 
|  38|0x0000000082600000, 0x0000000082700000, 0x0000000082700000|100%| O|  |TAMS 0x0000000082700000, 0x0000000082600000| Complete 
|  39|0x0000000082700000, 0x0000000082800000, 0x0000000082800000|100%| O|  |TAMS 0x0000000082800000, 0x0000000082700000| Untracked 
|  40|0x0000000082800000, 0x0000000082900000, 0x0000000082900000|100%| O|  |TAMS 0x0000000082900000, 0x0000000082800000| Complete 
|  41|0x0000000082900000, 0x0000000082a00000, 0x0000000082a00000|100%| O|  |TAMS 0x0000000082a00000, 0x0000000082900000| Complete 
|  42|0x0000000082a00000, 0x0000000082b00000, 0x0000000082b00000|100%| O|  |TAMS 0x0000000082b00000, 0x0000000082a00000| Untracked 
|  43|0x0000000082b00000, 0x0000000082c00000, 0x0000000082c00000|100%| O|  |TAMS 0x0000000082c00000, 0x0000000082b00000| Complete 
|  44|0x0000000082c00000, 0x0000000082d00000, 0x0000000082d00000|100%| O|  |TAMS 0x0000000082d00000, 0x0000000082c00000| Untracked 
|  45|0x0000000082d00000, 0x0000000082e00000, 0x0000000082e00000|100%| O|  |TAMS 0x0000000082e00000, 0x0000000082d00000| Untracked 
|  46|0x0000000082e00000, 0x0000000082f00000, 0x0000000082f00000|100%| O|  |TAMS 0x0000000082f00000, 0x0000000082e00000| Untracked 
|  47|0x0000000082f00000, 0x0000000083000000, 0x0000000083000000|100%| O|  |TAMS 0x0000000083000000, 0x0000000082f00000| Untracked 
|  48|0x0000000083000000, 0x0000000083100000, 0x0000000083100000|100%| O|  |TAMS 0x0000000083100000, 0x0000000083000000| Complete 
|  49|0x0000000083100000, 0x0000000083200000, 0x0000000083200000|100%| O|  |TAMS 0x0000000083200000, 0x0000000083100000| Complete 
|  50|0x0000000083200000, 0x0000000083300000, 0x0000000083300000|100%| O|  |TAMS 0x0000000083300000, 0x0000000083200000| Untracked 
|  51|0x0000000083300000, 0x0000000083400000, 0x0000000083400000|100%| O|  |TAMS 0x0000000083400000, 0x0000000083300000| Complete 
|  52|0x0000000083400000, 0x0000000083500000, 0x0000000083500000|100%| O|  |TAMS 0x0000000083500000, 0x0000000083400000| Untracked 
|  53|0x0000000083500000, 0x0000000083600000, 0x0000000083600000|100%| O|  |TAMS 0x0000000083600000, 0x0000000083500000| Untracked 
|  54|0x0000000083600000, 0x0000000083700000, 0x0000000083700000|100%| O|  |TAMS 0x0000000083700000, 0x0000000083600000| Untracked 
|  55|0x0000000083700000, 0x0000000083800000, 0x0000000083800000|100%| O|  |TAMS 0x0000000083800000, 0x0000000083700000| Complete 
|  56|0x0000000083800000, 0x0000000083900000, 0x0000000083900000|100%| O|  |TAMS 0x0000000083900000, 0x0000000083800000| Untracked 
|  57|0x0000000083900000, 0x0000000083a00000, 0x0000000083a00000|100%| O|  |TAMS 0x0000000083a00000, 0x0000000083900000| Untracked 
|  58|0x0000000083a00000, 0x0000000083b00000, 0x0000000083b00000|100%| O|  |TAMS 0x0000000083b00000, 0x0000000083a00000| Untracked 
|  59|0x0000000083b00000, 0x0000000083c00000, 0x0000000083c00000|100%| O|  |TAMS 0x0000000083c00000, 0x0000000083b00000| Untracked 
|  60|0x0000000083c00000, 0x0000000083d00000, 0x0000000083d00000|100%| O|  |TAMS 0x0000000083d00000, 0x0000000083c00000| Complete 
|  61|0x0000000083d00000, 0x0000000083e00000, 0x0000000083e00000|100%| O|  |TAMS 0x0000000083e00000, 0x0000000083d00000| Untracked 
|  62|0x0000000083e00000, 0x0000000083f00000, 0x0000000083f00000|100%| O|  |TAMS 0x0000000083f00000, 0x0000000083e00000| Complete 
|  63|0x0000000083f00000, 0x0000000084000000, 0x0000000084000000|100%| O|  |TAMS 0x0000000084000000, 0x0000000083f00000| Complete 
|  64|0x0000000084000000, 0x0000000084100000, 0x0000000084100000|100%| O|  |TAMS 0x0000000084100000, 0x0000000084000000| Untracked 
|  65|0x0000000084100000, 0x0000000084200000, 0x0000000084200000|100%| O|  |TAMS 0x0000000084200000, 0x0000000084100000| Untracked 
|  66|0x0000000084200000, 0x0000000084300000, 0x0000000084300000|100%| O|  |TAMS 0x0000000084300000, 0x0000000084200000| Untracked 
|  67|0x0000000084300000, 0x0000000084400000, 0x0000000084400000|100%| O|  |TAMS 0x0000000084400000, 0x0000000084300000| Complete 
|  68|0x0000000084400000, 0x0000000084500000, 0x0000000084500000|100%| O|  |TAMS 0x0000000084500000, 0x0000000084400000| Untracked 
|  69|0x0000000084500000, 0x0000000084600000, 0x0000000084600000|100%| O|  |TAMS 0x0000000084600000, 0x0000000084500000| Untracked 
|  70|0x0000000084600000, 0x0000000084700000, 0x0000000084700000|100%| O|  |TAMS 0x0000000084700000, 0x0000000084600000| Untracked 
|  71|0x0000000084700000, 0x0000000084800000, 0x0000000084800000|100%| O|  |TAMS 0x0000000084800000, 0x0000000084700000| Untracked 
|  72|0x0000000084800000, 0x0000000084900000, 0x0000000084900000|100%| O|  |TAMS 0x0000000084900000, 0x0000000084800000| Complete 
|  73|0x0000000084900000, 0x0000000084a00000, 0x0000000084a00000|100%| O|  |TAMS 0x0000000084a00000, 0x0000000084900000| Complete 
|  74|0x0000000084a00000, 0x0000000084b00000, 0x0000000084b00000|100%| O|  |TAMS 0x0000000084b00000, 0x0000000084a00000| Untracked 
|  75|0x0000000084b00000, 0x0000000084c00000, 0x0000000084c00000|100%| O|  |TAMS 0x0000000084c00000, 0x0000000084b00000| Complete 
|  76|0x0000000084c00000, 0x0000000084d00000, 0x0000000084d00000|100%| O|  |TAMS 0x0000000084d00000, 0x0000000084c00000| Untracked 
|  77|0x0000000084d00000, 0x0000000084e00000, 0x0000000084e00000|100%| O|  |TAMS 0x0000000084e00000, 0x0000000084d00000| Untracked 
|  78|0x0000000084e00000, 0x0000000084f00000, 0x0000000084f00000|100%| O|  |TAMS 0x0000000084f00000, 0x0000000084e00000| Untracked 
|  79|0x0000000084f00000, 0x0000000085000000, 0x0000000085000000|100%| O|  |TAMS 0x0000000085000000, 0x0000000084f00000| Untracked 
|  80|0x0000000085000000, 0x0000000085100000, 0x0000000085100000|100%| O|  |TAMS 0x0000000085100000, 0x0000000085000000| Untracked 
|  81|0x0000000085100000, 0x0000000085200000, 0x0000000085200000|100%| O|  |TAMS 0x0000000085200000, 0x0000000085100000| Complete 
|  82|0x0000000085200000, 0x0000000085300000, 0x0000000085300000|100%| O|  |TAMS 0x0000000085300000, 0x0000000085200000| Untracked 
|  83|0x0000000085300000, 0x0000000085400000, 0x0000000085400000|100%| O|  |TAMS 0x0000000085400000, 0x0000000085300000| Complete 
|  84|0x0000000085400000, 0x00000000854cba00, 0x0000000085500000| 79%| O|  |TAMS 0x00000000854cba00, 0x0000000085400000| Untracked 
|  85|0x0000000085500000, 0x0000000085600000, 0x0000000085600000|100%|HS|  |TAMS 0x0000000085500000, 0x0000000085500000| Complete 
|  86|0x0000000085600000, 0x0000000085700000, 0x0000000085700000|100%| O|  |TAMS 0x0000000085700000, 0x0000000085600000| Complete 
|  87|0x0000000085700000, 0x0000000085800000, 0x0000000085800000|100%| O|  |TAMS 0x0000000085800000, 0x0000000085700000| Untracked 
|  88|0x0000000085800000, 0x0000000085900000, 0x0000000085900000|100%| O|  |TAMS 0x0000000085900000, 0x0000000085800000| Complete 
|  89|0x0000000085900000, 0x0000000085a00000, 0x0000000085a00000|100%| O|  |TAMS 0x0000000085a00000, 0x0000000085900000| Complete 
|  90|0x0000000085a00000, 0x0000000085b00000, 0x0000000085b00000|100%| O|  |TAMS 0x0000000085b00000, 0x0000000085a00000| Complete 
|  91|0x0000000085b00000, 0x0000000085c00000, 0x0000000085c00000|100%| O|  |TAMS 0x0000000085c00000, 0x0000000085b00000| Untracked 
|  92|0x0000000085c00000, 0x0000000085d00000, 0x0000000085d00000|100%| O|  |TAMS 0x0000000085d00000, 0x0000000085c00000| Untracked 
|  93|0x0000000085d00000, 0x0000000085d00000, 0x0000000085e00000|  0%| F|  |TAMS 0x0000000085d00000, 0x0000000085d00000| Untracked 
|  94|0x0000000085e00000, 0x0000000085f00000, 0x0000000085f00000|100%| O|  |TAMS 0x0000000085f00000, 0x0000000085e00000| Complete 
|  95|0x0000000085f00000, 0x0000000086000000, 0x0000000086000000|100%| O|  |TAMS 0x0000000086000000, 0x0000000085f00000| Complete 
|  96|0x0000000086000000, 0x0000000086100000, 0x0000000086100000|100%| O|  |TAMS 0x0000000086100000, 0x0000000086000000| Complete 
|  97|0x0000000086100000, 0x0000000086200000, 0x0000000086200000|100%| O|  |TAMS 0x0000000086200000, 0x0000000086100000| Complete 
|  98|0x0000000086200000, 0x0000000086300000, 0x0000000086300000|100%| O|  |TAMS 0x0000000086300000, 0x0000000086200000| Untracked 
|  99|0x0000000086300000, 0x0000000086400000, 0x0000000086400000|100%| O|  |TAMS 0x0000000086400000, 0x0000000086300000| Untracked 
| 100|0x0000000086400000, 0x0000000086500000, 0x0000000086500000|100%| O|  |TAMS 0x0000000086500000, 0x0000000086400000| Untracked 
| 101|0x0000000086500000, 0x0000000086600000, 0x0000000086600000|100%| O|  |TAMS 0x0000000086600000, 0x0000000086500000| Untracked 
| 102|0x0000000086600000, 0x0000000086700000, 0x0000000086700000|100%| O|  |TAMS 0x0000000086700000, 0x0000000086600000| Untracked 
| 103|0x0000000086700000, 0x0000000086800000, 0x0000000086800000|100%| O|  |TAMS 0x0000000086800000, 0x0000000086700000| Untracked 
| 104|0x0000000086800000, 0x0000000086900000, 0x0000000086900000|100%| O|  |TAMS 0x0000000086900000, 0x0000000086800000| Untracked 
| 105|0x0000000086900000, 0x0000000086a00000, 0x0000000086a00000|100%| O|  |TAMS 0x0000000086a00000, 0x0000000086900000| Untracked 
| 106|0x0000000086a00000, 0x0000000086b00000, 0x0000000086b00000|100%|HS|  |TAMS 0x0000000086a00000, 0x0000000086a00000| Complete 
| 107|0x0000000086b00000, 0x0000000086c00000, 0x0000000086c00000|100%|HC|  |TAMS 0x0000000086b00000, 0x0000000086b00000| Complete 
| 108|0x0000000086c00000, 0x0000000086d00000, 0x0000000086d00000|100%|HS|  |TAMS 0x0000000086c00000, 0x0000000086c00000| Complete 
| 109|0x0000000086d00000, 0x0000000086e00000, 0x0000000086e00000|100%|HC|  |TAMS 0x0000000086d00000, 0x0000000086d00000| Complete 
| 110|0x0000000086e00000, 0x0000000086f00000, 0x0000000086f00000|100%| O|  |TAMS 0x0000000086f00000, 0x0000000086e00000| Complete 
| 111|0x0000000086f00000, 0x0000000087000000, 0x0000000087000000|100%| O|  |TAMS 0x0000000087000000, 0x0000000086f00000| Complete 
| 112|0x0000000087000000, 0x0000000087100000, 0x0000000087100000|100%| O|  |TAMS 0x0000000087100000, 0x0000000087000000| Untracked 
| 113|0x0000000087100000, 0x0000000087200000, 0x0000000087200000|100%| O|  |TAMS 0x0000000087200000, 0x0000000087100000| Complete 
| 114|0x0000000087200000, 0x0000000087300000, 0x0000000087300000|100%| O|  |TAMS 0x0000000087300000, 0x0000000087200000| Untracked 
| 115|0x0000000087300000, 0x0000000087400000, 0x0000000087400000|100%| O|  |TAMS 0x0000000087400000, 0x0000000087300000| Untracked 
| 116|0x0000000087400000, 0x0000000087500000, 0x0000000087500000|100%| O|  |TAMS 0x0000000087500000, 0x0000000087400000| Untracked 
| 117|0x0000000087500000, 0x0000000087600000, 0x0000000087600000|100%| O|  |TAMS 0x0000000087600000, 0x0000000087500000| Untracked 
| 118|0x0000000087600000, 0x0000000087700000, 0x0000000087700000|100%| O|  |TAMS 0x0000000087700000, 0x0000000087600000| Untracked 
| 119|0x0000000087700000, 0x0000000087800000, 0x0000000087800000|100%| O|  |TAMS 0x0000000087800000, 0x0000000087700000| Untracked 
| 120|0x0000000087800000, 0x0000000087900000, 0x0000000087900000|100%| O|  |TAMS 0x0000000087900000, 0x0000000087800000| Complete 
| 121|0x0000000087900000, 0x0000000087a00000, 0x0000000087a00000|100%|HS|  |TAMS 0x0000000087900000, 0x0000000087900000| Complete 
| 122|0x0000000087a00000, 0x0000000087b00000, 0x0000000087b00000|100%|HC|  |TAMS 0x0000000087a00000, 0x0000000087a00000| Complete 
| 123|0x0000000087b00000, 0x0000000087c00000, 0x0000000087c00000|100%|HS|  |TAMS 0x0000000087b00000, 0x0000000087b00000| Complete 
| 124|0x0000000087c00000, 0x0000000087d00000, 0x0000000087d00000|100%|HC|  |TAMS 0x0000000087c00000, 0x0000000087c00000| Complete 
| 125|0x0000000087d00000, 0x0000000087e00000, 0x0000000087e00000|100%|HS|  |TAMS 0x0000000087d00000, 0x0000000087d00000| Complete 
| 126|0x0000000087e00000, 0x0000000087f00000, 0x0000000087f00000|100%|HC|  |TAMS 0x0000000087e00000, 0x0000000087e00000| Complete 
| 127|0x0000000087f00000, 0x0000000088000000, 0x0000000088000000|100%|HS|  |TAMS 0x0000000087f00000, 0x0000000087f00000| Complete 
| 128|0x0000000088000000, 0x0000000088100000, 0x0000000088100000|100%|HC|  |TAMS 0x0000000088000000, 0x0000000088000000| Complete 
| 129|0x0000000088100000, 0x0000000088200000, 0x0000000088200000|100%|HS|  |TAMS 0x0000000088100000, 0x0000000088100000| Complete 
| 130|0x0000000088200000, 0x0000000088300000, 0x0000000088300000|100%|HC|  |TAMS 0x0000000088200000, 0x0000000088200000| Complete 
| 131|0x0000000088300000, 0x0000000088400000, 0x0000000088400000|100%|HS|  |TAMS 0x0000000088300000, 0x0000000088300000| Complete 
| 132|0x0000000088400000, 0x0000000088500000, 0x0000000088500000|100%|HC|  |TAMS 0x0000000088400000, 0x0000000088400000| Complete 
| 133|0x0000000088500000, 0x0000000088600000, 0x0000000088600000|100%|HS|  |TAMS 0x0000000088500000, 0x0000000088500000| Complete 
| 134|0x0000000088600000, 0x0000000088700000, 0x0000000088700000|100%|HC|  |TAMS 0x0000000088600000, 0x0000000088600000| Complete 
| 135|0x0000000088700000, 0x0000000088700000, 0x0000000088800000|  0%| F|  |TAMS 0x0000000088700000, 0x0000000088700000| Untracked 
| 136|0x0000000088800000, 0x0000000088800000, 0x0000000088900000|  0%| F|  |TAMS 0x0000000088800000, 0x0000000088800000| Untracked 
| 137|0x0000000088900000, 0x0000000088900000, 0x0000000088a00000|  0%| F|  |TAMS 0x0000000088900000, 0x0000000088900000| Untracked 
| 138|0x0000000088a00000, 0x0000000088a00000, 0x0000000088b00000|  0%| F|  |TAMS 0x0000000088a00000, 0x0000000088a00000| Untracked 
| 139|0x0000000088b00000, 0x0000000088b00000, 0x0000000088c00000|  0%| F|  |TAMS 0x0000000088b00000, 0x0000000088b00000| Untracked 
| 140|0x0000000088c00000, 0x0000000088c00000, 0x0000000088d00000|  0%| F|  |TAMS 0x0000000088c00000, 0x0000000088c00000| Untracked 
| 141|0x0000000088d00000, 0x0000000088d00000, 0x0000000088e00000|  0%| F|  |TAMS 0x0000000088d00000, 0x0000000088d00000| Untracked 
| 142|0x0000000088e00000, 0x0000000088eb82a8, 0x0000000088f00000| 71%| S|  |TAMS 0x0000000088e00000, 0x0000000088e00000| Complete 
| 143|0x0000000088f00000, 0x0000000089000000, 0x0000000089000000|100%| S|  |TAMS 0x0000000088f00000, 0x0000000088f00000| Complete 
| 144|0x0000000089000000, 0x0000000089100000, 0x0000000089100000|100%| E|CS|TAMS 0x0000000089000000, 0x0000000089000000| Complete 
| 145|0x0000000089100000, 0x0000000089200000, 0x0000000089200000|100%| E|CS|TAMS 0x0000000089100000, 0x0000000089100000| Complete 
| 146|0x0000000089200000, 0x0000000089300000, 0x0000000089300000|100%| E|CS|TAMS 0x0000000089200000, 0x0000000089200000| Complete 
| 147|0x0000000089300000, 0x0000000089400000, 0x0000000089400000|100%| E|CS|TAMS 0x0000000089300000, 0x0000000089300000| Complete 
| 148|0x0000000089400000, 0x0000000089500000, 0x0000000089500000|100%| E|CS|TAMS 0x0000000089400000, 0x0000000089400000| Complete 
| 149|0x0000000089500000, 0x0000000089600000, 0x0000000089600000|100%| E|CS|TAMS 0x0000000089500000, 0x0000000089500000| Complete 
| 150|0x0000000089600000, 0x0000000089700000, 0x0000000089700000|100%| E|CS|TAMS 0x0000000089600000, 0x0000000089600000| Complete 
| 151|0x0000000089700000, 0x00000000897fe3a0, 0x0000000089800000| 99%| E|CS|TAMS 0x0000000089700000, 0x0000000089700000| Complete 
| 152|0x0000000089800000, 0x0000000089900000, 0x0000000089900000|100%| E|CS|TAMS 0x0000000089800000, 0x0000000089800000| Complete 
| 153|0x0000000089900000, 0x0000000089a00000, 0x0000000089a00000|100%| E|CS|TAMS 0x0000000089900000, 0x0000000089900000| Complete 
| 154|0x0000000089a00000, 0x0000000089b00000, 0x0000000089b00000|100%| E|CS|TAMS 0x0000000089a00000, 0x0000000089a00000| Complete 
| 155|0x0000000089b00000, 0x0000000089c00000, 0x0000000089c00000|100%| E|CS|TAMS 0x0000000089b00000, 0x0000000089b00000| Complete 
| 156|0x0000000089c00000, 0x0000000089d00000, 0x0000000089d00000|100%| E|CS|TAMS 0x0000000089c00000, 0x0000000089c00000| Complete 
| 157|0x0000000089d00000, 0x0000000089e00000, 0x0000000089e00000|100%| E|CS|TAMS 0x0000000089d00000, 0x0000000089d00000| Complete 
| 158|0x0000000089e00000, 0x0000000089f00000, 0x0000000089f00000|100%| E|CS|TAMS 0x0000000089e00000, 0x0000000089e00000| Complete 
| 159|0x0000000089f00000, 0x000000008a000000, 0x000000008a000000|100%| E|CS|TAMS 0x0000000089f00000, 0x0000000089f00000| Complete 
| 160|0x000000008a000000, 0x000000008a100000, 0x000000008a100000|100%| E|CS|TAMS 0x000000008a000000, 0x000000008a000000| Complete 
| 161|0x000000008a100000, 0x000000008a200000, 0x000000008a200000|100%| E|CS|TAMS 0x000000008a100000, 0x000000008a100000| Complete 
| 162|0x000000008a200000, 0x000000008a300000, 0x000000008a300000|100%| E|CS|TAMS 0x000000008a200000, 0x000000008a200000| Complete 
| 163|0x000000008a300000, 0x000000008a3ffff8, 0x000000008a400000| 99%| E|CS|TAMS 0x000000008a300000, 0x000000008a300000| Complete 
| 164|0x000000008a400000, 0x000000008a500000, 0x000000008a500000|100%| E|CS|TAMS 0x000000008a400000, 0x000000008a400000| Complete 

Card table byte_map: [0x000001a10f400000,0x000001a10f800000] _byte_map_base: 0x000001a10f000000

Marking Bits (Prev, Next): (CMBitMap*) 0x000001a17c4faa10, (CMBitMap*) 0x000001a17c4fa9d8
 Prev Bits: [0x000001a111c00000, 0x000001a113c00000)
 Next Bits: [0x000001a10fc00000, 0x000001a111c00000)

Polling page: 0x000001a17a490000

Metaspace:

Usage:
  Non-class:     93.49 MB capacity,    91.68 MB ( 98%) used,     1.50 MB (  2%) free+waste,   319.13 KB ( <1%) overhead. 
      Class:     14.62 MB capacity,    13.59 MB ( 93%) used,   904.79 KB (  6%) free+waste,   146.13 KB ( <1%) overhead. 
       Both:    108.11 MB capacity,   105.27 MB ( 97%) used,     2.38 MB (  2%) free+waste,   465.25 KB ( <1%) overhead. 

Virtual space:
  Non-class space:       94.00 MB reserved,      93.75 MB (>99%) committed 
      Class space:        1.00 GB reserved,      14.82 MB (  1%) committed 
             Both:        1.09 GB reserved,     108.57 MB ( 10%) committed 

Chunk freelists:
   Non-Class:  139.00 KB
       Class:  101.00 KB
        Both:  240.00 KB

MaxMetaspaceSize: 17179869184.00 GB
CompressedClassSpaceSize: 1.00 GB

CodeHeap 'non-profiled nmethods': size=120064Kb used=8429Kb max_used=8614Kb free=111634Kb
 bounds [0x000001a107ac0000, 0x000001a108350000, 0x000001a10f000000]
CodeHeap 'profiled nmethods': size=120000Kb used=27948Kb max_used=28918Kb free=92051Kb
 bounds [0x000001a100590000, 0x000001a1021e0000, 0x000001a107ac0000]
CodeHeap 'non-nmethods': size=5696Kb used=2315Kb max_used=2365Kb free=3380Kb
 bounds [0x000001a100000000, 0x000001a100270000, 0x000001a100590000]
 total_blobs=14024 nmethods=13078 adapters=856
 compilation: enabled
              stopped_count=0, restarted_count=0
 full_count=0

Compilation events (20 events):
Event: 751.597 Thread 0x000001a115fd2800 nmethod 14200 0x000001a107c61c90 code [0x000001a107c61e40, 0x000001a107c62158]
Event: 751.598 Thread 0x000001a115fda000 nmethod 14281% 0x000001a100f0ba10 code [0x000001a100f0be60, 0x000001a100f0e188]
Event: 751.599 Thread 0x000001a115fda000 14282       3       java.util.concurrent.SynchronousQueue::put (38 bytes)
Event: 751.599 Thread 0x000001a115fda000 nmethod 14282 0x000001a100a17510 code [0x000001a100a17720, 0x000001a100a17b78]
Event: 751.601 Thread 0x000001a115fda000 14283       3       org.gradle.internal.classpath.InstrumentingClasspathFileTransformer::transform (142 bytes)
Event: 751.603 Thread 0x000001a115fd2800 14286       4       java.util.Optional::filter (35 bytes)
Event: 751.604 Thread 0x000001a115fda000 nmethod 14283 0x000001a100f1ef10 code [0x000001a100f1f4c0, 0x000001a100f221e8]
Event: 751.604 Thread 0x000001a115fda000 14284       3       org.gradle.internal.snapshot.SnapshotHierarchy$NodeDiffListener$1::nodeAdded (1 bytes)
Event: 751.604 Thread 0x000001a115fda000 nmethod 14284 0x000001a100736910 code [0x000001a100736ac0, 0x000001a100736bb8]
Event: 751.604 Thread 0x000001a115fda000 14285       3       org.gradle.internal.snapshot.VfsRelativePath::getAsString (12 bytes)
Event: 751.604 Thread 0x000001a115fda000 nmethod 14285 0x000001a1008d7210 code [0x000001a1008d73c0, 0x000001a1008d7508]
Event: 751.605 Thread 0x000001a115fd2800 nmethod 14286 0x000001a107c61790 code [0x000001a107c61940, 0x000001a107c61af8]
Event: 751.605 Thread 0x000001a115fda000 14287       3       org.gradle.internal.snapshot.VfsRelativePath::lengthOfCommonPrefix (173 bytes)
Event: 751.608 Thread 0x000001a115fda000 nmethod 14287 0x000001a100d96b90 code [0x000001a100d96fc0, 0x000001a100d99188]
Event: 751.617 Thread 0x000001a115fda000 14288       3       org.gradle.internal.snapshot.SearchUtil::binarySearch (160 bytes)
Event: 751.617 Thread 0x000001a115fda000 nmethod 14288 0x000001a100a23110 code [0x000001a100a23340, 0x000001a100a23ac8]
Event: 751.619 Thread 0x000001a115fda000 14289       3       java.security.AccessControlContext::optimize (318 bytes)
Event: 751.620 Thread 0x000001a115fda000 nmethod 14289 0x000001a100a27210 code [0x000001a100a27580, 0x000001a100a28af8]
Event: 751.623 Thread 0x000001a115fd2800 14290       4       java.security.AccessControlContext::combine (205 bytes)
Event: 751.637 Thread 0x000001a115fd2800 nmethod 14290 0x000001a107c60a10 code [0x000001a107c60bc0, 0x000001a107c61398]

GC Heap History (20 events):
Event: 599.364 GC heap after
{Heap after GC invocations=39 (full 0):
 garbage-first heap   total 168960K, used 112043K [0x0000000080000000, 0x0000000100000000)
  region size 1024K, 4 young (4096K), 4 survivors (4096K)
 Metaspace       used 94122K, capacity 96533K, committed 96844K, reserved 1132544K
  class space    used 11995K, capacity 12803K, committed 12876K, reserved 1048576K
}
Event: 599.389 GC heap before
{Heap before GC invocations=39 (full 0):
 garbage-first heap   total 168960K, used 115115K [0x0000000080000000, 0x0000000100000000)
  region size 1024K, 8 young (8192K), 4 survivors (4096K)
 Metaspace       used 94122K, capacity 96533K, committed 96844K, reserved 1132544K
  class space    used 11995K, capacity 12803K, committed 12876K, reserved 1048576K
}
Event: 599.399 GC heap after
{Heap after GC invocations=40 (full 0):
 garbage-first heap   total 168960K, used 111273K [0x0000000080000000, 0x0000000100000000)
  region size 1024K, 1 young (1024K), 1 survivors (1024K)
 Metaspace       used 94122K, capacity 96533K, committed 96844K, reserved 1132544K
  class space    used 11995K, capacity 12803K, committed 12876K, reserved 1048576K
}
Event: 599.693 GC heap before
{Heap before GC invocations=40 (full 0):
 garbage-first heap   total 168960K, used 137897K [0x0000000080000000, 0x0000000100000000)
  region size 1024K, 28 young (28672K), 1 survivors (1024K)
 Metaspace       used 94140K, capacity 96534K, committed 96844K, reserved 1132544K
  class space    used 11996K, capacity 12803K, committed 12876K, reserved 1048576K
}
Event: 599.698 GC heap after
{Heap after GC invocations=41 (full 0):
 garbage-first heap   total 168960K, used 113368K [0x0000000080000000, 0x0000000100000000)
  region size 1024K, 3 young (3072K), 3 survivors (3072K)
 Metaspace       used 94140K, capacity 96534K, committed 96844K, reserved 1132544K
  class space    used 11996K, capacity 12803K, committed 12876K, reserved 1048576K
}
Event: 599.927 GC heap before
{Heap before GC invocations=41 (full 0):
 garbage-first heap   total 168960K, used 139992K [0x0000000080000000, 0x0000000100000000)
  region size 1024K, 30 young (30720K), 3 survivors (3072K)
 Metaspace       used 94153K, capacity 96534K, committed 96844K, reserved 1132544K
  class space    used 11997K, capacity 12803K, committed 12876K, reserved 1048576K
}
Event: 599.933 GC heap after
{Heap after GC invocations=42 (full 0):
 garbage-first heap   total 168960K, used 114872K [0x0000000080000000, 0x0000000100000000)
  region size 1024K, 2 young (2048K), 2 survivors (2048K)
 Metaspace       used 94153K, capacity 96534K, committed 96844K, reserved 1132544K
  class space    used 11997K, capacity 12803K, committed 12876K, reserved 1048576K
}
Event: 600.402 GC heap before
{Heap before GC invocations=42 (full 0):
 garbage-first heap   total 168960K, used 140472K [0x0000000080000000, 0x0000000100000000)
  region size 1024K, 28 young (28672K), 2 survivors (2048K)
 Metaspace       used 97379K, capacity 99890K, committed 100172K, reserved 1136640K
  class space    used 12464K, capacity 13316K, committed 13388K, reserved 1048576K
}
Event: 600.411 GC heap after
{Heap after GC invocations=43 (full 0):
 garbage-first heap   total 168960K, used 116368K [0x0000000080000000, 0x0000000100000000)
  region size 1024K, 4 young (4096K), 4 survivors (4096K)
 Metaspace       used 97379K, capacity 99890K, committed 100172K, reserved 1136640K
  class space    used 12464K, capacity 13316K, committed 13388K, reserved 1048576K
}
Event: 601.172 GC heap before
{Heap before GC invocations=44 (full 0):
 garbage-first heap   total 168960K, used 140944K [0x0000000080000000, 0x0000000100000000)
  region size 1024K, 29 young (29696K), 4 survivors (4096K)
 Metaspace       used 103023K, capacity 105763K, committed 106060K, reserved 1140736K
  class space    used 13317K, capacity 14304K, committed 14412K, reserved 1048576K
}
Event: 601.188 GC heap after
{Heap after GC invocations=45 (full 0):
 garbage-first heap   total 168960K, used 117676K [0x0000000080000000, 0x0000000100000000)
  region size 1024K, 3 young (3072K), 3 survivors (3072K)
 Metaspace       used 103023K, capacity 105763K, committed 106060K, reserved 1140736K
  class space    used 13317K, capacity 14304K, committed 14412K, reserved 1048576K
}
Event: 601.554 GC heap before
{Heap before GC invocations=45 (full 0):
 garbage-first heap   total 168960K, used 121772K [0x0000000080000000, 0x0000000100000000)
  region size 1024K, 8 young (8192K), 3 survivors (3072K)
 Metaspace       used 103860K, capacity 106697K, committed 106956K, reserved 1142784K
  class space    used 13441K, capacity 14464K, committed 14540K, reserved 1048576K
}
Event: 601.586 GC heap after
{Heap after GC invocations=46 (full 0):
 garbage-first heap   total 168960K, used 114077K [0x0000000080000000, 0x0000000100000000)
  region size 1024K, 1 young (1024K), 1 survivors (1024K)
 Metaspace       used 103860K, capacity 106697K, committed 106956K, reserved 1142784K
  class space    used 13441K, capacity 14464K, committed 14540K, reserved 1048576K
}
Event: 603.026 GC heap before
{Heap before GC invocations=46 (full 0):
 garbage-first heap   total 168960K, used 140701K [0x0000000080000000, 0x0000000100000000)
  region size 1024K, 28 young (28672K), 1 survivors (1024K)
 Metaspace       used 104200K, capacity 107182K, committed 107212K, reserved 1142784K
  class space    used 13472K, capacity 14510K, committed 14540K, reserved 1048576K
}
Event: 603.036 GC heap after
{Heap after GC invocations=47 (full 0):
 garbage-first heap   total 168960K, used 115249K [0x0000000080000000, 0x0000000100000000)
  region size 1024K, 2 young (2048K), 2 survivors (2048K)
 Metaspace       used 104200K, capacity 107182K, committed 107212K, reserved 1142784K
  class space    used 13472K, capacity 14510K, committed 14540K, reserved 1048576K
}
Event: 603.645 GC heap before
{Heap before GC invocations=47 (full 0):
 garbage-first heap   total 168960K, used 141873K [0x0000000080000000, 0x0000000100000000)
  region size 1024K, 29 young (29696K), 2 survivors (2048K)
 Metaspace       used 106596K, capacity 109552K, committed 109644K, reserved 1144832K
  class space    used 13799K, capacity 14857K, committed 14924K, reserved 1048576K
}
Event: 603.652 GC heap after
{Heap after GC invocations=48 (full 0):
 garbage-first heap   total 168960K, used 117591K [0x0000000080000000, 0x0000000100000000)
  region size 1024K, 4 young (4096K), 4 survivors (4096K)
 Metaspace       used 106596K, capacity 109552K, committed 109644K, reserved 1144832K
  class space    used 13799K, capacity 14857K, committed 14924K, reserved 1048576K
}
Event: 603.823 GC heap before
{Heap before GC invocations=48 (full 0):
 garbage-first heap   total 168960K, used 128855K [0x0000000080000000, 0x0000000100000000)
  region size 1024K, 17 young (17408K), 4 survivors (4096K)
 Metaspace       used 107439K, capacity 110443K, committed 110540K, reserved 1144832K
  class space    used 13925K, capacity 14987K, committed 15052K, reserved 1048576K
}
Event: 603.830 GC heap after
{Heap after GC invocations=49 (full 0):
 garbage-first heap   total 168960K, used 118567K [0x0000000080000000, 0x0000000100000000)
  region size 1024K, 1 young (1024K), 1 survivors (1024K)
 Metaspace       used 107439K, capacity 110443K, committed 110540K, reserved 1144832K
  class space    used 13925K, capacity 14987K, committed 15052K, reserved 1048576K
}
Event: 751.640 GC heap before
{Heap before GC invocations=50 (full 0):
 garbage-first heap   total 168960K, used 157479K [0x0000000080000000, 0x0000000100000000)
  region size 1024K, 21 young (21504K), 1 survivors (1024K)
 Metaspace       used 107799K, capacity 110704K, committed 111180K, reserved 1144832K
  class space    used 13920K, capacity 14971K, committed 15180K, reserved 1048576K
}

Deoptimization events (20 events):
Event: 751.564 Thread 0x000001a11ceb1000 Uncommon trap: trap_request=0xffffffde fr.pc=0x000001a1082acf8c relative=0x00000000000093ec
Event: 751.564 Thread 0x000001a11ceb1000 Uncommon trap: reason=class_check action=maybe_recompile pc=0x000001a1082acf8c method=org.gradle.api.internal.attributes.DefaultCompatibilityRuleChain.execute(Lorg/gradle/api/internal/attributes/CompatibilityCheckResult;)V @ 25 c2
Event: 751.564 Thread 0x000001a11ceb1000 DEOPT PACKING pc=0x000001a1082acf8c sp=0x00000074165fa170
Event: 751.564 Thread 0x000001a11ceb1000 DEOPT UNPACKING pc=0x000001a1000268a9 sp=0x00000074165f9fc8 mode 2
Event: 751.564 Thread 0x000001a11ceb1000 Uncommon trap: trap_request=0xffffffde fr.pc=0x000001a1082acf8c relative=0x00000000000093ec
Event: 751.564 Thread 0x000001a11ceb1000 Uncommon trap: reason=class_check action=maybe_recompile pc=0x000001a1082acf8c method=org.gradle.api.internal.attributes.DefaultCompatibilityRuleChain.execute(Lorg/gradle/api/internal/attributes/CompatibilityCheckResult;)V @ 25 c2
Event: 751.564 Thread 0x000001a11ceb1000 DEOPT PACKING pc=0x000001a1082acf8c sp=0x00000074165fa170
Event: 751.564 Thread 0x000001a11ceb1000 DEOPT UNPACKING pc=0x000001a1000268a9 sp=0x00000074165f9fc8 mode 2
Event: 751.564 Thread 0x000001a11ceb1000 Uncommon trap: trap_request=0xffffffde fr.pc=0x000001a1082acf8c relative=0x00000000000093ec
Event: 751.564 Thread 0x000001a11ceb1000 Uncommon trap: reason=class_check action=maybe_recompile pc=0x000001a1082acf8c method=org.gradle.api.internal.attributes.DefaultCompatibilityRuleChain.execute(Lorg/gradle/api/internal/attributes/CompatibilityCheckResult;)V @ 25 c2
Event: 751.564 Thread 0x000001a11ceb1000 DEOPT PACKING pc=0x000001a1082acf8c sp=0x00000074165fa170
Event: 751.564 Thread 0x000001a11ceb1000 DEOPT UNPACKING pc=0x000001a1000268a9 sp=0x00000074165f9fc8 mode 2
Event: 751.564 Thread 0x000001a11ceb1000 Uncommon trap: trap_request=0xffffffde fr.pc=0x000001a1082acf8c relative=0x00000000000093ec
Event: 751.564 Thread 0x000001a11ceb1000 Uncommon trap: reason=class_check action=maybe_recompile pc=0x000001a1082acf8c method=org.gradle.api.internal.attributes.DefaultCompatibilityRuleChain.execute(Lorg/gradle/api/internal/attributes/CompatibilityCheckResult;)V @ 25 c2
Event: 751.564 Thread 0x000001a11ceb1000 DEOPT PACKING pc=0x000001a1082acf8c sp=0x00000074165fa170
Event: 751.564 Thread 0x000001a11ceb1000 DEOPT UNPACKING pc=0x000001a1000268a9 sp=0x00000074165f9fc8 mode 2
Event: 751.565 Thread 0x000001a11ceb1000 DEOPT PACKING pc=0x000001a100d8ecab sp=0x00000074165f9490
Event: 751.565 Thread 0x000001a11ceb1000 DEOPT UNPACKING pc=0x000001a1000266bf sp=0x00000074165f8938 mode 0
Event: 751.626 Thread 0x000001a11ceb1000 DEOPT PACKING pc=0x000001a100d8ecab sp=0x00000074165f9f00
Event: 751.626 Thread 0x000001a11ceb1000 DEOPT UNPACKING pc=0x000001a1000266bf sp=0x00000074165f9398 mode 0

Classes redefined (0 events):
No events

Internal exceptions (20 events):
Event: 601.713 Thread 0x000001a11ceae800 Exception <a 'sun/nio/fs/WindowsException'{0x000000008a4e4f68}> (0x000000008a4e4f68) thrown at [./src/hotspot/share/prims/jni.cpp, line 615]
Event: 601.744 Thread 0x000001a11ceac000 Exception <a 'sun/nio/fs/WindowsException'{0x000000008a48a140}> (0x000000008a48a140) thrown at [./src/hotspot/share/prims/jni.cpp, line 615]
Event: 601.756 Thread 0x000001a11ceae800 Exception <a 'sun/nio/fs/WindowsException'{0x000000008a4ee000}> (0x000000008a4ee000) thrown at [./src/hotspot/share/prims/jni.cpp, line 615]
Event: 601.759 Thread 0x000001a11ceae800 Exception <a 'sun/nio/fs/WindowsException'{0x000000008a4f6558}> (0x000000008a4f6558) thrown at [./src/hotspot/share/prims/jni.cpp, line 615]
Event: 601.764 Thread 0x000001a11ceae800 Exception <a 'sun/nio/fs/WindowsException'{0x000000008a3f7ef8}> (0x000000008a3f7ef8) thrown at [./src/hotspot/share/prims/jni.cpp, line 615]
Event: 601.770 Thread 0x000001a11ceae800 Exception <a 'sun/nio/fs/WindowsException'{0x000000008a2c1cd0}> (0x000000008a2c1cd0) thrown at [./src/hotspot/share/prims/jni.cpp, line 615]
Event: 602.055 Thread 0x000001a11c1a8800 Exception <a 'java/lang/NoSuchMethodError'{0x000000008a0b5a00}: <clinit>> (0x000000008a0b5a00) thrown at [./src/hotspot/share/prims/jni.cpp, line 1362]
Event: 603.066 Thread 0x000001a11ceb2800 Exception <a 'sun/nio/fs/WindowsException'{0x000000008a3e4a08}> (0x000000008a3e4a08) thrown at [./src/hotspot/share/prims/jni.cpp, line 615]
Event: 603.215 Thread 0x000001a11ceb2800 Exception <a 'sun/nio/fs/WindowsException'{0x0000000089cc2cf0}> (0x0000000089cc2cf0) thrown at [./src/hotspot/share/prims/jni.cpp, line 615]
Event: 603.476 Thread 0x000001a11c1a8800 Exception <a 'java/lang/NoSuchMethodError'{0x000000008933d238}: <clinit>> (0x000000008933d238) thrown at [./src/hotspot/share/prims/jni.cpp, line 1362]
Event: 603.543 Thread 0x000001a11ceb3800 Exception <a 'sun/nio/fs/WindowsException'{0x00000000891ea240}> (0x00000000891ea240) thrown at [./src/hotspot/share/prims/jni.cpp, line 615]
Event: 603.550 Thread 0x000001a11ceb3800 Implicit null exception at 0x000001a108268e83 to 0x000001a10826b538
Event: 603.619 Thread 0x000001a11ceb3800 Exception <a 'java/lang/NoSuchMethodError'{0x0000000088c90f70}: 'java.lang.Object java.lang.invoke.Invokers$Holder.linkToTargetMethod(java.lang.Object, java.lang.Object, java.lang.Object, java.lang.Object, int, java.lang.Object, java.lang.Object)'> (0x0000000088c90f70) thrown at [./src/hotspot/share/interpreter/linkResolver.cpp, line 773]
Event: 603.666 Thread 0x000001a11ceb3800 Exception <a 'java/lang/NoSuchMethodError'{0x000000008a379100}: 'java.lang.Object java.lang.invoke.DirectMethodHandle$Holder.invokeSpecial(java.lang.Object, java.lang.Object, java.lang.Object, java.lang.Object, java.lang.Object, java.lang.Object, java.lang.Object, int, java.lang.Object)'> (0x000000008a379100) thrown at [./src/hotspot/share/interpreter/linkResolver.cpp, line 773]
Event: 603.667 Thread 0x000001a11ceb3800 Exception <a 'java/lang/NoSuchMethodError'{0x000000008a3826a0}: 'java.lang.Object java.lang.invoke.DirectMethodHandle$Holder.invokeStatic(java.lang.Object, java.lang.Object, java.lang.Object, java.lang.Object, java.lang.Object, java.lang.Object, java.lang.Object, int)'> (0x000000008a3826a0) thrown at [./src/hotspot/share/interpreter/linkResolver.cpp, line 773]
Event: 603.667 Thread 0x000001a11ceb3800 Exception <a 'java/lang/NoSuchMethodError'{0x000000008a3866c0}: 'java.lang.Object java.lang.invoke.DirectMethodHandle$Holder.invokeSpecial(java.lang.Object, java.lang.Object, java.lang.Object, java.lang.Object, java.lang.Object, java.lang.Object, java.lang.Object, java.lang.Object, int)'> (0x000000008a3866c0) thrown at [./src/hotspot/share/interpreter/linkResolver.cpp, line 773]
Event: 603.667 Thread 0x000001a11ceb3800 Exception <a 'java/lang/NoSuchMethodError'{0x000000008a389d58}: 'java.lang.Object java.lang.invoke.Invokers$Holder.linkToTargetMethod(java.lang.Object, java.lang.Object, java.lang.Object, java.lang.Object, java.lang.Object, java.lang.Object, int, java.lang.Object)'> (0x000000008a389d58) thrown at [./src/hotspot/share/interpreter/linkResolver.cpp, line 773]
Event: 604.000 Thread 0x000001a11ceb3800 Exception <a 'java/lang/NoSuchMethodError'{0x000000008a37ded0}: 'java.lang.Object java.lang.invoke.DirectMethodHandle$Holder.invokeVirtual(java.lang.Object, java.lang.Object, int)'> (0x000000008a37ded0) thrown at [./src/hotspot/share/interpreter/linkResolver.cpp, line 773]
Event: 751.453 Thread 0x000001a11ceb1000 Implicit null exception at 0x000001a107fde4a5 to 0x000001a107fde6e0
Event: 751.453 Thread 0x000001a11ceb1000 Implicit null exception at 0x000001a107fc983f to 0x000001a107fca1f4

Events (20 events):
Event: 751.629 Thread 0x000001a11aa36800 Thread added: 0x000001a11aa36800
Event: 751.630 Thread 0x000001a11aa3a000 Thread added: 0x000001a11aa3a000
Event: 751.630 Thread 0x000001a11aa34800 Thread added: 0x000001a11aa34800
Event: 751.630 Thread 0x000001a11aa3f800 Thread added: 0x000001a11aa3f800
Event: 751.630 Thread 0x000001a11aa3f000 Thread added: 0x000001a11aa3f000
Event: 751.631 Thread 0x000001a11aa40800 Thread added: 0x000001a11aa40800
Event: 751.631 Thread 0x000001a11aa42000 Thread added: 0x000001a11aa42000
Event: 751.631 Thread 0x000001a11aa3c800 Thread added: 0x000001a11aa3c800
Event: 751.631 Thread 0x000001a11aa3e000 Thread added: 0x000001a11aa3e000
Event: 751.632 Thread 0x000001a11aa41800 Thread added: 0x000001a11aa41800
Event: 751.632 Thread 0x000001a1187e6000 Thread added: 0x000001a1187e6000
Event: 751.632 Thread 0x000001a1187ea000 Thread added: 0x000001a1187ea000
Event: 751.633 Thread 0x000001a1187eb000 Thread added: 0x000001a1187eb000
Event: 751.633 Thread 0x000001a1187e5800 Thread added: 0x000001a1187e5800
Event: 751.633 Thread 0x000001a1187ec000 Thread added: 0x000001a1187ec000
Event: 751.633 Thread 0x000001a1187e7000 Thread added: 0x000001a1187e7000
Event: 751.633 Thread 0x000001a11cf0b800 Thread added: 0x000001a11cf0b800
Event: 751.634 Thread 0x000001a11cf0a800 Thread added: 0x000001a11cf0a800
Event: 751.634 Thread 0x000001a11cf0c000 Thread added: 0x000001a11cf0c000
Event: 751.638 Executing VM operation: G1CollectForAllocation


Dynamic libraries:
0x00007ff6cc8f0000 - 0x00007ff6cc8fa000 	C:\Program Files\Android\Android Studio\jre\bin\java.exe
0x00007ff89dad0000 - 0x00007ff89dcc5000 	C:\Windows\SYSTEM32\ntdll.dll
0x00007ff89c9e0000 - 0x00007ff89ca9e000 	C:\Windows\System32\KERNEL32.DLL
0x00007ff89b510000 - 0x00007ff89b7d9000 	C:\Windows\System32\KERNELBASE.dll
0x00007ff89b9c0000 - 0x00007ff89bac0000 	C:\Windows\System32\ucrtbase.dll
0x00007ff86f1b0000 - 0x00007ff86f1c9000 	C:\Program Files\Android\Android Studio\jre\bin\jli.dll
0x00007ff89ce60000 - 0x00007ff89d001000 	C:\Windows\System32\USER32.dll
0x00007ff89b990000 - 0x00007ff89b9b2000 	C:\Windows\System32\win32u.dll
0x00007ff89d0f0000 - 0x00007ff89d11b000 	C:\Windows\System32\GDI32.dll
0x00007ff89b370000 - 0x00007ff89b47b000 	C:\Windows\System32\gdi32full.dll
0x00007ff89b220000 - 0x00007ff89b2bd000 	C:\Windows\System32\msvcp_win.dll
0x00007ff86a310000 - 0x00007ff86a327000 	C:\Program Files\Android\Android Studio\jre\bin\VCRUNTIME140.dll
0x00007ff871f10000 - 0x00007ff8721aa000 	C:\Windows\WinSxS\amd64_microsoft.windows.common-controls_6595b64144ccf1df_6.0.19041.1110_none_60b5254171f9507e\COMCTL32.dll
0x00007ff89c790000 - 0x00007ff89c82e000 	C:\Windows\System32\msvcrt.dll
0x00007ff89d0b0000 - 0x00007ff89d0e0000 	C:\Windows\System32\IMM32.DLL
0x00007ff8678a0000 - 0x00007ff86793d000 	C:\Program Files\Android\Android Studio\jre\bin\msvcp140.dll
0x00007ff84dba0000 - 0x00007ff84e65c000 	C:\Program Files\Android\Android Studio\jre\bin\server\jvm.dll
0x00007ff89c380000 - 0x00007ff89c42c000 	C:\Windows\System32\ADVAPI32.dll
0x00007ff89d010000 - 0x00007ff89d0ab000 	C:\Windows\System32\sechost.dll
0x00007ff89c020000 - 0x00007ff89c14a000 	C:\Windows\System32\RPCRT4.dll
0x00007ff89c430000 - 0x00007ff89c438000 	C:\Windows\System32\PSAPI.DLL
0x00007ff87c100000 - 0x00007ff87c109000 	C:\Windows\SYSTEM32\WSOCK32.dll
0x00007ff89c200000 - 0x00007ff89c26b000 	C:\Windows\System32\WS2_32.dll
0x00007ff871a00000 - 0x00007ff871a27000 	C:\Windows\SYSTEM32\WINMM.dll
0x00007ff895770000 - 0x00007ff89577a000 	C:\Windows\SYSTEM32\VERSION.dll
0x00007ff899110000 - 0x00007ff899122000 	C:\Windows\SYSTEM32\kernel.appcore.dll
0x00007ff879870000 - 0x00007ff879881000 	C:\Program Files\Android\Android Studio\jre\bin\verify.dll
0x00007ff890f70000 - 0x00007ff891154000 	C:\Windows\SYSTEM32\DBGHELP.DLL
0x00007ff890f00000 - 0x00007ff890f2c000 	C:\Windows\SYSTEM32\dbgcore.DLL
0x00007ff89b480000 - 0x00007ff89b503000 	C:\Windows\System32\bcryptPrimitives.dll
0x00007ff879840000 - 0x00007ff879869000 	C:\Program Files\Android\Android Studio\jre\bin\java.dll
0x00007ff87bc40000 - 0x00007ff87bc4b000 	C:\Program Files\Android\Android Studio\jre\bin\jimage.dll
0x00007ff879820000 - 0x00007ff879838000 	C:\Program Files\Android\Android Studio\jre\bin\zip.dll
0x00007ff89d230000 - 0x00007ff89d96f000 	C:\Windows\System32\SHELL32.dll
0x00007ff899310000 - 0x00007ff899aa0000 	C:\Windows\SYSTEM32\windows.storage.dll
0x00007ff89caa0000 - 0x00007ff89cdf5000 	C:\Windows\System32\combase.dll
0x00007ff89ab70000 - 0x00007ff89ab9c000 	C:\Windows\SYSTEM32\Wldp.dll
0x00007ff89c150000 - 0x00007ff89c1fe000 	C:\Windows\System32\SHCORE.dll
0x00007ff89ce00000 - 0x00007ff89ce55000 	C:\Windows\System32\shlwapi.dll
0x00007ff89b130000 - 0x00007ff89b14f000 	C:\Windows\SYSTEM32\profapi.dll
0x00007ff879800000 - 0x00007ff87981a000 	C:\Program Files\Android\Android Studio\jre\bin\net.dll
0x00007ff890630000 - 0x00007ff890738000 	C:\Windows\SYSTEM32\WINHTTP.dll
0x00007ff89a8d0000 - 0x00007ff89a93a000 	C:\Windows\system32\mswsock.dll
0x00007ff8797a0000 - 0x00007ff8797b4000 	C:\Program Files\Android\Android Studio\jre\bin\nio.dll
0x00007ff87d020000 - 0x00007ff87d047000 	C:\Users\User\.gradle\native\fdc75f09e3144964f2cf3f50f0aa648679c211496f362492102eb8c894070792\windows-amd64\native-platform.dll
0x00007ff84a260000 - 0x00007ff84a3f6000 	C:\Users\User\.gradle\native\12488b8bf47d2d4c9fbf2f6322a914ad602e24e48041cd04a747c6da556b65c4\windows-amd64\native-platform-file-events.dll
0x00007ff879790000 - 0x00007ff87979a000 	C:\Program Files\Android\Android Studio\jre\bin\management.dll
0x00007ff879780000 - 0x00007ff87978c000 	C:\Program Files\Android\Android Studio\jre\bin\management_ext.dll
0x00007ff89aad0000 - 0x00007ff89aae8000 	C:\Windows\SYSTEM32\CRYPTSP.dll
0x00007ff89a250000 - 0x00007ff89a284000 	C:\Windows\system32\rsaenh.dll
0x00007ff89b1f0000 - 0x00007ff89b217000 	C:\Windows\System32\bcrypt.dll
0x00007ff89b0b0000 - 0x00007ff89b0de000 	C:\Windows\SYSTEM32\USERENV.dll
0x00007ff89aac0000 - 0x00007ff89aacc000 	C:\Windows\SYSTEM32\CRYPTBASE.dll
0x00007ff89a5c0000 - 0x00007ff89a5fb000 	C:\Windows\SYSTEM32\IPHLPAPI.DLL
0x00007ff89c6b0000 - 0x00007ff89c6b8000 	C:\Windows\System32\NSI.dll
0x00007ff894890000 - 0x00007ff8948a7000 	C:\Windows\SYSTEM32\dhcpcsvc6.DLL
0x00007ff894f90000 - 0x00007ff894fad000 	C:\Windows\SYSTEM32\dhcpcsvc.DLL
0x00007ff89a600000 - 0x00007ff89a6cc000 	C:\Windows\SYSTEM32\DNSAPI.dll
0x00007ff895470000 - 0x00007ff89547b000 	C:\Windows\SYSTEM32\WINNSI.DLL
0x00007ff896dc0000 - 0x00007ff896dde000 	C:\Users\User\AppData\Local\Temp\native-platform4743364413254232806dir\native-platform.dll
0x00007ff896db0000 - 0x00007ff896db8000 	C:\Program Files\Android\Android Studio\jre\bin\rmi.dll
0x00007ff870d60000 - 0x00007ff870d87000 	C:\Program Files\Android\Android Studio\jre\bin\sunec.dll

dbghelp: loaded successfully - version: 4.0.5 - missing functions: none
symbol engine: initialized successfully - sym options: 0x614 - pdb path: .;C:\Program Files\Android\Android Studio\jre\bin;C:\Windows\SYSTEM32;C:\Windows\WinSxS\amd64_microsoft.windows.common-controls_6595b64144ccf1df_6.0.19041.1110_none_60b5254171f9507e;C:\Program Files\Android\Android Studio\jre\bin\server;C:\Users\User\.gradle\native\fdc75f09e3144964f2cf3f50f0aa648679c211496f362492102eb8c894070792\windows-amd64;C:\Users\User\.gradle\native\12488b8bf47d2d4c9fbf2f6322a914ad602e24e48041cd04a747c6da556b65c4\windows-amd64;C:\Users\User\AppData\Local\Temp\native-platform4743364413254232806dir

VM Arguments:
jvm_args: --add-opens=java.base/java.util=ALL-UNNAMED --add-opens=java.base/java.lang=ALL-UNNAMED --add-opens=java.base/java.lang.invoke=ALL-UNNAMED --add-opens=java.prefs/java.util.prefs=ALL-UNNAMED -Xmx2048m -Dfile.encoding=UTF-8 -Duser.country=RU -Duser.language=ru -Duser.variant 
java_command: org.gradle.launcher.daemon.bootstrap.GradleDaemon 6.7.1
java_class_path (initial): C:\Users\User\.gradle\wrapper\dists\gradle-6.7.1-bin\bwlcbys1h7rz3272sye1xwiv6\gradle-6.7.1\lib\gradle-launcher-6.7.1.jar
Launcher Type: SUN_STANDARD

[Global flags]
     intx CICompilerCount                          = 3                                         {product} {ergonomic}
     uint ConcGCThreads                            = 1                                         {product} {ergonomic}
     uint G1ConcRefinementThreads                  = 4                                         {product} {ergonomic}
   size_t G1HeapRegionSize                         = 1048576                                   {product} {ergonomic}
    uintx GCDrainStackTargetSize                   = 64                                        {product} {ergonomic}
   size_t InitialHeapSize                          = 96468992                                  {product} {ergonomic}
   size_t MarkStackSize                            = 4194304                                   {product} {ergonomic}
   size_t MaxHeapSize                              = 2147483648                                {product} {command line}
   size_t MaxNewSize                               = 1287651328                                {product} {ergonomic}
   size_t MinHeapDeltaBytes                        = 1048576                                   {product} {ergonomic}
    uintx NonNMethodCodeHeapSize                   = 5830732                                {pd product} {ergonomic}
    uintx NonProfiledCodeHeapSize                  = 122913754                              {pd product} {ergonomic}
    uintx ProfiledCodeHeapSize                     = 122913754                              {pd product} {ergonomic}
    uintx ReservedCodeCacheSize                    = 251658240                              {pd product} {ergonomic}
     bool SegmentedCodeCache                       = true                                      {product} {ergonomic}
     bool UseCompressedClassPointers               = true                                 {lp64_product} {ergonomic}
     bool UseCompressedOops                        = true                                 {lp64_product} {ergonomic}
     bool UseG1GC                                  = true                                      {product} {ergonomic}
     bool UseLargePagesIndividualAllocation        = false                                  {pd product} {ergonomic}

Logging:
Log output configuration:
 #0: stdout all=warning uptime,level,tags
 #1: stderr all=off uptime,level,tags

Environment Variables:
PATH=C:\Program Files (x86)\Intel\Intel(R) Management Engine Components\iCLS\;C:\Program Files\Intel\Intel(R) Management Engine Components\iCLS\;C:\Windows\system32;C:\Windows;C:\Windows\System32\Wbem;C:\Windows\System32\WindowsPowerShell\v1.0\;C:\Windows\System32\OpenSSH\;C:\Program Files (x86)\Intel\Intel(R) Management Engine Components\DAL;C:\Program Files\Intel\Intel(R) Management Engine Components\DAL;C:\Program Files (x86)\Intel\Intel(R) Management Engine Components\IPT;C:\Program Files\Intel\Intel(R) Management Engine Components\IPT;C:\Program Files\Git\cmd;C:\Users\User\AppData\Local\Microsoft\WindowsApps;
USERNAME=User
OS=Windows_NT
PROCESSOR_IDENTIFIER=Intel64 Family 6 Model 158 Stepping 10, GenuineIntel



---------------  S Y S T E M  ---------------

OS: Windows 10 , 64 bit Build 19041 (10.0.19041.1202)
OS uptime: 0 days 0:18 hours

CPU:total 4 (initial active 4) (2 cores per cpu, 2 threads per core) family 6 model 158 stepping 10, cmov, cx8, fxsr, mmx, sse, sse2, sse3, ssse3, sse4.1, sse4.2, popcnt, aes, clmul, erms, 3dnowpref, lzcnt, ht, tsc, tscinvbit

Memory: 4k page, system-wide physical 5853M (1485M free)
TotalPageFile size 8285M (AvailPageFile size 3704M)
current process WorkingSet (physical memory assigned to process): 431M, peak: 476M
current process commit charge ("private bytes"): 462M, peak: 510M

vm_info: OpenJDK 64-Bit Server VM (11.0.8+10-b944.6842174) for windows-amd64 JRE (11.0.8+10-b944.6842174), built on Sep 19 2020 01:11:42 by "builder" with MS VC++ 14.0 (VS2015)

END.
