#
# A fatal error has been detected by the Java Runtime Environment:
#
#  EXCEPTION_ACCESS_VIOLATION (0xc0000005) at pc=0x00007ffb2c8575d2, pid=10184, tid=7204
#
# JRE version: OpenJDK Runtime Environment (11.0.8+10) (build 11.0.8+10-b944.6842174)
# Java VM: OpenJDK 64-Bit Server VM (11.0.8+10-b944.6842174, mixed mode, tiered, compressed oops, g1 gc, windows-amd64)
# Problematic frame:
# V  [jvm.dll+0x2d75d2]
#
# No core dump will be written. Minidumps are not enabled by default on client versions of Windows
#
# If you would like to submit a bug report, please visit:
#   https://bugreport.java.com/bugreport/crash.jsp
#

---------------  S U M M A R Y ------------

Command Line: --add-opens=java.base/java.util=ALL-UNNAMED --add-opens=java.base/java.lang=ALL-UNNAMED --add-opens=java.base/java.lang.invoke=ALL-UNNAMED --add-opens=java.prefs/java.util.prefs=ALL-UNNAMED -Xmx2048m -Dfile.encoding=UTF-8 -Duser.country=RU -Duser.language=ru -Duser.variant org.gradle.launcher.daemon.bootstrap.GradleDaemon 6.7.1

Host: Intel(R) Pentium(R) Gold G5420 CPU @ 3.80GHz, 4 cores, 5G,  Windows 10 , 64 bit Build 19041 (10.0.19041.1202)
Time: Thu Sep 30 00:41:58 2021 Пакистан (зима) elapsed time: 869 seconds (0d 0h 14m 29s)

---------------  T H R E A D  ---------------

Current thread (0x000001dae7143000):  GCTaskThread "GC Thread#0" [stack: 0x0000000dbf000000,0x0000000dbf100000] [id=7204]

Stack: [0x0000000dbf000000,0x0000000dbf100000],  sp=0x0000000dbf0ffb78,  free space=1022k
Native frames: (J=compiled Java code, j=interpreted, Vv=VM code, C=native code)
V  [jvm.dll+0x2d75d2]


siginfo: EXCEPTION_ACCESS_VIOLATION (0xc0000005), reading address 0xffffffffffffffff


Register to memory mapping:

RIP=0x00007ffb2c8575d2 jvm.dll
RAX=0x000001dae7153000 points into unknown readable memory: 00 00 00 00 00 00 00 00
RBX=0x000001daec0c3160 is at entry_point+672 in (nmethod*)0x000001daec0c2d10
RCX=0x0000000000000014 is an unknown value
RDX=0x00000000001da84e is an unknown value
RSP=0x0000000dbf0ffb78 points into unknown readable memory: 5d 53 85 2c fb 7f 00 00
RBP=0x000000000000f000 is an unknown value
RSI=0x000001daec0c2d10 is at entry_point+-432 in (nmethod*)0x000001daec0c2d10
RDI={method} {0x000001da84e0da48} 'firstEntryIndex' '()I' in 'com/google/common/collect/CompactHashMap'
R8 =0x000001dae516caf0 points into unknown readable memory: c0 c3 d8 2c fb 7f 00 00
R9 ={method} {0x000001da84e0da48} 'firstEntryIndex' '()I' in 'com/google/common/collect/CompactHashMap'
R10=0xe4c3f56c8a3d493b is an unknown value
R11=0x000001daec0c2ee5 is at entry_point+37 in (nmethod*)0x000001daec0c2d10
R12=0x0000000000001000 is an unknown value
R13=0x000001dae516ca18 points into unknown readable memory: b6 93 f5 65 2a c4 00 0d
R14=0x0000000dbf5fea80 points into unknown readable memory: 08 c3 d8 2c fb 7f 00 00
R15=0x0 is NULL


Registers:
RAX=0x000001dae7153000, RBX=0x000001daec0c3160, RCX=0x0000000000000014, RDX=0x00000000001da84e
RSP=0x0000000dbf0ffb78, RBP=0x000000000000f000, RSI=0x000001daec0c2d10, RDI=0x000001da84e0da40
R8 =0x000001dae516caf0, R9 =0x000001da84e0da40, R10=0xe4c3f56c8a3d493b, R11=0x000001daec0c2ee5
R12=0x0000000000001000, R13=0x000001dae516ca18, R14=0x0000000dbf5fea80, R15=0x0000000000000000
RIP=0x00007ffb2c8575d2, EFLAGS=0x0000000000010206

Top of Stack: (sp=0x0000000dbf0ffb78)
0x0000000dbf0ffb78:   00007ffb2c85535d 000001daec0c11af
0x0000000dbf0ffb88:   000001daec0be190 0000000000000020
0x0000000dbf0ffb98:   00007ffb2cbb50b9 0000000000000000
0x0000000dbf0ffba8:   00007ffb2cb37041 0000000000000000
0x0000000dbf0ffbb8:   000001dae516b9f0 0000000000000000
0x0000000dbf0ffbc8:   0000000000000000 00007ffb2cd7b148
0x0000000dbf0ffbd8:   00007ffb2cb36fc1 000001daec0c2d10
0x0000000dbf0ffbe8:   000001daec0c2d10 0000000dbf5fea80
0x0000000dbf0ffbf8:   0000000dbf5fea80 0000000000000000
0x0000000dbf0ffc08:   000001daec0c2ec0 000001daec0c2ec0
0x0000000dbf0ffc18:   000001daec0c2d10 000001daec0c314d
0x0000000dbf0ffc28:   00007ffb2c01ffff 000001daec0c2eb8
0x0000000dbf0ffc38:   000001daec000000 000001daec0c2ec0
0x0000000dbf0ffc48:   000001daec0c2ec0 000001daec0c3120
0x0000000dbf0ffc58:   000001daec0c2ec0 000001daec0c3120
0x0000000dbf0ffc68:   000001daec0c3158 00007ffb2ccbe440 

Instructions: (pc=0x00007ffb2c8575d2)
0x00007ffb2c8574d2:   03 49 d3 e9 41 0f b6 c1 4d 8b c1 24 3f 49 c1 e8
0x00007ffb2c8574e2:   06 0f b6 c8 4a 8b 04 c2 48 0f a3 c8 72 95 41 8b
0x00007ffb2c8574f2:   83 04 01 00 00 c1 e8 05 a8 01 75 87 b0 01 48 83
0x00007ffb2c857502:   c4 28 c3 4d 85 c9 0f 84 77 ff ff ff 8b 89 c0 02
0x00007ffb2c857512:   00 00 4d 8b c1 49 8b 82 b0 02 00 00 49 d3 e8 49
0x00007ffb2c857522:   8b ca 4e 8b 04 c0 48 83 c4 28 e9 ff fd ff ff cc
0x00007ffb2c857532:   cc cc cc cc cc cc cc cc cc cc cc cc cc cc 4c 8b
0x00007ffb2c857542:   c9 4c 8b c2 8b 89 c0 02 00 00 4c 8b d2 49 d3 e8
0x00007ffb2c857552:   49 8b 81 b0 02 00 00 4e 8b 1c c0 49 8b 81 38 06
0x00007ffb2c857562:   00 00 48 8b 90 90 00 00 00 4c 2b 12 8b 4a 10 48
0x00007ffb2c857572:   8b 52 18 49 c1 ea 03 49 d3 ea 41 0f b6 c2 4d 8b
0x00007ffb2c857582:   c2 24 3f 49 c1 e8 06 0f b6 c8 4a 8b 04 c2 48 0f
0x00007ffb2c857592:   a3 c8 72 11 41 8b 83 04 01 00 00 c1 e8 05 a8 01
0x00007ffb2c8575a2:   75 03 b0 01 c3 32 c0 c3 cc cc cc cc cc cc 4c 8b
0x00007ffb2c8575b2:   ca 4c 8b c1 48 85 d2 75 03 32 c0 c3 8b 89 c0 02
0x00007ffb2c8575c2:   00 00 49 8b 80 b0 02 00 00 48 d3 ea 4c 8b 14 d0
0x00007ffb2c8575d2:   4d 3b 8a 60 01 00 00 73 4d 49 8b 80 38 06 00 00
0x00007ffb2c8575e2:   48 8b 90 90 00 00 00 4c 2b 0a 8b 4a 10 48 8b 52
0x00007ffb2c8575f2:   18 49 c1 e9 03 49 d3 e9 41 0f b6 c1 4d 8b c1 24
0x00007ffb2c857602:   3f 49 c1 e8 06 0f b6 c8 4a 8b 04 c2 48 0f a3 c8
0x00007ffb2c857612:   72 14 41 8b 82 04 01 00 00 c1 e8 05 a8 01 75 06
0x00007ffb2c857622:   b8 01 00 00 00 c3 33 c0 c3 cc cc cc cc cc 4d 8b
0x00007ffb2c857632:   d0 4c 8b ca 49 3b 90 60 01 00 00 73 4a 48 8b 81
0x00007ffb2c857642:   38 06 00 00 48 8b 90 90 00 00 00 4c 2b 0a 8b 4a
0x00007ffb2c857652:   10 48 8b 52 18 49 c1 e9 03 49 d3 e9 41 0f b6 c1
0x00007ffb2c857662:   4d 8b c1 24 3f 49 c1 e8 06 0f b6 c8 4a 8b 04 c2
0x00007ffb2c857672:   48 0f a3 c8 72 11 41 8b 82 04 01 00 00 c1 e8 05
0x00007ffb2c857682:   a8 01 75 03 b0 01 c3 32 c0 c3 cc cc cc cc 48 8b
0x00007ffb2c857692:   89 60 03 00 00 e9 34 fc fe ff cc cc cc cc 48 83
0x00007ffb2c8576a2:   ec 28 80 3d 71 a7 6a 00 00 48 8b 8a f8 00 00 00
0x00007ffb2c8576b2:   74 35 48 83 79 10 00 75 24 48 8b 15 86 db 70 00
0x00007ffb2c8576c2:   48 81 c1 90 00 00 00 e8 22 32 07 00 84 c0 74 0d 


Stack slot to memory mapping:
stack at sp + 0 slots: 0x00007ffb2c85535d jvm.dll
stack at sp + 1 slots: 0x000001daec0c11af is at entry_point+10799 in (nmethod*)0x000001daec0be190
stack at sp + 2 slots: 0x000001daec0be190 is at entry_point+-1520 in (nmethod*)0x000001daec0be190
stack at sp + 3 slots: 0x0000000000000020 is an unknown value
stack at sp + 4 slots: 0x00007ffb2cbb50b9 jvm.dll
stack at sp + 5 slots: 0x0 is NULL
stack at sp + 6 slots: 0x00007ffb2cb37041 jvm.dll
stack at sp + 7 slots: 0x0 is NULL


---------------  P R O C E S S  ---------------

Threads class SMR info:
_java_thread_list=0x000001da8794e7b0, length=161, elements={
0x000001dae712f800, 0x000001dafeb71000, 0x000001dafeb79800, 0x000001dafeb8f000,
0x000001dafeb8f800, 0x000001dafeb91800, 0x000001dafeb9b000, 0x000001dafeb9d000,
0x000001daff64b800, 0x000001daff65d800, 0x000001da836ef000, 0x000001da838f3800,
0x000001da828b3800, 0x000001da83be2800, 0x000001da83be5000, 0x000001da83be0000,
0x000001da843b5800, 0x000001da843bd000, 0x000001da8288f000, 0x000001da8abf2800,
0x000001da8abf0800, 0x000001da8abf3000, 0x000001da8abf4000, 0x000001da82889000,
0x000001da82885000, 0x000001da8288a000, 0x000001da82887800, 0x000001da82886800,
0x000001da82884000, 0x000001da8288b000, 0x000001da8288b800, 0x000001da82888800,
0x000001da82886000, 0x000001da8288e000, 0x000001da82890800, 0x000001da8288d000,
0x000001da8288f800, 0x000001da82892000, 0x000001da8288c800, 0x000001da82893000,
0x000001da8abe7000, 0x000001da88fb9000, 0x000001da8abe8800, 0x000001da8abe6000,
0x000001da8abe7800, 0x000001da8abee000, 0x000001da8abeb000, 0x000001da8abe9800,
0x000001da8abed800, 0x000001da8abf0000, 0x000001da8abea000, 0x000001da8abf1800,
0x000001da8abef000, 0x000001da8abec000, 0x000001da8abec800, 0x000001da8abf5000,
0x000001da843b6800, 0x000001da843b4000, 0x000001da843b7000, 0x000001da843b8000,
0x000001da843b9800, 0x000001da843b5000, 0x000001da843bd800, 0x000001da843be800,
0x000001da843b9000, 0x000001da843bf800, 0x000001da843c0000, 0x000001da843c1000,
0x000001da843c2000, 0x000001da843c2800, 0x000001da83be4000, 0x000001da83be1800,
0x000001da83bdf000, 0x000001da83be3000, 0x000001da83be5800, 0x000001da83be1000,
0x000001da8b08f000, 0x000001da8b090000, 0x000001da8b092800, 0x000001da8b090800,
0x000001da8b093000, 0x000001da8b091800, 0x000001da8b094000, 0x000001da8b08e000,
0x000001da8b095800, 0x000001da8b097000, 0x000001da8b096800, 0x000001da8b09a800,
0x000001da8b094800, 0x000001da8b09b800, 0x000001da8b09c000, 0x000001da8b09d000,
0x000001da8b099000, 0x000001da8b098000, 0x000001da8b099800, 0x000001da83a87000,
0x000001da83a88800, 0x000001da83a89800, 0x000001da83a8a000, 0x000001da83a8b000,
0x000001da83a8c000, 0x000001da83a86000, 0x000001da83a88000, 0x000001da83a92800,
0x000001da83a8e800, 0x000001da83a91800, 0x000001da83a90000, 0x000001da83a8c800,
0x000001da83a8d800, 0x000001da83a94000, 0x000001da83a91000, 0x000001da83a93000,
0x000001da83a95000, 0x000001da83a8f000, 0x000001da878af800, 0x000001da878ae800,
0x000001da878b0800, 0x000001da878ad000, 0x000001da878ae000, 0x000001da878b1000,
0x000001da878ac800, 0x000001da878b4800, 0x000001da878b5000, 0x000001da878b3800,
0x000001da878b6000, 0x000001da878b7000, 0x000001da878b3000, 0x000001da878b2000,
0x000001da878b8800, 0x000001da878b9800, 0x000001da878b7800, 0x000001da878bb000,
0x000001da878ba000, 0x000001da87195000, 0x000001da87192800, 0x000001da87196000,
0x000001da87194800, 0x000001da87197800, 0x000001da87196800, 0x000001da87198800,
0x000001da87199000, 0x000001da87193800, 0x000001da8719b000, 0x000001da8719f000,
0x000001da8719b800, 0x000001da8719d000, 0x000001da8719c800, 0x000001da8719a000,
0x000001da8719f800, 0x000001da871a1800, 0x000001da871a0800, 0x000001da8719e000,
0x000001da87057000, 0x000001da87056000, 0x000001da87059800, 0x000001da8705a800,
0x000001da8705b000, 0x000001da8705c000, 0x000001da8705c800, 0x000001da8705d800,
0x000001da87058000
}

Java Threads: ( => current thread )
  0x000001dae712f800 JavaThread "main" [_thread_blocked, id=5860, stack(0x0000000dbef00000,0x0000000dbf000000)]
  0x000001dafeb71000 JavaThread "Reference Handler" daemon [_thread_blocked, id=4872, stack(0x0000000dbf600000,0x0000000dbf700000)]
  0x000001dafeb79800 JavaThread "Finalizer" daemon [_thread_blocked, id=1172, stack(0x0000000dbf700000,0x0000000dbf800000)]
  0x000001dafeb8f000 JavaThread "Signal Dispatcher" daemon [_thread_blocked, id=4356, stack(0x0000000dbf800000,0x0000000dbf900000)]
  0x000001dafeb8f800 JavaThread "Attach Listener" daemon [_thread_blocked, id=5444, stack(0x0000000dbf900000,0x0000000dbfa00000)]
  0x000001dafeb91800 JavaThread "C2 CompilerThread0" daemon [_thread_in_native, id=1676, stack(0x0000000dbfa00000,0x0000000dbfb00000)]
  0x000001dafeb9b000 JavaThread "C1 CompilerThread0" daemon [_thread_blocked, id=3912, stack(0x0000000dbfb00000,0x0000000dbfc00000)]
  0x000001dafeb9d000 JavaThread "Sweeper thread" daemon [_thread_blocked, id=9412, stack(0x0000000dbfc00000,0x0000000dbfd00000)]
  0x000001daff64b800 JavaThread "Common-Cleaner" daemon [_thread_blocked, id=4172, stack(0x0000000dbfd00000,0x0000000dbfe00000)]
  0x000001daff65d800 JavaThread "Service Thread" daemon [_thread_blocked, id=5588, stack(0x0000000dbfe00000,0x0000000dbff00000)]
  0x000001da836ef000 JavaThread "Daemon health stats" [_thread_blocked, id=4416, stack(0x0000000dc0300000,0x0000000dc0400000)]
  0x000001da838f3800 JavaThread "Incoming local TCP Connector on port 59414" [_thread_in_native, id=8436, stack(0x0000000dc0600000,0x0000000dc0700000)]
  0x000001da828b3800 JavaThread "Daemon periodic checks" [_thread_blocked, id=3836, stack(0x0000000dc0700000,0x0000000dc0800000)]
  0x000001da83be2800 JavaThread "Cache worker for file hash cache (C:\Users\User\.gradle\caches\6.7.1\fileHashes)" [_thread_blocked, id=7960, stack(0x0000000dc1100000,0x0000000dc1200000)]
  0x000001da83be5000 JavaThread "File lock request listener" [_thread_in_native, id=3112, stack(0x0000000dc1200000,0x0000000dc1300000)]
  0x000001da83be0000 JavaThread "Cache worker for journal cache (C:\Users\User\.gradle\caches\journal-1)" [_thread_blocked, id=2724, stack(0x0000000dc1300000,0x0000000dc1400000)]
  0x000001da843b5800 JavaThread "Cache worker for execution history cache (C:\Users\User\.gradle\caches\6.7.1\executionHistory)" [_thread_blocked, id=7640, stack(0x0000000dc1f00000,0x0000000dc2000000)]
  0x000001da843bd000 JavaThread "Cache worker for file content cache (C:\Users\User\.gradle\caches\6.7.1\fileContent)" [_thread_blocked, id=1628, stack(0x0000000dc2000000,0x0000000dc2100000)]
  0x000001da8288f000 JavaThread "Memory manager" [_thread_blocked, id=3408, stack(0x0000000dc9800000,0x0000000dc9900000)]
  0x000001da8abf2800 JavaThread "RMI Scheduler(0)" daemon [_thread_blocked, id=2804, stack(0x0000000dc0e00000,0x0000000dc0f00000)]
  0x000001da8abf0800 JavaThread "RMI GC Daemon" daemon [_thread_blocked, id=6032, stack(0x0000000dc9c00000,0x0000000dc9d00000)]
  0x000001da8abf3000 JavaThread "RMI TCP Accept-0" daemon [_thread_in_native, id=5048, stack(0x0000000dc9d00000,0x0000000dc9e00000)]
  0x000001da8abf4000 JavaThread "RMI Reaper" [_thread_blocked, id=7128, stack(0x0000000dc9e00000,0x0000000dc9f00000)]
  0x000001da82889000 JavaThread "Daemon Thread 3" [_thread_blocked, id=8640, stack(0x0000000dbed00000,0x0000000dbee00000)]
  0x000001da82885000 JavaThread "Handler for socket connection from /127.0.0.1:59414 to /127.0.0.1:62944" [_thread_in_native, id=7428, stack(0x0000000dbee00000,0x0000000dbef00000)]
  0x000001da8288a000 JavaThread "Cancel handler" [_thread_blocked, id=7124, stack(0x0000000dc0000000,0x0000000dc0100000)]
  0x000001da82887800 JavaThread "Daemon worker Thread 3" [_thread_blocked, id=10436, stack(0x0000000dc0100000,0x0000000dc0200000)]
  0x000001da82886800 JavaThread "Asynchronous log dispatcher for DefaultDaemonConnection: socket connection from /127.0.0.1:59414 to /127.0.0.1:62944" [_thread_blocked, id=8556, stack(0x0000000dc0400000,0x0000000dc0500000)]
  0x000001da82884000 JavaThread "Stdin handler" [_thread_blocked, id=2972, stack(0x0000000dc0500000,0x0000000dc0600000)]
  0x000001da8288b000 JavaThread "Thread-293" [_thread_blocked, id=3636, stack(0x0000000dc0800000,0x0000000dc0900000)]
  0x000001da8288b800 JavaThread "Cache worker for file hash cache (C:\Users\User\AndroidStudioProjects\Loan_Book_MVVM2\.gradle\6.7.1\fileHashes)" [_thread_blocked, id=3828, stack(0x0000000dc0900000,0x0000000dc0a00000)]
  0x000001da82888800 JavaThread "jar transforms Thread 243" [_thread_blocked, id=10400, stack(0x0000000dc0a00000,0x0000000dc0b00000)]
  0x000001da82886000 JavaThread "jar transforms Thread 244" [_thread_blocked, id=9392, stack(0x0000000dc0b00000,0x0000000dc0c00000)]
  0x000001da8288e000 JavaThread "jar transforms Thread 245" [_thread_blocked, id=3152, stack(0x0000000dc0c00000,0x0000000dc0d00000)]
  0x000001da82890800 JavaThread "jar transforms Thread 246" [_thread_blocked, id=10048, stack(0x0000000dc0d00000,0x0000000dc0e00000)]
  0x000001da8288d000 JavaThread "jar transforms Thread 247" [_thread_blocked, id=9892, stack(0x0000000dc1400000,0x0000000dc1500000)]
  0x000001da8288f800 JavaThread "jar transforms Thread 248" [_thread_blocked, id=3200, stack(0x0000000dc1500000,0x0000000dc1600000)]
  0x000001da82892000 JavaThread "jar transforms Thread 249" [_thread_blocked, id=3220, stack(0x0000000dc1600000,0x0000000dc1700000)]
  0x000001da8288c800 JavaThread "Cache worker for checksums cache (C:\Users\User\AndroidStudioProjects\Loan_Book_MVVM2\.gradle\checksums)" [_thread_blocked, id=1960, stack(0x0000000dc1700000,0x0000000dc1800000)]
  0x000001da82893000 JavaThread "Cache worker for cache directory md-supplier (C:\Users\User\.gradle\caches\6.7.1\md-supplier)" [_thread_blocked, id=10032, stack(0x0000000dc1800000,0x0000000dc1900000)]
  0x000001da8abe7000 JavaThread "Cache worker for cache directory md-rule (C:\Users\User\.gradle\caches\6.7.1\md-rule)" [_thread_blocked, id=10288, stack(0x0000000dc1900000,0x0000000dc1a00000)]
  0x000001da88fb9000 JavaThread "C2 CompilerThread1" daemon [_thread_blocked, id=9800, stack(0x0000000dc1a00000,0x0000000dc1b00000)]
  0x000001da8abe8800 JavaThread "Cache worker for Build Output Cleanup Cache (C:\Users\User\AndroidStudioProjects\Loan_Book_MVVM2\.gradle\buildOutputCleanup)" [_thread_blocked, id=9988, stack(0x0000000dc1b00000,0x0000000dc1c00000)]
  0x000001da8abe6000 JavaThread "Build operations" [_thread_blocked, id=4228, stack(0x0000000dc1c00000,0x0000000dc1d00000)]
  0x000001da8abe7800 JavaThread "Build operations Thread 2" [_thread_blocked, id=8052, stack(0x0000000dc1d00000,0x0000000dc1e00000)]
  0x000001da8abee000 JavaThread "Build operations Thread 3" [_thread_blocked, id=2400, stack(0x0000000dc1e00000,0x0000000dc1f00000)]
  0x000001da8abeb000 JavaThread "Build operations Thread 4" [_thread_blocked, id=3604, stack(0x0000000dc2100000,0x0000000dc2200000)]
  0x000001da8abe9800 JavaThread "jar transforms Thread 250" [_thread_blocked, id=9116, stack(0x0000000dc2200000,0x0000000dc2300000)]
  0x000001da8abed800 JavaThread "jar transforms Thread 251" [_thread_blocked, id=6856, stack(0x0000000dc2300000,0x0000000dc2400000)]
  0x000001da8abf0000 JavaThread "jar transforms Thread 252" [_thread_blocked, id=8372, stack(0x0000000dc2400000,0x0000000dc2500000)]
  0x000001da8abea000 JavaThread "jar transforms Thread 253" [_thread_blocked, id=7344, stack(0x0000000dc2500000,0x0000000dc2600000)]
  0x000001da8abf1800 JavaThread "jar transforms Thread 254" [_thread_blocked, id=7660, stack(0x0000000dc2600000,0x0000000dc2700000)]
  0x000001da8abef000 JavaThread "jar transforms Thread 255" [_thread_blocked, id=7292, stack(0x0000000dc2700000,0x0000000dc2800000)]
  0x000001da8abec000 JavaThread "jar transforms Thread 256" [_thread_blocked, id=2044, stack(0x0000000dc2800000,0x0000000dc2900000)]
  0x000001da8abec800 JavaThread "jar transforms Thread 257" [_thread_blocked, id=10224, stack(0x0000000dc2900000,0x0000000dc2a00000)]
  0x000001da8abf5000 JavaThread "jar transforms Thread 258" [_thread_blocked, id=3996, stack(0x0000000dc2a00000,0x0000000dc2b00000)]
  0x000001da843b6800 JavaThread "jar transforms Thread 259" [_thread_blocked, id=9532, stack(0x0000000dc2b00000,0x0000000dc2c00000)]
  0x000001da843b4000 JavaThread "jar transforms Thread 260" [_thread_blocked, id=5732, stack(0x0000000dc2c00000,0x0000000dc2d00000)]
  0x000001da843b7000 JavaThread "jar transforms Thread 261" [_thread_blocked, id=7924, stack(0x0000000dc2d00000,0x0000000dc2e00000)]
  0x000001da843b8000 JavaThread "jar transforms Thread 262" [_thread_blocked, id=1476, stack(0x0000000dc2e00000,0x0000000dc2f00000)]
  0x000001da843b9800 JavaThread "jar transforms Thread 263" [_thread_blocked, id=4844, stack(0x0000000dc2f00000,0x0000000dc3000000)]
  0x000001da843b5000 JavaThread "jar transforms Thread 264" [_thread_blocked, id=6108, stack(0x0000000dc3000000,0x0000000dc3100000)]
  0x000001da843bd800 JavaThread "jar transforms Thread 265" [_thread_blocked, id=1112, stack(0x0000000dc3100000,0x0000000dc3200000)]
  0x000001da843be800 JavaThread "jar transforms Thread 266" [_thread_blocked, id=976, stack(0x0000000dc3200000,0x0000000dc3300000)]
  0x000001da843b9000 JavaThread "jar transforms Thread 267" [_thread_blocked, id=5924, stack(0x0000000dc3300000,0x0000000dc3400000)]
  0x000001da843bf800 JavaThread "jar transforms Thread 268" [_thread_blocked, id=5176, stack(0x0000000dc3400000,0x0000000dc3500000)]
  0x000001da843c0000 JavaThread "jar transforms Thread 269" [_thread_blocked, id=6932, stack(0x0000000dc3500000,0x0000000dc3600000)]
  0x000001da843c1000 JavaThread "jar transforms Thread 270" [_thread_blocked, id=4624, stack(0x0000000dc3600000,0x0000000dc3700000)]
  0x000001da843c2000 JavaThread "jar transforms Thread 271" [_thread_blocked, id=10252, stack(0x0000000dc3700000,0x0000000dc3800000)]
  0x000001da843c2800 JavaThread "jar transforms Thread 272" [_thread_blocked, id=10656, stack(0x0000000dc3800000,0x0000000dc3900000)]
  0x000001da83be4000 JavaThread "jar transforms Thread 273" [_thread_blocked, id=2352, stack(0x0000000dc3900000,0x0000000dc3a00000)]
  0x000001da83be1800 JavaThread "jar transforms Thread 274" [_thread_blocked, id=4460, stack(0x0000000dc3a00000,0x0000000dc3b00000)]
  0x000001da83bdf000 JavaThread "jar transforms Thread 275" [_thread_blocked, id=5268, stack(0x0000000dc3b00000,0x0000000dc3c00000)]
  0x000001da83be3000 JavaThread "jar transforms Thread 276" [_thread_blocked, id=10760, stack(0x0000000dc3c00000,0x0000000dc3d00000)]
  0x000001da83be5800 JavaThread "jar transforms Thread 277" [_thread_blocked, id=4032, stack(0x0000000dc3d00000,0x0000000dc3e00000)]
  0x000001da83be1000 JavaThread "jar transforms Thread 278" [_thread_blocked, id=6452, stack(0x0000000dc3e00000,0x0000000dc3f00000)]
  0x000001da8b08f000 JavaThread "jar transforms Thread 279" [_thread_blocked, id=1228, stack(0x0000000dc3f00000,0x0000000dc4000000)]
  0x000001da8b090000 JavaThread "jar transforms Thread 280" [_thread_blocked, id=10916, stack(0x0000000dc4000000,0x0000000dc4100000)]
  0x000001da8b092800 JavaThread "jar transforms Thread 281" [_thread_blocked, id=7884, stack(0x0000000dc4100000,0x0000000dc4200000)]
  0x000001da8b090800 JavaThread "jar transforms Thread 282" [_thread_blocked, id=10588, stack(0x0000000dc4200000,0x0000000dc4300000)]
  0x000001da8b093000 JavaThread "jar transforms Thread 283" [_thread_blocked, id=8096, stack(0x0000000dc4300000,0x0000000dc4400000)]
  0x000001da8b091800 JavaThread "jar transforms Thread 284" [_thread_blocked, id=8672, stack(0x0000000dc4400000,0x0000000dc4500000)]
  0x000001da8b094000 JavaThread "jar transforms Thread 285" [_thread_blocked, id=2600, stack(0x0000000dc4500000,0x0000000dc4600000)]
  0x000001da8b08e000 JavaThread "jar transforms Thread 286" [_thread_blocked, id=252, stack(0x0000000dc4600000,0x0000000dc4700000)]
  0x000001da8b095800 JavaThread "jar transforms Thread 287" [_thread_blocked, id=8552, stack(0x0000000dc4700000,0x0000000dc4800000)]
  0x000001da8b097000 JavaThread "jar transforms Thread 288" [_thread_blocked, id=8632, stack(0x0000000dc4800000,0x0000000dc4900000)]
  0x000001da8b096800 JavaThread "jar transforms Thread 289" [_thread_blocked, id=2704, stack(0x0000000dc4900000,0x0000000dc4a00000)]
  0x000001da8b09a800 JavaThread "jar transforms Thread 290" [_thread_blocked, id=9360, stack(0x0000000dc4a00000,0x0000000dc4b00000)]
  0x000001da8b094800 JavaThread "jar transforms Thread 291" [_thread_blocked, id=6256, stack(0x0000000dc4b00000,0x0000000dc4c00000)]
  0x000001da8b09b800 JavaThread "jar transforms Thread 292" [_thread_blocked, id=10908, stack(0x0000000dc4c00000,0x0000000dc4d00000)]
  0x000001da8b09c000 JavaThread "jar transforms Thread 293" [_thread_blocked, id=11188, stack(0x0000000dc4d00000,0x0000000dc4e00000)]
  0x000001da8b09d000 JavaThread "jar transforms Thread 294" [_thread_blocked, id=6188, stack(0x0000000dc4e00000,0x0000000dc4f00000)]
  0x000001da8b099000 JavaThread "jar transforms Thread 295" [_thread_blocked, id=10320, stack(0x0000000dc4f00000,0x0000000dc5000000)]
  0x000001da8b098000 JavaThread "jar transforms Thread 296" [_thread_blocked, id=4644, stack(0x0000000dc5000000,0x0000000dc5100000)]
  0x000001da8b099800 JavaThread "jar transforms Thread 297" [_thread_blocked, id=124, stack(0x0000000dc5100000,0x0000000dc5200000)]
  0x000001da83a87000 JavaThread "jar transforms Thread 298" [_thread_blocked, id=3728, stack(0x0000000dc5200000,0x0000000dc5300000)]
  0x000001da83a88800 JavaThread "jar transforms Thread 299" [_thread_blocked, id=8784, stack(0x0000000dc5300000,0x0000000dc5400000)]
  0x000001da83a89800 JavaThread "jar transforms Thread 300" [_thread_blocked, id=8740, stack(0x0000000dc5400000,0x0000000dc5500000)]
  0x000001da83a8a000 JavaThread "jar transforms Thread 301" [_thread_blocked, id=7856, stack(0x0000000dc5500000,0x0000000dc5600000)]
  0x000001da83a8b000 JavaThread "jar transforms Thread 302" [_thread_blocked, id=5816, stack(0x0000000dc5600000,0x0000000dc5700000)]
  0x000001da83a8c000 JavaThread "jar transforms Thread 303" [_thread_blocked, id=8736, stack(0x0000000dc5700000,0x0000000dc5800000)]
  0x000001da83a86000 JavaThread "jar transforms Thread 304" [_thread_blocked, id=11204, stack(0x0000000dc5800000,0x0000000dc5900000)]
  0x000001da83a88000 JavaThread "jar transforms Thread 305" [_thread_blocked, id=3356, stack(0x0000000dc5900000,0x0000000dc5a00000)]
  0x000001da83a92800 JavaThread "jar transforms Thread 306" [_thread_blocked, id=5304, stack(0x0000000dc5a00000,0x0000000dc5b00000)]
  0x000001da83a8e800 JavaThread "jar transforms Thread 307" [_thread_blocked, id=9464, stack(0x0000000dc5b00000,0x0000000dc5c00000)]
  0x000001da83a91800 JavaThread "jar transforms Thread 308" [_thread_blocked, id=9172, stack(0x0000000dc5c00000,0x0000000dc5d00000)]
  0x000001da83a90000 JavaThread "jar transforms Thread 309" [_thread_blocked, id=3228, stack(0x0000000dc5d00000,0x0000000dc5e00000)]
  0x000001da83a8c800 JavaThread "jar transforms Thread 310" [_thread_blocked, id=5976, stack(0x0000000dc5e00000,0x0000000dc5f00000)]
  0x000001da83a8d800 JavaThread "jar transforms Thread 311" [_thread_blocked, id=3964, stack(0x0000000dc5f00000,0x0000000dc6000000)]
  0x000001da83a94000 JavaThread "jar transforms Thread 312" [_thread_blocked, id=4020, stack(0x0000000dc6000000,0x0000000dc6100000)]
  0x000001da83a91000 JavaThread "jar transforms Thread 313" [_thread_blocked, id=5828, stack(0x0000000dc6100000,0x0000000dc6200000)]
  0x000001da83a93000 JavaThread "jar transforms Thread 314" [_thread_blocked, id=6300, stack(0x0000000dc6200000,0x0000000dc6300000)]
  0x000001da83a95000 JavaThread "jar transforms Thread 315" [_thread_blocked, id=9744, stack(0x0000000dc6300000,0x0000000dc6400000)]
  0x000001da83a8f000 JavaThread "jar transforms Thread 316" [_thread_blocked, id=1936, stack(0x0000000dc6400000,0x0000000dc6500000)]
  0x000001da878af800 JavaThread "jar transforms Thread 317" [_thread_blocked, id=5644, stack(0x0000000dc6500000,0x0000000dc6600000)]
  0x000001da878ae800 JavaThread "jar transforms Thread 318" [_thread_blocked, id=6376, stack(0x0000000dc6600000,0x0000000dc6700000)]
  0x000001da878b0800 JavaThread "jar transforms Thread 319" [_thread_blocked, id=6556, stack(0x0000000dc6700000,0x0000000dc6800000)]
  0x000001da878ad000 JavaThread "jar transforms Thread 320" [_thread_blocked, id=6504, stack(0x0000000dc6800000,0x0000000dc6900000)]
  0x000001da878ae000 JavaThread "jar transforms Thread 321" [_thread_blocked, id=5472, stack(0x0000000dc6900000,0x0000000dc6a00000)]
  0x000001da878b1000 JavaThread "jar transforms Thread 322" [_thread_blocked, id=4120, stack(0x0000000dc6a00000,0x0000000dc6b00000)]
  0x000001da878ac800 JavaThread "jar transforms Thread 323" [_thread_blocked, id=9740, stack(0x0000000dc6b00000,0x0000000dc6c00000)]
  0x000001da878b4800 JavaThread "jar transforms Thread 324" [_thread_blocked, id=10724, stack(0x0000000dc6c00000,0x0000000dc6d00000)]
  0x000001da878b5000 JavaThread "jar transforms Thread 325" [_thread_blocked, id=8072, stack(0x0000000dc6d00000,0x0000000dc6e00000)]
  0x000001da878b3800 JavaThread "jar transforms Thread 326" [_thread_blocked, id=8608, stack(0x0000000dc6e00000,0x0000000dc6f00000)]
  0x000001da878b6000 JavaThread "jar transforms Thread 327" [_thread_blocked, id=5636, stack(0x0000000dc6f00000,0x0000000dc7000000)]
  0x000001da878b7000 JavaThread "jar transforms Thread 328" [_thread_blocked, id=10440, stack(0x0000000dc7000000,0x0000000dc7100000)]
  0x000001da878b3000 JavaThread "jar transforms Thread 329" [_thread_blocked, id=4936, stack(0x0000000dc7100000,0x0000000dc7200000)]
  0x000001da878b2000 JavaThread "jar transforms Thread 330" [_thread_blocked, id=1012, stack(0x0000000dc7200000,0x0000000dc7300000)]
  0x000001da878b8800 JavaThread "jar transforms Thread 331" [_thread_blocked, id=3704, stack(0x0000000dc7300000,0x0000000dc7400000)]
  0x000001da878b9800 JavaThread "jar transforms Thread 332" [_thread_blocked, id=6876, stack(0x0000000dc7400000,0x0000000dc7500000)]
  0x000001da878b7800 JavaThread "jar transforms Thread 333" [_thread_blocked, id=2512, stack(0x0000000dc7500000,0x0000000dc7600000)]
  0x000001da878bb000 JavaThread "jar transforms Thread 334" [_thread_blocked, id=6456, stack(0x0000000dc7600000,0x0000000dc7700000)]
  0x000001da878ba000 JavaThread "jar transforms Thread 335" [_thread_blocked, id=2348, stack(0x0000000dc7700000,0x0000000dc7800000)]
  0x000001da87195000 JavaThread "jar transforms Thread 336" [_thread_blocked, id=1884, stack(0x0000000dc7800000,0x0000000dc7900000)]
  0x000001da87192800 JavaThread "jar transforms Thread 337" [_thread_blocked, id=8092, stack(0x0000000dc7900000,0x0000000dc7a00000)]
  0x000001da87196000 JavaThread "jar transforms Thread 338" [_thread_blocked, id=6160, stack(0x0000000dc7a00000,0x0000000dc7b00000)]
  0x000001da87194800 JavaThread "jar transforms Thread 339" [_thread_blocked, id=6848, stack(0x0000000dc7b00000,0x0000000dc7c00000)]
  0x000001da87197800 JavaThread "jar transforms Thread 340" [_thread_blocked, id=7512, stack(0x0000000dc7c00000,0x0000000dc7d00000)]
  0x000001da87196800 JavaThread "jar transforms Thread 341" [_thread_blocked, id=8932, stack(0x0000000dc7d00000,0x0000000dc7e00000)]
  0x000001da87198800 JavaThread "jar transforms Thread 342" [_thread_blocked, id=5448, stack(0x0000000dc7e00000,0x0000000dc7f00000)]
  0x000001da87199000 JavaThread "jar transforms Thread 343" [_thread_blocked, id=6336, stack(0x0000000dc7f00000,0x0000000dc8000000)]
  0x000001da87193800 JavaThread "jar transforms Thread 344" [_thread_blocked, id=8904, stack(0x0000000dc8000000,0x0000000dc8100000)]
  0x000001da8719b000 JavaThread "jar transforms Thread 345" [_thread_blocked, id=6000, stack(0x0000000dc8100000,0x0000000dc8200000)]
  0x000001da8719f000 JavaThread "jar transforms Thread 346" [_thread_blocked, id=10200, stack(0x0000000dc8200000,0x0000000dc8300000)]
  0x000001da8719b800 JavaThread "jar transforms Thread 347" [_thread_blocked, id=7644, stack(0x0000000dc8300000,0x0000000dc8400000)]
  0x000001da8719d000 JavaThread "jar transforms Thread 348" [_thread_blocked, id=9692, stack(0x0000000dc8400000,0x0000000dc8500000)]
  0x000001da8719c800 JavaThread "jar transforms Thread 349" [_thread_blocked, id=5224, stack(0x0000000dc8500000,0x0000000dc8600000)]
  0x000001da8719a000 JavaThread "jar transforms Thread 350" [_thread_blocked, id=10556, stack(0x0000000dc8600000,0x0000000dc8700000)]
  0x000001da8719f800 JavaThread "jar transforms Thread 351" [_thread_blocked, id=5916, stack(0x0000000dc8700000,0x0000000dc8800000)]
  0x000001da871a1800 JavaThread "jar transforms Thread 352" [_thread_blocked, id=7532, stack(0x0000000dc8800000,0x0000000dc8900000)]
  0x000001da871a0800 JavaThread "jar transforms Thread 353" [_thread_blocked, id=5512, stack(0x0000000dc8900000,0x0000000dc8a00000)]
  0x000001da8719e000 JavaThread "jar transforms Thread 354" [_thread_blocked, id=216, stack(0x0000000dc8a00000,0x0000000dc8b00000)]
  0x000001da87057000 JavaThread "jar transforms Thread 355" [_thread_blocked, id=6976, stack(0x0000000dc8b00000,0x0000000dc8c00000)]
  0x000001da87056000 JavaThread "jar transforms Thread 356" [_thread_blocked, id=6352, stack(0x0000000dc8c00000,0x0000000dc8d00000)]
  0x000001da87059800 JavaThread "jar transforms Thread 357" [_thread_blocked, id=264, stack(0x0000000dc8d00000,0x0000000dc8e00000)]
  0x000001da8705a800 JavaThread "jar transforms Thread 358" [_thread_blocked, id=3480, stack(0x0000000dc8e00000,0x0000000dc8f00000)]
  0x000001da8705b000 JavaThread "jar transforms Thread 359" [_thread_blocked, id=5420, stack(0x0000000dc8f00000,0x0000000dc9000000)]
  0x000001da8705c000 JavaThread "jar transforms Thread 360" [_thread_blocked, id=11152, stack(0x0000000dc9000000,0x0000000dc9100000)]
  0x000001da8705c800 JavaThread "jar transforms Thread 361" [_thread_blocked, id=6588, stack(0x0000000dc9100000,0x0000000dc9200000)]
  0x000001da8705d800 JavaThread "jar transforms Thread 362" [_thread_blocked, id=6136, stack(0x0000000dc9200000,0x0000000dc9300000)]
  0x000001da87058000 JavaThread "jar transforms Thread 363" [_thread_blocked, id=10268, stack(0x0000000dc9300000,0x0000000dc9400000)]

Other Threads:
  0x000001dafeb69000 VMThread "VM Thread" [stack: 0x0000000dbf500000,0x0000000dbf600000] [id=6612]
  0x000001daff65e800 WatcherThread [stack: 0x0000000dbff00000,0x0000000dc0000000] [id=8144]
=>0x000001dae7143000 GCTaskThread "GC Thread#0" [stack: 0x0000000dbf000000,0x0000000dbf100000] [id=7204]
  0x000001da825fd000 GCTaskThread "GC Thread#1" [stack: 0x0000000dc0200000,0x0000000dc0300000] [id=8284]
  0x000001da83f21000 GCTaskThread "GC Thread#2" [stack: 0x0000000dc0f00000,0x0000000dc1000000] [id=1224]
  0x000001da83538800 GCTaskThread "GC Thread#3" [stack: 0x0000000dc1000000,0x0000000dc1100000] [id=4612]
  0x000001dae7173800 ConcurrentGCThread "G1 Main Marker" [stack: 0x0000000dbf100000,0x0000000dbf200000] [id=8156]
  0x000001dae7176000 ConcurrentGCThread "G1 Conc#0" [stack: 0x0000000dbf200000,0x0000000dbf300000] [id=8152]
  0x000001dae71d7800 ConcurrentGCThread "G1 Refine#0" [stack: 0x0000000dbf300000,0x0000000dbf400000] [id=1472]
  0x000001dae71d8800 ConcurrentGCThread "G1 Young RemSet Sampling" [stack: 0x0000000dbf400000,0x0000000dbf500000] [id=2824]

Threads with active compile tasks:
C2 CompilerThread0 869451 12461       4       org.gradle.internal.operations.DefaultBuildOperationRunner::execute (140 bytes)
C2 CompilerThread1 869451 12375       4       org.gradle.internal.logging.sink.OutputEventTransformer::onOutput (399 bytes)

VM state:at safepoint (normal execution)

VM Mutex/Monitor currently owned by a thread:  ([mutex/lock_event])
[0x000001dae712c790] Threads_lock - owner thread: 0x000001dafeb69000
[0x000001dae712c5e0] Heap_lock - owner thread: 0x000001dae7173800

Heap address: 0x0000000080000000, size: 2048 MB, Compressed Oops mode: 32-bit
Narrow klass base: 0x0000000000000000, Narrow klass shift: 3
Compressed class space size: 1073741824 Address: 0x0000000100000000

Heap:
 garbage-first heap   total 164864K, used 102921K [0x0000000080000000, 0x0000000100000000)
  region size 1024K, 5 young (5120K), 4 survivors (4096K)
 Metaspace       used 94243K, capacity 96845K, committed 97228K, reserved 1134592K
  class space    used 11988K, capacity 12870K, committed 13004K, reserved 1048576K
Heap Regions: E=young(eden), S=young(survivor), O=old, HS=humongous(starts), HC=humongous(continues), CS=collection set, F=free, A=archive, TAMS=top-at-mark-start (previous, next)
|   0|0x0000000080000000, 0x0000000080100000, 0x0000000080100000|100%| O|  |TAMS 0x0000000080100000, 0x0000000080100000| Untracked 
|   1|0x0000000080100000, 0x0000000080200000, 0x0000000080200000|100%| O|  |TAMS 0x0000000080200000, 0x0000000080200000| Untracked 
|   2|0x0000000080200000, 0x0000000080300000, 0x0000000080300000|100%| O|  |TAMS 0x0000000080300000, 0x0000000080300000| Untracked 
|   3|0x0000000080300000, 0x0000000080400000, 0x0000000080400000|100%|HS|  |TAMS 0x0000000080400000, 0x0000000080400000| Complete 
|   4|0x0000000080400000, 0x0000000080500000, 0x0000000080500000|100%|HC|  |TAMS 0x0000000080500000, 0x0000000080500000| Complete 
|   5|0x0000000080500000, 0x0000000080600000, 0x0000000080600000|100%|HC|  |TAMS 0x0000000080600000, 0x0000000080600000| Complete 
|   6|0x0000000080600000, 0x0000000080700000, 0x0000000080700000|100%| O|  |TAMS 0x0000000080700000, 0x0000000080700000| Untracked 
|   7|0x0000000080700000, 0x0000000080800000, 0x0000000080800000|100%| O|  |TAMS 0x0000000080800000, 0x0000000080800000| Untracked 
|   8|0x0000000080800000, 0x0000000080900000, 0x0000000080900000|100%| O|  |TAMS 0x0000000080900000, 0x0000000080900000| Untracked 
|   9|0x0000000080900000, 0x0000000080a00000, 0x0000000080a00000|100%| O|  |TAMS 0x0000000080a00000, 0x0000000080a00000| Untracked 
|  10|0x0000000080a00000, 0x0000000080b00000, 0x0000000080b00000|100%| O|  |TAMS 0x0000000080b00000, 0x0000000080b00000| Untracked 
|  11|0x0000000080b00000, 0x0000000080c00000, 0x0000000080c00000|100%| O|  |TAMS 0x0000000080c00000, 0x0000000080c00000| Untracked 
|  12|0x0000000080c00000, 0x0000000080d00000, 0x0000000080d00000|100%| O|  |TAMS 0x0000000080d00000, 0x0000000080d00000| Untracked 
|  13|0x0000000080d00000, 0x0000000080e00000, 0x0000000080e00000|100%|HS|  |TAMS 0x0000000080e00000, 0x0000000080e00000| Complete 
|  14|0x0000000080e00000, 0x0000000080f00000, 0x0000000080f00000|100%|HC|  |TAMS 0x0000000080f00000, 0x0000000080f00000| Complete 
|  15|0x0000000080f00000, 0x0000000081000000, 0x0000000081000000|100%|HS|  |TAMS 0x0000000081000000, 0x0000000081000000| Complete 
|  16|0x0000000081000000, 0x0000000081100000, 0x0000000081100000|100%|HC|  |TAMS 0x0000000081100000, 0x0000000081100000| Complete 
|  17|0x0000000081100000, 0x0000000081200000, 0x0000000081200000|100%|HC|  |TAMS 0x0000000081200000, 0x0000000081200000| Complete 
|  18|0x0000000081200000, 0x0000000081300000, 0x0000000081300000|100%| O|  |TAMS 0x0000000081300000, 0x0000000081300000| Untracked 
|  19|0x0000000081300000, 0x0000000081400000, 0x0000000081400000|100%| O|  |TAMS 0x0000000081400000, 0x0000000081400000| Untracked 
|  20|0x0000000081400000, 0x0000000081500000, 0x0000000081500000|100%| O|  |TAMS 0x0000000081500000, 0x0000000081500000| Untracked 
|  21|0x0000000081500000, 0x0000000081600000, 0x0000000081600000|100%| O|  |TAMS 0x0000000081600000, 0x0000000081600000| Untracked 
|  22|0x0000000081600000, 0x0000000081700000, 0x0000000081700000|100%| O|  |TAMS 0x0000000081700000, 0x0000000081700000| Untracked 
|  23|0x0000000081700000, 0x0000000081800000, 0x0000000081800000|100%|HS|  |TAMS 0x0000000081800000, 0x0000000081800000| Complete 
|  24|0x0000000081800000, 0x0000000081900000, 0x0000000081900000|100%|HS|  |TAMS 0x0000000081900000, 0x0000000081900000| Complete 
|  25|0x0000000081900000, 0x0000000081a00000, 0x0000000081a00000|100%|HS|  |TAMS 0x0000000081a00000, 0x0000000081a00000| Complete 
|  26|0x0000000081a00000, 0x0000000081b00000, 0x0000000081b00000|100%|HC|  |TAMS 0x0000000081b00000, 0x0000000081b00000| Complete 
|  27|0x0000000081b00000, 0x0000000081c00000, 0x0000000081c00000|100%| O|  |TAMS 0x0000000081c00000, 0x0000000081c00000| Untracked 
|  28|0x0000000081c00000, 0x0000000081d00000, 0x0000000081d00000|100%| O|  |TAMS 0x0000000081d00000, 0x0000000081d00000| Untracked 
|  29|0x0000000081d00000, 0x0000000081e00000, 0x0000000081e00000|100%| O|  |TAMS 0x0000000081e00000, 0x0000000081e00000| Untracked 
|  30|0x0000000081e00000, 0x0000000081f00000, 0x0000000081f00000|100%| O|  |TAMS 0x0000000081f00000, 0x0000000081f00000| Untracked 
|  31|0x0000000081f00000, 0x0000000082000000, 0x0000000082000000|100%|HS|  |TAMS 0x0000000082000000, 0x0000000082000000| Complete 
|  32|0x0000000082000000, 0x0000000082100000, 0x0000000082100000|100%|HC|  |TAMS 0x0000000082100000, 0x0000000082100000| Complete 
|  33|0x0000000082100000, 0x0000000082200000, 0x0000000082200000|100%|HC|  |TAMS 0x0000000082200000, 0x0000000082200000| Complete 
|  34|0x0000000082200000, 0x0000000082300000, 0x0000000082300000|100%| O|  |TAMS 0x0000000082300000, 0x0000000082300000| Untracked 
|  35|0x0000000082300000, 0x0000000082400000, 0x0000000082400000|100%| O|  |TAMS 0x0000000082400000, 0x0000000082400000| Untracked 
|  36|0x0000000082400000, 0x0000000082500000, 0x0000000082500000|100%| O|  |TAMS 0x0000000082500000, 0x0000000082500000| Untracked 
|  37|0x0000000082500000, 0x0000000082600000, 0x0000000082600000|100%| O|  |TAMS 0x0000000082600000, 0x0000000082600000| Untracked 
|  38|0x0000000082600000, 0x0000000082600000, 0x0000000082700000|  0%| F|  |TAMS 0x0000000082600000, 0x0000000082600000| Untracked 
|  39|0x0000000082700000, 0x0000000082800000, 0x0000000082800000|100%| O|  |TAMS 0x0000000082700000, 0x0000000082800000| Untracked 
|  40|0x0000000082800000, 0x0000000082900000, 0x0000000082900000|100%| O|  |TAMS 0x0000000082900000, 0x0000000082900000| Untracked 
|  41|0x0000000082900000, 0x0000000082a00000, 0x0000000082a00000|100%| O|  |TAMS 0x0000000082a00000, 0x0000000082a00000| Untracked 
|  42|0x0000000082a00000, 0x0000000082b00000, 0x0000000082b00000|100%| O|  |TAMS 0x0000000082b00000, 0x0000000082b00000| Untracked 
|  43|0x0000000082b00000, 0x0000000082c00000, 0x0000000082c00000|100%| O|  |TAMS 0x0000000082c00000, 0x0000000082c00000| Untracked 
|  44|0x0000000082c00000, 0x0000000082d00000, 0x0000000082d00000|100%| O|  |TAMS 0x0000000082d00000, 0x0000000082d00000| Untracked 
|  45|0x0000000082d00000, 0x0000000082e00000, 0x0000000082e00000|100%| O|  |TAMS 0x0000000082e00000, 0x0000000082e00000| Untracked 
|  46|0x0000000082e00000, 0x0000000082f00000, 0x0000000082f00000|100%| O|  |TAMS 0x0000000082f00000, 0x0000000082f00000| Untracked 
|  47|0x0000000082f00000, 0x0000000083000000, 0x0000000083000000|100%| O|  |TAMS 0x0000000083000000, 0x0000000083000000| Untracked 
|  48|0x0000000083000000, 0x0000000083100000, 0x0000000083100000|100%| O|  |TAMS 0x0000000083100000, 0x0000000083100000| Untracked 
|  49|0x0000000083100000, 0x0000000083200000, 0x0000000083200000|100%| O|  |TAMS 0x0000000083200000, 0x0000000083200000| Untracked 
|  50|0x0000000083200000, 0x0000000083300000, 0x0000000083300000|100%| O|  |TAMS 0x0000000083300000, 0x0000000083300000| Untracked 
|  51|0x0000000083300000, 0x0000000083400000, 0x0000000083400000|100%| O|  |TAMS 0x0000000083400000, 0x0000000083400000| Untracked 
|  52|0x0000000083400000, 0x0000000083500000, 0x0000000083500000|100%| O|  |TAMS 0x0000000083500000, 0x0000000083500000| Untracked 
|  53|0x0000000083500000, 0x0000000083600000, 0x0000000083600000|100%| O|  |TAMS 0x0000000083600000, 0x0000000083600000| Untracked 
|  54|0x0000000083600000, 0x0000000083700000, 0x0000000083700000|100%| O|  |TAMS 0x0000000083700000, 0x0000000083700000| Untracked 
|  55|0x0000000083700000, 0x0000000083800000, 0x0000000083800000|100%| O|  |TAMS 0x0000000083800000, 0x0000000083800000| Untracked 
|  56|0x0000000083800000, 0x0000000083900000, 0x0000000083900000|100%| O|  |TAMS 0x0000000083900000, 0x0000000083900000| Untracked 
|  57|0x0000000083900000, 0x0000000083a00000, 0x0000000083a00000|100%| O|  |TAMS 0x0000000083a00000, 0x0000000083a00000| Untracked 
|  58|0x0000000083a00000, 0x0000000083b00000, 0x0000000083b00000|100%| O|  |TAMS 0x0000000083b00000, 0x0000000083b00000| Untracked 
|  59|0x0000000083b00000, 0x0000000083c00000, 0x0000000083c00000|100%| O|  |TAMS 0x0000000083c00000, 0x0000000083c00000| Untracked 
|  60|0x0000000083c00000, 0x0000000083d00000, 0x0000000083d00000|100%| O|  |TAMS 0x0000000083d00000, 0x0000000083d00000| Untracked 
|  61|0x0000000083d00000, 0x0000000083e00000, 0x0000000083e00000|100%| O|  |TAMS 0x0000000083e00000, 0x0000000083e00000| Untracked 
|  62|0x0000000083e00000, 0x0000000083f00000, 0x0000000083f00000|100%| O|  |TAMS 0x0000000083f00000, 0x0000000083f00000| Untracked 
|  63|0x0000000083f00000, 0x0000000084000000, 0x0000000084000000|100%| O|  |TAMS 0x0000000084000000, 0x0000000084000000| Untracked 
|  64|0x0000000084000000, 0x0000000084100000, 0x0000000084100000|100%| O|  |TAMS 0x0000000084100000, 0x0000000084100000| Untracked 
|  65|0x0000000084100000, 0x0000000084200000, 0x0000000084200000|100%| O|  |TAMS 0x0000000084200000, 0x0000000084200000| Untracked 
|  66|0x0000000084200000, 0x0000000084300000, 0x0000000084300000|100%| O|  |TAMS 0x0000000084300000, 0x0000000084300000| Untracked 
|  67|0x0000000084300000, 0x0000000084400000, 0x0000000084400000|100%| O|  |TAMS 0x0000000084400000, 0x0000000084400000| Untracked 
|  68|0x0000000084400000, 0x0000000084500000, 0x0000000084500000|100%| O|  |TAMS 0x0000000084500000, 0x0000000084500000| Untracked 
|  69|0x0000000084500000, 0x0000000084600000, 0x0000000084600000|100%| O|  |TAMS 0x0000000084600000, 0x0000000084600000| Untracked 
|  70|0x0000000084600000, 0x0000000084700000, 0x0000000084700000|100%| O|  |TAMS 0x0000000084700000, 0x0000000084700000| Untracked 
|  71|0x0000000084700000, 0x0000000084800000, 0x0000000084800000|100%| O|  |TAMS 0x0000000084800000, 0x0000000084800000| Untracked 
|  72|0x0000000084800000, 0x0000000084900000, 0x0000000084900000|100%| O|  |TAMS 0x0000000084900000, 0x0000000084900000| Untracked 
|  73|0x0000000084900000, 0x0000000084a00000, 0x0000000084a00000|100%| O|  |TAMS 0x0000000084a00000, 0x0000000084a00000| Untracked 
|  74|0x0000000084a00000, 0x0000000084b00000, 0x0000000084b00000|100%| O|  |TAMS 0x0000000084b00000, 0x0000000084b00000| Untracked 
|  75|0x0000000084b00000, 0x0000000084c00000, 0x0000000084c00000|100%| O|  |TAMS 0x0000000084c00000, 0x0000000084c00000| Untracked 
|  76|0x0000000084c00000, 0x0000000084d00000, 0x0000000084d00000|100%| O|  |TAMS 0x0000000084d00000, 0x0000000084d00000| Untracked 
|  77|0x0000000084d00000, 0x0000000084e00000, 0x0000000084e00000|100%| O|  |TAMS 0x0000000084e00000, 0x0000000084e00000| Untracked 
|  78|0x0000000084e00000, 0x0000000084f00000, 0x0000000084f00000|100%| O|  |TAMS 0x0000000084f00000, 0x0000000084f00000| Untracked 
|  79|0x0000000084f00000, 0x0000000085000000, 0x0000000085000000|100%| O|  |TAMS 0x0000000085000000, 0x0000000085000000| Untracked 
|  80|0x0000000085000000, 0x0000000085100000, 0x0000000085100000|100%| O|  |TAMS 0x0000000085100000, 0x0000000085100000| Untracked 
|  81|0x0000000085100000, 0x0000000085200000, 0x0000000085200000|100%| O|  |TAMS 0x0000000085200000, 0x0000000085200000| Untracked 
|  82|0x0000000085200000, 0x0000000085300000, 0x0000000085300000|100%| O|  |TAMS 0x0000000085300000, 0x0000000085300000| Untracked 
|  83|0x0000000085300000, 0x0000000085400000, 0x0000000085400000|100%| O|  |TAMS 0x0000000085400000, 0x0000000085400000| Untracked 
|  84|0x0000000085400000, 0x0000000085500000, 0x0000000085500000|100%| O|  |TAMS 0x0000000085500000, 0x0000000085500000| Untracked 
|  85|0x0000000085500000, 0x0000000085600000, 0x0000000085600000|100%| O|  |TAMS 0x0000000085500000, 0x0000000085600000| Untracked 
|  86|0x0000000085600000, 0x0000000085700000, 0x0000000085700000|100%| O|  |TAMS 0x0000000085700000, 0x0000000085700000| Untracked 
|  87|0x0000000085700000, 0x0000000085800000, 0x0000000085800000|100%| O|  |TAMS 0x0000000085800000, 0x0000000085800000| Untracked 
|  88|0x0000000085800000, 0x0000000085900000, 0x0000000085900000|100%| O|  |TAMS 0x0000000085900000, 0x0000000085900000| Untracked 
|  89|0x0000000085900000, 0x0000000085a00000, 0x0000000085a00000|100%| O|  |TAMS 0x0000000085a00000, 0x0000000085a00000| Untracked 
|  90|0x0000000085a00000, 0x0000000085b00000, 0x0000000085b00000|100%| O|  |TAMS 0x0000000085b00000, 0x0000000085b00000| Untracked 
|  91|0x0000000085b00000, 0x0000000085c00000, 0x0000000085c00000|100%| O|  |TAMS 0x0000000085c00000, 0x0000000085c00000| Untracked 
|  92|0x0000000085c00000, 0x0000000085d00000, 0x0000000085d00000|100%| O|  |TAMS 0x0000000085d00000, 0x0000000085d00000| Untracked 
|  93|0x0000000085d00000, 0x0000000085e00000, 0x0000000085e00000|100%| O|  |TAMS 0x0000000085e00000, 0x0000000085e00000| Untracked 
|  94|0x0000000085e00000, 0x0000000085f00000, 0x0000000085f00000|100%| O|  |TAMS 0x0000000085e8a400, 0x0000000085f00000| Untracked 
|  95|0x0000000085f00000, 0x0000000086000000, 0x0000000086000000|100%| O|  |TAMS 0x0000000085f00000, 0x0000000086000000| Untracked 
|  96|0x0000000086000000, 0x0000000086100000, 0x0000000086100000|100%| O|  |TAMS 0x0000000086000000, 0x0000000086100000| Untracked 
|  97|0x0000000086100000, 0x00000000861c8a00, 0x0000000086200000| 78%| O|  |TAMS 0x0000000086100000, 0x00000000861c8a00| Untracked 
|  98|0x0000000086200000, 0x0000000086200000, 0x0000000086300000|  0%| F|  |TAMS 0x0000000086200000, 0x0000000086200000| Untracked 
|  99|0x0000000086300000, 0x0000000086300000, 0x0000000086400000|  0%| F|  |TAMS 0x0000000086300000, 0x0000000086300000| Untracked 
| 100|0x0000000086400000, 0x0000000086400000, 0x0000000086500000|  0%| F|  |TAMS 0x0000000086400000, 0x0000000086400000| Untracked 
| 101|0x0000000086500000, 0x0000000086500000, 0x0000000086600000|  0%| F|  |TAMS 0x0000000086500000, 0x0000000086500000| Untracked 
| 102|0x0000000086600000, 0x0000000086600000, 0x0000000086700000|  0%| F|  |TAMS 0x0000000086600000, 0x0000000086600000| Untracked 
| 103|0x0000000086700000, 0x0000000086700000, 0x0000000086800000|  0%| F|  |TAMS 0x0000000086700000, 0x0000000086700000| Untracked 
| 104|0x0000000086800000, 0x0000000086800000, 0x0000000086900000|  0%| F|  |TAMS 0x0000000086800000, 0x0000000086800000| Untracked 
| 105|0x0000000086900000, 0x0000000086900000, 0x0000000086a00000|  0%| F|  |TAMS 0x0000000086900000, 0x0000000086900000| Untracked 
| 106|0x0000000086a00000, 0x0000000086a00000, 0x0000000086b00000|  0%| F|  |TAMS 0x0000000086a00000, 0x0000000086a00000| Untracked 
| 107|0x0000000086b00000, 0x0000000086b00000, 0x0000000086c00000|  0%| F|  |TAMS 0x0000000086b00000, 0x0000000086b00000| Untracked 
| 108|0x0000000086c00000, 0x0000000086c00000, 0x0000000086d00000|  0%| F|  |TAMS 0x0000000086c00000, 0x0000000086c00000| Untracked 
| 109|0x0000000086d00000, 0x0000000086d00000, 0x0000000086e00000|  0%| F|  |TAMS 0x0000000086d00000, 0x0000000086d00000| Untracked 
| 110|0x0000000086e00000, 0x0000000086e00000, 0x0000000086f00000|  0%| F|  |TAMS 0x0000000086e00000, 0x0000000086e00000| Untracked 
| 111|0x0000000086f00000, 0x0000000086f00000, 0x0000000087000000|  0%| F|  |TAMS 0x0000000086f00000, 0x0000000086f00000| Untracked 
| 112|0x0000000087000000, 0x0000000087000000, 0x0000000087100000|  0%| F|  |TAMS 0x0000000087000000, 0x0000000087000000| Untracked 
| 113|0x0000000087100000, 0x0000000087100000, 0x0000000087200000|  0%| F|  |TAMS 0x0000000087100000, 0x0000000087100000| Untracked 
| 114|0x0000000087200000, 0x0000000087200000, 0x0000000087300000|  0%| F|  |TAMS 0x0000000087200000, 0x0000000087200000| Untracked 
| 115|0x0000000087300000, 0x0000000087300000, 0x0000000087400000|  0%| F|  |TAMS 0x0000000087300000, 0x0000000087300000| Untracked 
| 116|0x0000000087400000, 0x0000000087400000, 0x0000000087500000|  0%| F|  |TAMS 0x0000000087400000, 0x0000000087400000| Untracked 
| 117|0x0000000087500000, 0x0000000087500000, 0x0000000087600000|  0%| F|  |TAMS 0x0000000087500000, 0x0000000087500000| Untracked 
| 118|0x0000000087600000, 0x00000000876b9b80, 0x0000000087700000| 72%| S|CS|TAMS 0x0000000087600000, 0x0000000087600000| Complete 
| 119|0x0000000087700000, 0x0000000087800000, 0x0000000087800000|100%| S|CS|TAMS 0x0000000087700000, 0x0000000087700000| Complete 
| 120|0x0000000087800000, 0x0000000087900000, 0x0000000087900000|100%| S|CS|TAMS 0x0000000087800000, 0x0000000087800000| Complete 
| 121|0x0000000087900000, 0x0000000087a00000, 0x0000000087a00000|100%| S|CS|TAMS 0x0000000087900000, 0x0000000087900000| Complete 
| 122|0x0000000087a00000, 0x0000000087a00000, 0x0000000087b00000|  0%| F|  |TAMS 0x0000000087a00000, 0x0000000087a00000| Untracked 
| 123|0x0000000087b00000, 0x0000000087b00000, 0x0000000087c00000|  0%| F|  |TAMS 0x0000000087b00000, 0x0000000087b00000| Untracked 
| 124|0x0000000087c00000, 0x0000000087c00000, 0x0000000087d00000|  0%| F|  |TAMS 0x0000000087c00000, 0x0000000087c00000| Untracked 
| 125|0x0000000087d00000, 0x0000000087d00000, 0x0000000087e00000|  0%| F|  |TAMS 0x0000000087d00000, 0x0000000087d00000| Untracked 
| 126|0x0000000087e00000, 0x0000000087e00000, 0x0000000087f00000|  0%| F|  |TAMS 0x0000000087e00000, 0x0000000087e00000| Untracked 
| 127|0x0000000087f00000, 0x0000000087f00000, 0x0000000088000000|  0%| F|  |TAMS 0x0000000087f00000, 0x0000000087f00000| Untracked 
| 128|0x0000000088000000, 0x0000000088000000, 0x0000000088100000|  0%| F|  |TAMS 0x0000000088000000, 0x0000000088000000| Untracked 
| 129|0x0000000088100000, 0x0000000088100000, 0x0000000088200000|  0%| F|  |TAMS 0x0000000088100000, 0x0000000088100000| Untracked 
| 130|0x0000000088200000, 0x0000000088200000, 0x0000000088300000|  0%| F|  |TAMS 0x0000000088200000, 0x0000000088200000| Untracked 
| 131|0x0000000088300000, 0x0000000088300000, 0x0000000088400000|  0%| F|  |TAMS 0x0000000088300000, 0x0000000088300000| Untracked 
| 132|0x0000000088400000, 0x0000000088400000, 0x0000000088500000|  0%| F|  |TAMS 0x0000000088400000, 0x0000000088400000| Untracked 
| 133|0x0000000088500000, 0x0000000088500000, 0x0000000088600000|  0%| F|  |TAMS 0x0000000088500000, 0x0000000088500000| Untracked 
| 134|0x0000000088600000, 0x0000000088600000, 0x0000000088700000|  0%| F|  |TAMS 0x0000000088600000, 0x0000000088600000| Untracked 
| 135|0x0000000088700000, 0x0000000088700000, 0x0000000088800000|  0%| F|  |TAMS 0x0000000088700000, 0x0000000088700000| Untracked 
| 136|0x0000000088800000, 0x0000000088800000, 0x0000000088900000|  0%| F|  |TAMS 0x0000000088800000, 0x0000000088800000| Untracked 
| 137|0x0000000088900000, 0x0000000088900000, 0x0000000088a00000|  0%| F|  |TAMS 0x0000000088900000, 0x0000000088900000| Untracked 
| 138|0x0000000088a00000, 0x0000000088a00000, 0x0000000088b00000|  0%| F|  |TAMS 0x0000000088a00000, 0x0000000088a00000| Untracked 
| 139|0x0000000088b00000, 0x0000000088b00000, 0x0000000088c00000|  0%| F|  |TAMS 0x0000000088b00000, 0x0000000088b00000| Untracked 
| 140|0x0000000088c00000, 0x0000000088c00000, 0x0000000088d00000|  0%| F|  |TAMS 0x0000000088c00000, 0x0000000088c00000| Untracked 
| 141|0x0000000088d00000, 0x0000000088d00000, 0x0000000088e00000|  0%| F|  |TAMS 0x0000000088d00000, 0x0000000088d00000| Untracked 
| 142|0x0000000088e00000, 0x0000000088e00000, 0x0000000088f00000|  0%| F|  |TAMS 0x0000000088e00000, 0x0000000088e00000| Untracked 
| 143|0x0000000088f00000, 0x0000000088f00000, 0x0000000089000000|  0%| F|  |TAMS 0x0000000088f00000, 0x0000000088f00000| Untracked 
| 144|0x0000000089000000, 0x0000000089000000, 0x0000000089100000|  0%| F|  |TAMS 0x0000000089000000, 0x0000000089000000| Untracked 
| 145|0x0000000089100000, 0x0000000089100000, 0x0000000089200000|  0%| F|  |TAMS 0x0000000089100000, 0x0000000089100000| Untracked 
| 146|0x0000000089200000, 0x0000000089200000, 0x0000000089300000|  0%| F|  |TAMS 0x0000000089200000, 0x0000000089200000| Untracked 
| 147|0x0000000089300000, 0x0000000089300000, 0x0000000089400000|  0%| F|  |TAMS 0x0000000089300000, 0x0000000089300000| Untracked 
| 148|0x0000000089400000, 0x0000000089400000, 0x0000000089500000|  0%| F|  |TAMS 0x0000000089400000, 0x0000000089400000| Untracked 
| 149|0x0000000089500000, 0x0000000089500000, 0x0000000089600000|  0%| F|  |TAMS 0x0000000089500000, 0x0000000089500000| Untracked 
| 150|0x0000000089600000, 0x0000000089600000, 0x0000000089700000|  0%| F|  |TAMS 0x0000000089600000, 0x0000000089600000| Untracked 
| 151|0x0000000089700000, 0x0000000089700000, 0x0000000089800000|  0%| F|  |TAMS 0x0000000089700000, 0x0000000089700000| Untracked 
| 152|0x0000000089800000, 0x0000000089800000, 0x0000000089900000|  0%| F|  |TAMS 0x0000000089800000, 0x0000000089800000| Untracked 
| 153|0x0000000089900000, 0x0000000089900000, 0x0000000089a00000|  0%| F|  |TAMS 0x0000000089900000, 0x0000000089900000| Untracked 
| 154|0x0000000089a00000, 0x0000000089a00000, 0x0000000089b00000|  0%| F|  |TAMS 0x0000000089a00000, 0x0000000089a00000| Untracked 
| 155|0x0000000089b00000, 0x0000000089b00000, 0x0000000089c00000|  0%| F|  |TAMS 0x0000000089b00000, 0x0000000089b00000| Untracked 
| 156|0x0000000089c00000, 0x0000000089c00000, 0x0000000089d00000|  0%| F|  |TAMS 0x0000000089c00000, 0x0000000089c00000| Untracked 
| 157|0x0000000089d00000, 0x0000000089d00000, 0x0000000089e00000|  0%| F|  |TAMS 0x0000000089d00000, 0x0000000089d00000| Untracked 
| 158|0x0000000089e00000, 0x0000000089e00000, 0x0000000089f00000|  0%| F|  |TAMS 0x0000000089e00000, 0x0000000089e00000| Untracked 
| 159|0x0000000089f00000, 0x0000000089f00000, 0x000000008a000000|  0%| F|  |TAMS 0x0000000089f00000, 0x0000000089f00000| Untracked 
| 160|0x000000008a000000, 0x000000008a000b30, 0x000000008a100000|  0%| E|  |TAMS 0x000000008a000000, 0x000000008a000000| Complete 

Card table byte_map: [0x000001daf9eb0000,0x000001dafa2b0000] _byte_map_base: 0x000001daf9ab0000

Marking Bits (Prev, Next): (CMBitMap*) 0x000001dae716a9f8, (CMBitMap*) 0x000001dae716aa30
 Prev Bits: [0x000001dafa6b0000, 0x000001dafc6b0000)
 Next Bits: [0x000001dafc6b0000, 0x000001dafe6b0000)

Polling page: 0x000001dae4ff0000

Metaspace:

Usage:
  Non-class:     82.01 MB capacity,    80.33 MB ( 98%) used,     1.43 MB (  2%) free+waste,   259.81 KB ( <1%) overhead. 
      Class:     12.57 MB capacity,    11.71 MB ( 93%) used,   764.44 KB (  6%) free+waste,   117.25 KB ( <1%) overhead. 
       Both:     94.58 MB capacity,    92.03 MB ( 97%) used,     2.17 MB (  2%) free+waste,   377.06 KB ( <1%) overhead. 

Virtual space:
  Non-class space:       84.00 MB reserved,      82.25 MB ( 98%) committed 
      Class space:        1.00 GB reserved,      12.70 MB (  1%) committed 
             Both:        1.08 GB reserved,      94.95 MB (  9%) committed 

Chunk freelists:
   Non-Class:  57.00 KB
       Class:  26.00 KB
        Both:  83.00 KB

MaxMetaspaceSize: 17179869184.00 GB
CompressedClassSpaceSize: 1.00 GB

CodeHeap 'non-profiled nmethods': size=120064Kb used=7485Kb max_used=7485Kb free=112578Kb
 bounds [0x000001daf2570000, 0x000001daf2cc0000, 0x000001daf9ab0000]
CodeHeap 'profiled nmethods': size=120000Kb used=25967Kb max_used=25967Kb free=94032Kb
 bounds [0x000001daeb040000, 0x000001daec9b0000, 0x000001daf2570000]
CodeHeap 'non-nmethods': size=5696Kb used=2278Kb max_used=2344Kb free=3417Kb
 bounds [0x000001daeaab0000, 0x000001daead20000, 0x000001daeb040000]
 total_blobs=12712 nmethods=11815 adapters=809
 compilation: enabled
              stopped_count=0, restarted_count=0
 full_count=0

Compilation events (20 events):
Event: 869.123 Thread 0x000001dafeb9b000 12522       3       com.google.protobuf.CodedInputStream$ArrayDecoder::readRawVarint32 (215 bytes)
Event: 869.124 Thread 0x000001dafeb9b000 nmethod 12522 0x000001daec9a0f10 code [0x000001daec9a1100, 0x000001daec9a1748]
Event: 869.124 Thread 0x000001dafeb9b000 12520       3       com.google.protobuf.CodedOutputStream::computeInt32SizeNoTag (12 bytes)
Event: 869.124 Thread 0x000001dafeb9b000 nmethod 12520 0x000001daeb6c0490 code [0x000001daeb6c0640, 0x000001daeb6c0788]
Event: 869.124 Thread 0x000001dafeb9b000 12519       1       com.google.protobuf.IntArrayList::size (5 bytes)
Event: 869.124 Thread 0x000001dafeb9b000 nmethod 12519 0x000001daf2cbec90 code [0x000001daf2cbee40, 0x000001daf2cbeef8]
Event: 869.124 Thread 0x000001dafeb9b000 12521       1       com.google.protobuf.CodedOutputStream::computeBoolSizeNoTag (2 bytes)
Event: 869.124 Thread 0x000001dafeb9b000 nmethod 12521 0x000001daf2cbef90 code [0x000001daf2cbf140, 0x000001daf2cbf1d8]
Event: 869.126 Thread 0x000001dafeb9b000 12523       3       java.time.format.DateTimeFormatterBuilder::appendInternal (97 bytes)
Event: 869.127 Thread 0x000001dafeb9b000 nmethod 12523 0x000001daec9a1910 code [0x000001daec9a1b20, 0x000001daec9a2058]
Event: 869.129 Thread 0x000001dafeb9b000 12524       3       org.gradle.api.internal.artifacts.ivyservice.resolveengine.result.DefaultResolutionResultBuilder::create (40 bytes)
Event: 869.129 Thread 0x000001dafeb9b000 nmethod 12524 0x000001daec9a2290 code [0x000001daec9a2480, 0x000001daec9a2848]
Event: 869.133 Thread 0x000001dafeb9b000 12526       3       org.gradle.api.internal.AbstractNamedDomainObjectContainer::create (15 bytes)
Event: 869.134 Thread 0x000001dafeb9b000 nmethod 12526 0x000001daec9a2a10 code [0x000001daec9a2c00, 0x000001daec9a3028]
Event: 869.134 Thread 0x000001dafeb9b000 12527       1       org.gradle.api.internal.artifacts.configurations.DefaultConfiguration$WithResults::getCachedResolverResults (5 bytes)
Event: 869.135 Thread 0x000001dafeb9b000 nmethod 12527 0x000001daf2cbf290 code [0x000001daf2cbf440, 0x000001daf2cbf4f8]
Event: 869.136 Thread 0x000001dafeb9b000 12528       3       org.gradle.internal.concurrent.CompositeStoppable::stoppable (12 bytes)
Event: 869.137 Thread 0x000001dafeb9b000 nmethod 12528 0x000001daec9a3190 code [0x000001daec9a3400, 0x000001daec9a3f08]
Event: 869.140 Thread 0x000001dafeb9b000 12529       3       org.gradle.internal.util.Trie::find (135 bytes)
Event: 869.141 Thread 0x000001dafeb9b000 nmethod 12529 0x000001daec9a4290 code [0x000001daec9a44c0, 0x000001daec9a4c18]

GC Heap History (20 events):
Event: 420.024 GC heap before
{Heap before GC invocations=22 (full 0):
 garbage-first heap   total 164864K, used 131682K [0x0000000080000000, 0x0000000100000000)
  region size 1024K, 58 young (59392K), 8 survivors (8192K)
 Metaspace       used 84866K, capacity 86972K, committed 87116K, reserved 1124352K
  class space    used 10767K, capacity 11473K, committed 11596K, reserved 1048576K
}
Event: 420.041 GC heap after
{Heap after GC invocations=23 (full 0):
 garbage-first heap   total 164864K, used 86467K [0x0000000080000000, 0x0000000100000000)
  region size 1024K, 6 young (6144K), 6 survivors (6144K)
 Metaspace       used 84866K, capacity 86972K, committed 87116K, reserved 1124352K
  class space    used 10767K, capacity 11473K, committed 11596K, reserved 1048576K
}
Event: 420.639 GC heap before
{Heap before GC invocations=23 (full 0):
 garbage-first heap   total 164864K, used 132547K [0x0000000080000000, 0x0000000100000000)
  region size 1024K, 52 young (53248K), 6 survivors (6144K)
 Metaspace       used 85181K, capacity 87287K, committed 87628K, reserved 1126400K
  class space    used 10781K, capacity 11479K, committed 11596K, reserved 1048576K
}
Event: 420.651 GC heap after
{Heap after GC invocations=24 (full 0):
 garbage-first heap   total 164864K, used 89497K [0x0000000080000000, 0x0000000100000000)
  region size 1024K, 5 young (5120K), 5 survivors (5120K)
 Metaspace       used 85181K, capacity 87287K, committed 87628K, reserved 1126400K
  class space    used 10781K, capacity 11479K, committed 11596K, reserved 1048576K
}
Event: 421.283 GC heap before
{Heap before GC invocations=25 (full 0):
 garbage-first heap   total 164864K, used 133529K [0x0000000080000000, 0x0000000100000000)
  region size 1024K, 49 young (50176K), 5 survivors (5120K)
 Metaspace       used 85287K, capacity 87355K, committed 87628K, reserved 1126400K
  class space    used 10772K, capacity 11490K, committed 11596K, reserved 1048576K
}
Event: 421.290 GC heap after
{Heap after GC invocations=26 (full 0):
 garbage-first heap   total 164864K, used 91782K [0x0000000080000000, 0x0000000100000000)
  region size 1024K, 4 young (4096K), 4 survivors (4096K)
 Metaspace       used 85287K, capacity 87355K, committed 87628K, reserved 1126400K
  class space    used 10772K, capacity 11490K, committed 11596K, reserved 1048576K
}
Event: 422.138 GC heap before
{Heap before GC invocations=26 (full 0):
 garbage-first heap   total 164864K, used 134790K [0x0000000080000000, 0x0000000100000000)
  region size 1024K, 47 young (48128K), 4 survivors (4096K)
 Metaspace       used 85372K, capacity 87472K, committed 87628K, reserved 1126400K
  class space    used 10782K, capacity 11499K, committed 11596K, reserved 1048576K
}
Event: 422.154 GC heap after
{Heap after GC invocations=27 (full 0):
 garbage-first heap   total 164864K, used 94893K [0x0000000080000000, 0x0000000100000000)
  region size 1024K, 5 young (5120K), 5 survivors (5120K)
 Metaspace       used 85372K, capacity 87472K, committed 87628K, reserved 1126400K
  class space    used 10782K, capacity 11499K, committed 11596K, reserved 1048576K
}
Event: 423.769 GC heap before
{Heap before GC invocations=28 (full 0):
 garbage-first heap   total 164864K, used 134829K [0x0000000080000000, 0x0000000100000000)
  region size 1024K, 45 young (46080K), 5 survivors (5120K)
 Metaspace       used 86184K, capacity 88259K, committed 88524K, reserved 1126400K
  class space    used 10909K, capacity 11632K, committed 11724K, reserved 1048576K
}
Event: 423.776 GC heap after
{Heap after GC invocations=29 (full 0):
 garbage-first heap   total 164864K, used 96204K [0x0000000080000000, 0x0000000100000000)
  region size 1024K, 3 young (3072K), 3 survivors (3072K)
 Metaspace       used 86184K, capacity 88259K, committed 88524K, reserved 1126400K
  class space    used 10909K, capacity 11632K, committed 11724K, reserved 1048576K
}
Event: 423.817 GC heap before
{Heap before GC invocations=29 (full 0):
 garbage-first heap   total 164864K, used 100300K [0x0000000080000000, 0x0000000100000000)
  region size 1024K, 8 young (8192K), 3 survivors (3072K)
 Metaspace       used 86641K, capacity 88707K, committed 88780K, reserved 1126400K
  class space    used 10974K, capacity 11696K, committed 11724K, reserved 1048576K
}
Event: 423.823 GC heap after
{Heap after GC invocations=30 (full 0):
 garbage-first heap   total 164864K, used 95532K [0x0000000080000000, 0x0000000100000000)
  region size 1024K, 1 young (1024K), 1 survivors (1024K)
 Metaspace       used 86641K, capacity 88707K, committed 88780K, reserved 1126400K
  class space    used 10974K, capacity 11696K, committed 11724K, reserved 1048576K
}
Event: 424.490 GC heap before
{Heap before GC invocations=30 (full 0):
 garbage-first heap   total 164864K, used 136492K [0x0000000080000000, 0x0000000100000000)
  region size 1024K, 41 young (41984K), 1 survivors (1024K)
 Metaspace       used 90323K, capacity 92449K, committed 92620K, reserved 1130496K
  class space    used 11417K, capacity 12131K, committed 12236K, reserved 1048576K
}
Event: 424.496 GC heap after
{Heap after GC invocations=31 (full 0):
 garbage-first heap   total 164864K, used 98324K [0x0000000080000000, 0x0000000100000000)
  region size 1024K, 4 young (4096K), 4 survivors (4096K)
 Metaspace       used 90323K, capacity 92449K, committed 92620K, reserved 1130496K
  class space    used 11417K, capacity 12131K, committed 12236K, reserved 1048576K
}
Event: 680.403 GC heap before
{Heap before GC invocations=32 (full 0):
 garbage-first heap   total 164864K, used 135188K [0x0000000080000000, 0x0000000100000000)
  region size 1024K, 41 young (41984K), 4 survivors (4096K)
 Metaspace       used 93416K, capacity 95853K, committed 95948K, reserved 1132544K
  class space    used 11871K, capacity 12704K, committed 12748K, reserved 1048576K
}
Event: 680.412 GC heap after
{Heap after GC invocations=33 (full 0):
 garbage-first heap   total 164864K, used 99689K [0x0000000080000000, 0x0000000100000000)
  region size 1024K, 2 young (2048K), 2 survivors (2048K)
 Metaspace       used 93416K, capacity 95853K, committed 95948K, reserved 1132544K
  class space    used 11871K, capacity 12704K, committed 12748K, reserved 1048576K
}
Event: 868.531 GC heap before
{Heap before GC invocations=33 (full 0):
 garbage-first heap   total 164864K, used 104809K [0x0000000080000000, 0x0000000100000000)
  region size 1024K, 8 young (8192K), 2 survivors (2048K)
 Metaspace       used 93675K, capacity 96137K, committed 96332K, reserved 1132544K
  class space    used 11917K, capacity 12779K, committed 12876K, reserved 1048576K
}
Event: 868.537 GC heap after
{Heap after GC invocations=34 (full 0):
 garbage-first heap   total 164864K, used 99579K [0x0000000080000000, 0x0000000100000000)
  region size 1024K, 1 young (1024K), 1 survivors (1024K)
 Metaspace       used 93675K, capacity 96137K, committed 96332K, reserved 1132544K
  class space    used 11917K, capacity 12779K, committed 12876K, reserved 1048576K
}
Event: 869.177 GC heap before
{Heap before GC invocations=34 (full 0):
 garbage-first heap   total 164864K, used 138491K [0x0000000080000000, 0x0000000100000000)
  region size 1024K, 39 young (39936K), 1 survivors (1024K)
 Metaspace       used 94243K, capacity 96845K, committed 97228K, reserved 1134592K
  class space    used 11988K, capacity 12870K, committed 13004K, reserved 1048576K
}
Event: 869.195 GC heap after
{Heap after GC invocations=35 (full 0):
 garbage-first heap   total 164864K, used 102921K [0x0000000080000000, 0x0000000100000000)
  region size 1024K, 4 young (4096K), 4 survivors (4096K)
 Metaspace       used 94243K, capacity 96845K, committed 97228K, reserved 1134592K
  class space    used 11988K, capacity 12870K, committed 13004K, reserved 1048576K
}

Deoptimization events (20 events):
Event: 868.735 Thread 0x000001da8abee000 DEOPT PACKING pc=0x000001daeb8a6b1c sp=0x0000000dc1efddf0
Event: 868.735 Thread 0x000001da8abee000 DEOPT UNPACKING pc=0x000001daeaad66bf sp=0x0000000dc1efd390 mode 0
Event: 868.740 Thread 0x000001da82887800 DEOPT PACKING pc=0x000001daeb8a6b1c sp=0x0000000dc01f84c0
Event: 868.740 Thread 0x000001da82887800 DEOPT UNPACKING pc=0x000001daeaad66bf sp=0x0000000dc01f7a60 mode 0
Event: 868.749 Thread 0x000001da8abee000 DEOPT PACKING pc=0x000001daeb8a6b1c sp=0x0000000dc1efde50
Event: 868.749 Thread 0x000001da8abee000 DEOPT UNPACKING pc=0x000001daeaad66bf sp=0x0000000dc1efd3f0 mode 0
Event: 868.753 Thread 0x000001da8abe6000 DEOPT PACKING pc=0x000001daeb8a6b1c sp=0x0000000dc1cfd480
Event: 868.753 Thread 0x000001da8abe6000 DEOPT UNPACKING pc=0x000001daeaad66bf sp=0x0000000dc1cfca20 mode 0
Event: 868.787 Thread 0x000001da82887800 DEOPT PACKING pc=0x000001daeb810b2b sp=0x0000000dc01fa050
Event: 868.787 Thread 0x000001da82887800 DEOPT UNPACKING pc=0x000001daeaad66bf sp=0x0000000dc01f94e8 mode 0
Event: 868.824 Thread 0x000001da82887800 DEOPT PACKING pc=0x000001daeb8a6b1c sp=0x0000000dc01fa350
Event: 868.824 Thread 0x000001da82887800 DEOPT UNPACKING pc=0x000001daeaad66bf sp=0x0000000dc01f98f0 mode 0
Event: 868.962 Thread 0x000001da82887800 DEOPT PACKING pc=0x000001daec8552e7 sp=0x0000000dc01f7d90
Event: 868.962 Thread 0x000001da82887800 DEOPT UNPACKING pc=0x000001daeaad66bf sp=0x0000000dc01f72d8 mode 0
Event: 869.011 Thread 0x000001da82887800 DEOPT PACKING pc=0x000001daec85528e sp=0x0000000dc01f9ca0
Event: 869.011 Thread 0x000001da82887800 DEOPT UNPACKING pc=0x000001daeaad66bf sp=0x0000000dc01f91e8 mode 0
Event: 869.122 Thread 0x000001da82887800 Uncommon trap: trap_request=0xffffff4d fr.pc=0x000001daf2c226a0 relative=0x00000000000001e0
Event: 869.122 Thread 0x000001da82887800 Uncommon trap: reason=unstable_if action=reinterpret pc=0x000001daf2c226a0 method=java.lang.StringCoding.encode(Ljava/nio/charset/Charset;B[B)[B @ 4 c2
Event: 869.122 Thread 0x000001da82887800 DEOPT PACKING pc=0x000001daf2c226a0 sp=0x0000000dc01f9f90
Event: 869.122 Thread 0x000001da82887800 DEOPT UNPACKING pc=0x000001daeaad68a9 sp=0x0000000dc01f9ef8 mode 2

Classes redefined (0 events):
No events

Internal exceptions (20 events):
Event: 432.196 Thread 0x000001da8abed800 Exception <a 'java/lang/NoSuchMethodError'{0x000000008889f408}: <clinit>> (0x000000008889f408) thrown at [./src/hotspot/share/prims/jni.cpp, line 1362]
Event: 432.292 Thread 0x000001da8abf0000 Exception <a 'java/lang/NoSuchMethodError'{0x000000008863c2a8}: 'java.lang.Object java.lang.invoke.DirectMethodHandle$Holder.invokeStatic(java.lang.Object, java.lang.Object, java.lang.Object, java.lang.Object, java.lang.Object, java.lang.Object, java.lang.Object, java.lang.Object, java.lang.Object, java.lang.Object, java.lang.Object, java.lang.Object, java.lang.Object, int)'> (0x000000008863c2a8) thrown at [./src/hotspot/share/interpreter/linkResolver.cpp, line 773]
Event: 432.294 Thread 0x000001da8abf0000 Exception <a 'java/lang/NoSuchMethodError'{0x0000000088648d30}: 'java.lang.Object java.lang.invoke.DirectMethodHandle$Holder.invokeStatic(java.lang.Object, java.lang.Object, java.lang.Object, java.lang.Object, java.lang.Object, java.lang.Object, java.lang.Object, java.lang.Object, java.lang.Object, java.lang.Object, java.lang.Object, java.lang.Object, java.lang.Object, int, int)'> (0x0000000088648d30) thrown at [./src/hotspot/share/interpreter/linkResolver.cpp, line 773]
Event: 441.384 Thread 0x000001da8abed800 Exception <a 'java/lang/reflect/InvocationTargetException'{0x0000000088501b68}> (0x0000000088501b68) thrown at [./src/hotspot/share/runtime/reflection.cpp, line 1247]
Event: 441.397 Thread 0x000001da82888800 Exception <a 'java/lang/NoSuchMethodError'{0x000000008830ce38}: <clinit>> (0x000000008830ce38) thrown at [./src/hotspot/share/prims/jni.cpp, line 1362]
Event: 441.402 Thread 0x000001da82888800 Exception <a 'java/lang/NoSuchMethodError'{0x000000008832c088}: <clinit>> (0x000000008832c088) thrown at [./src/hotspot/share/prims/jni.cpp, line 1362]
Event: 441.403 Thread 0x000001da82888800 Exception <a 'java/lang/NoSuchMethodError'{0x000000008834df88}: <clinit>> (0x000000008834df88) thrown at [./src/hotspot/share/prims/jni.cpp, line 1362]
Event: 441.567 Thread 0x000001da82887800 Exception <a 'java/lang/NoSuchMethodError'{0x00000000881fafa8}: <clinit>> (0x00000000881fafa8) thrown at [./src/hotspot/share/prims/jni.cpp, line 1362]
Event: 441.568 Thread 0x000001da82887800 Exception <a 'java/lang/NoSuchMethodError'{0x0000000088007a98}: <clinit>> (0x0000000088007a98) thrown at [./src/hotspot/share/prims/jni.cpp, line 1362]
Event: 732.343 Thread 0x000001da82889000 Exception <a 'java/lang/NoSuchMethodError'{0x0000000089e695d0}: 'java.lang.Object java.lang.invoke.DirectMethodHandle$Holder.invokeSpecial(java.lang.Object, java.lang.Object, int, int, int, java.lang.Object, java.lang.Object, java.lang.Object)'> (0x0000000089e695d0) thrown at [./src/hotspot/share/interpreter/linkResolver.cpp, line 773]
Event: 732.343 Thread 0x000001da82889000 Exception <a 'java/lang/NoSuchMethodError'{0x0000000089e6ce60}: 'java.lang.Object java.lang.invoke.DelegatingMethodHandle$Holder.reinvoke_L(java.lang.Object, int, int, int, java.lang.Object, java.lang.Object, java.lang.Object)'> (0x0000000089e6ce60) thrown at [./src/hotspot/share/interpreter/linkResolver.cpp, line 773]
Event: 732.345 Thread 0x000001da82889000 Exception <a 'java/lang/NoSuchMethodError'{0x0000000089e74980}: 'java.lang.Object java.lang.invoke.DirectMethodHandle$Holder.invokeStatic(java.lang.Object, java.lang.Object, java.lang.Object, java.lang.Object, java.lang.Object, int)'> (0x0000000089e74980) thrown at [./src/hotspot/share/interpreter/linkResolver.cpp, line 773]
Event: 868.557 Thread 0x000001da82887800 Exception <a 'java/lang/NoSuchMethodError'{0x0000000089f4de60}: <clinit>> (0x0000000089f4de60) thrown at [./src/hotspot/share/prims/jni.cpp, line 1362]
Event: 868.568 Thread 0x000001da82887800 Exception <a 'java/lang/NoSuchMethodError'{0x0000000089e282a8}: <clinit>> (0x0000000089e282a8) thrown at [./src/hotspot/share/prims/jni.cpp, line 1362]
Event: 868.568 Thread 0x000001da82887800 Exception <a 'java/lang/NoSuchMethodError'{0x0000000089e2ace0}: <clinit>> (0x0000000089e2ace0) thrown at [./src/hotspot/share/prims/jni.cpp, line 1362]
Event: 868.568 Thread 0x000001da82887800 Exception <a 'java/lang/NoSuchMethodError'{0x0000000089e2c2e8}: <clinit>> (0x0000000089e2c2e8) thrown at [./src/hotspot/share/prims/jni.cpp, line 1362]
Event: 868.568 Thread 0x000001da82887800 Exception <a 'java/lang/NoSuchMethodError'{0x0000000089e2d880}: <clinit>> (0x0000000089e2d880) thrown at [./src/hotspot/share/prims/jni.cpp, line 1362]
Event: 868.568 Thread 0x000001da82887800 Exception <a 'java/lang/NoSuchMethodError'{0x0000000089e2f2e0}: <clinit>> (0x0000000089e2f2e0) thrown at [./src/hotspot/share/prims/jni.cpp, line 1362]
Event: 868.568 Thread 0x000001da82887800 Exception <a 'java/lang/NoSuchMethodError'{0x0000000089e306d0}: <clinit>> (0x0000000089e306d0) thrown at [./src/hotspot/share/prims/jni.cpp, line 1362]
Event: 868.568 Thread 0x000001da82887800 Exception <a 'java/lang/NoSuchMethodError'{0x0000000089e31960}: <clinit>> (0x0000000089e31960) thrown at [./src/hotspot/share/prims/jni.cpp, line 1362]

Events (20 events):
Event: 869.172 loading class org/gradle/tooling/model/UnsupportedMethodException done
Event: 869.173 loading class org/gradle/tooling/internal/adapter/ProtocolToModelAdapter$BeanMixInMethodInvoker
Event: 869.173 loading class org/gradle/tooling/internal/adapter/ProtocolToModelAdapter$BeanMixInMethodInvoker done
Event: 869.173 loading class org/gradle/tooling/internal/adapter/ProtocolToModelAdapter$ClassMixInMethodInvoker
Event: 869.173 loading class org/gradle/tooling/internal/adapter/ProtocolToModelAdapter$ClassMixInMethodInvoker done
Event: 869.173 loading class org/gradle/tooling/internal/adapter/ProtocolToModelAdapter$ChainedMethodInvoker
Event: 869.173 loading class org/gradle/tooling/internal/adapter/ProtocolToModelAdapter$ChainedMethodInvoker done
Event: 869.173 loading class org/gradle/tooling/internal/adapter/ProtocolToModelAdapter$SupportedPropertyInvoker
Event: 869.173 loading class org/gradle/tooling/internal/adapter/ProtocolToModelAdapter$SupportedPropertyInvoker done
Event: 869.174 loading class org/gradle/tooling/internal/adapter/ProtocolToModelAdapter$SafeMethodInvoker
Event: 869.174 loading class org/gradle/tooling/internal/adapter/ProtocolToModelAdapter$SafeMethodInvoker done
Event: 869.174 loading class org/gradle/tooling/internal/adapter/ProtocolToModelAdapter$PropertyCachingMethodInvoker
Event: 869.174 loading class org/gradle/tooling/internal/adapter/ProtocolToModelAdapter$PropertyCachingMethodInvoker done
Event: 869.174 loading class org/gradle/tooling/internal/adapter/ProtocolToModelAdapter$AdaptingMethodInvoker
Event: 869.174 loading class org/gradle/tooling/internal/adapter/ProtocolToModelAdapter$AdaptingMethodInvoker done
Event: 869.177 loading class org/gradle/tooling/internal/adapter/MethodInvocation
Event: 869.177 loading class org/gradle/tooling/internal/adapter/MethodInvocation done
Event: 869.177 Executing VM operation: G1CollectForAllocation
Event: 869.195 Executing VM operation: G1CollectForAllocation done
Event: 869.380 Executing VM operation: CGC_Operation


Dynamic libraries:
0x00007ff6e1030000 - 0x00007ff6e103a000 	C:\Program Files\Android\Android Studio\jre\bin\java.exe
0x00007ffb7deb0000 - 0x00007ffb7e0a5000 	C:\Windows\SYSTEM32\ntdll.dll
0x00007ffb7c2f0000 - 0x00007ffb7c3ae000 	C:\Windows\System32\KERNEL32.DLL
0x00007ffb7b920000 - 0x00007ffb7bbe9000 	C:\Windows\System32\KERNELBASE.dll
0x00007ffb7bd30000 - 0x00007ffb7be30000 	C:\Windows\System32\ucrtbase.dll
0x00007ffb70790000 - 0x00007ffb707a9000 	C:\Program Files\Android\Android Studio\jre\bin\jli.dll
0x00007ffb7cd50000 - 0x00007ffb7cef1000 	C:\Windows\System32\USER32.dll
0x00007ffb7b630000 - 0x00007ffb7b652000 	C:\Windows\System32\win32u.dll
0x00007ffb7d280000 - 0x00007ffb7d2ab000 	C:\Windows\System32\GDI32.dll
0x00007ffb7b810000 - 0x00007ffb7b91b000 	C:\Windows\System32\gdi32full.dll
0x00007ffb7be60000 - 0x00007ffb7befd000 	C:\Windows\System32\msvcp_win.dll
0x00007ffb2f010000 - 0x00007ffb2f027000 	C:\Program Files\Android\Android Studio\jre\bin\VCRUNTIME140.dll
0x00007ffb7aa60000 - 0x00007ffb7acfa000 	C:\Windows\WinSxS\amd64_microsoft.windows.common-controls_6595b64144ccf1df_6.0.19041.1110_none_60b5254171f9507e\COMCTL32.dll
0x00007ffb7d6b0000 - 0x00007ffb7d74e000 	C:\Windows\System32\msvcrt.dll
0x00007ffb7c260000 - 0x00007ffb7c290000 	C:\Windows\System32\IMM32.DLL
0x00007ffb2e2c0000 - 0x00007ffb2e35d000 	C:\Program Files\Android\Android Studio\jre\bin\msvcp140.dll
0x00007ffb2c580000 - 0x00007ffb2d03c000 	C:\Program Files\Android\Android Studio\jre\bin\server\jvm.dll
0x00007ffb7c1a0000 - 0x00007ffb7c24c000 	C:\Windows\System32\ADVAPI32.dll
0x00007ffb7d7b0000 - 0x00007ffb7d84b000 	C:\Windows\System32\sechost.dll
0x00007ffb7d570000 - 0x00007ffb7d69a000 	C:\Windows\System32\RPCRT4.dll
0x00007ffb7d6a0000 - 0x00007ffb7d6a8000 	C:\Windows\System32\PSAPI.DLL
0x00007ffb59b20000 - 0x00007ffb59b29000 	C:\Windows\SYSTEM32\WSOCK32.dll
0x00007ffb7de00000 - 0x00007ffb7de6b000 	C:\Windows\System32\WS2_32.dll
0x00007ffb52d40000 - 0x00007ffb52d67000 	C:\Windows\SYSTEM32\WINMM.dll
0x00007ffb752f0000 - 0x00007ffb752fa000 	C:\Windows\SYSTEM32\VERSION.dll
0x00007ffb78ea0000 - 0x00007ffb78eb2000 	C:\Windows\SYSTEM32\kernel.appcore.dll
0x00007ffb48890000 - 0x00007ffb488a1000 	C:\Program Files\Android\Android Studio\jre\bin\verify.dll
0x00007ffb7aef0000 - 0x00007ffb7b0d4000 	C:\Windows\SYSTEM32\DBGHELP.DLL
0x00007ffb7aec0000 - 0x00007ffb7aeec000 	C:\Windows\SYSTEM32\dbgcore.DLL
0x00007ffb7bca0000 - 0x00007ffb7bd23000 	C:\Windows\System32\bcryptPrimitives.dll
0x00007ffb41740000 - 0x00007ffb41769000 	C:\Program Files\Android\Android Studio\jre\bin\java.dll
0x00007ffb59ae0000 - 0x00007ffb59aeb000 	C:\Program Files\Android\Android Studio\jre\bin\jimage.dll
0x00007ffb487e0000 - 0x00007ffb487f8000 	C:\Program Files\Android\Android Studio\jre\bin\zip.dll
0x00007ffb7c5b0000 - 0x00007ffb7ccef000 	C:\Windows\System32\SHELL32.dll
0x00007ffb790a0000 - 0x00007ffb79830000 	C:\Windows\SYSTEM32\windows.storage.dll
0x00007ffb7cf00000 - 0x00007ffb7d255000 	C:\Windows\System32\combase.dll
0x00007ffb7a7a0000 - 0x00007ffb7a7cc000 	C:\Windows\SYSTEM32\Wldp.dll
0x00007ffb7d410000 - 0x00007ffb7d4be000 	C:\Windows\System32\SHCORE.dll
0x00007ffb7ccf0000 - 0x00007ffb7cd45000 	C:\Windows\System32\shlwapi.dll
0x00007ffb7b510000 - 0x00007ffb7b52f000 	C:\Windows\SYSTEM32\profapi.dll
0x00007ffb44b70000 - 0x00007ffb44b8a000 	C:\Program Files\Android\Android Studio\jre\bin\net.dll
0x00007ffb5f630000 - 0x00007ffb5f738000 	C:\Windows\SYSTEM32\WINHTTP.dll
0x00007ffb7a610000 - 0x00007ffb7a67a000 	C:\Windows\system32\mswsock.dll
0x00007ffb430f0000 - 0x00007ffb43104000 	C:\Program Files\Android\Android Studio\jre\bin\nio.dll
0x00007ffb78850000 - 0x00007ffb78877000 	C:\Users\User\.gradle\native\fdc75f09e3144964f2cf3f50f0aa648679c211496f362492102eb8c894070792\windows-amd64\native-platform.dll
0x00007ffb259d0000 - 0x00007ffb25b66000 	C:\Users\User\.gradle\native\12488b8bf47d2d4c9fbf2f6322a914ad602e24e48041cd04a747c6da556b65c4\windows-amd64\native-platform-file-events.dll
0x00007ffb585e0000 - 0x00007ffb585ea000 	C:\Program Files\Android\Android Studio\jre\bin\management.dll
0x00007ffb4f880000 - 0x00007ffb4f88c000 	C:\Program Files\Android\Android Studio\jre\bin\management_ext.dll
0x00007ffb7b280000 - 0x00007ffb7b298000 	C:\Windows\SYSTEM32\CRYPTSP.dll
0x00007ffb79fd0000 - 0x00007ffb7a004000 	C:\Windows\system32\rsaenh.dll
0x00007ffb7be30000 - 0x00007ffb7be57000 	C:\Windows\System32\bcrypt.dll
0x00007ffb7b4d0000 - 0x00007ffb7b4fe000 	C:\Windows\SYSTEM32\USERENV.dll
0x00007ffb7a850000 - 0x00007ffb7a85c000 	C:\Windows\SYSTEM32\CRYPTBASE.dll
0x00007ffb7a320000 - 0x00007ffb7a35b000 	C:\Windows\SYSTEM32\IPHLPAPI.DLL
0x00007ffb7c250000 - 0x00007ffb7c258000 	C:\Windows\System32\NSI.dll
0x00007ffb740a0000 - 0x00007ffb740b7000 	C:\Windows\SYSTEM32\dhcpcsvc6.DLL
0x00007ffb741a0000 - 0x00007ffb741bd000 	C:\Windows\SYSTEM32\dhcpcsvc.DLL
0x00007ffb7a360000 - 0x00007ffb7a42c000 	C:\Windows\SYSTEM32\DNSAPI.dll
0x00007ffb75330000 - 0x00007ffb7533b000 	C:\Windows\SYSTEM32\WINNSI.DLL
0x00007ffb76bb0000 - 0x00007ffb76bce000 	C:\Users\User\AppData\Local\Temp\native-platform13693766708398976035dir\native-platform.dll
0x00007ffb74470000 - 0x00007ffb74478000 	C:\Program Files\Android\Android Studio\jre\bin\rmi.dll

dbghelp: loaded successfully - version: 4.0.5 - missing functions: none
symbol engine: initialized successfully - sym options: 0x614 - pdb path: .;C:\Program Files\Android\Android Studio\jre\bin;C:\Windows\SYSTEM32;C:\Windows\WinSxS\amd64_microsoft.windows.common-controls_6595b64144ccf1df_6.0.19041.1110_none_60b5254171f9507e;C:\Program Files\Android\Android Studio\jre\bin\server;C:\Users\User\.gradle\native\fdc75f09e3144964f2cf3f50f0aa648679c211496f362492102eb8c894070792\windows-amd64;C:\Users\User\.gradle\native\12488b8bf47d2d4c9fbf2f6322a914ad602e24e48041cd04a747c6da556b65c4\windows-amd64;C:\Users\User\AppData\Local\Temp\native-platform13693766708398976035dir

VM Arguments:
jvm_args: --add-opens=java.base/java.util=ALL-UNNAMED --add-opens=java.base/java.lang=ALL-UNNAMED --add-opens=java.base/java.lang.invoke=ALL-UNNAMED --add-opens=java.prefs/java.util.prefs=ALL-UNNAMED -Xmx2048m -Dfile.encoding=UTF-8 -Duser.country=RU -Duser.language=ru -Duser.variant 
java_command: org.gradle.launcher.daemon.bootstrap.GradleDaemon 6.7.1
java_class_path (initial): C:\Users\User\.gradle\wrapper\dists\gradle-6.7.1-bin\bwlcbys1h7rz3272sye1xwiv6\gradle-6.7.1\lib\gradle-launcher-6.7.1.jar
Launcher Type: SUN_STANDARD

[Global flags]
     intx CICompilerCount                          = 3                                         {product} {ergonomic}
     uint ConcGCThreads                            = 1                                         {product} {ergonomic}
     uint G1ConcRefinementThreads                  = 4                                         {product} {ergonomic}
   size_t G1HeapRegionSize                         = 1048576                                   {product} {ergonomic}
    uintx GCDrainStackTargetSize                   = 64                                        {product} {ergonomic}
   size_t InitialHeapSize                          = 96468992                                  {product} {ergonomic}
   size_t MarkStackSize                            = 4194304                                   {product} {ergonomic}
   size_t MaxHeapSize                              = 2147483648                                {product} {command line}
   size_t MaxNewSize                               = 1287651328                                {product} {ergonomic}
   size_t MinHeapDeltaBytes                        = 1048576                                   {product} {ergonomic}
    uintx NonNMethodCodeHeapSize                   = 5830732                                {pd product} {ergonomic}
    uintx NonProfiledCodeHeapSize                  = 122913754                              {pd product} {ergonomic}
    uintx ProfiledCodeHeapSize                     = 122913754                              {pd product} {ergonomic}
    uintx ReservedCodeCacheSize                    = 251658240                              {pd product} {ergonomic}
     bool SegmentedCodeCache                       = true                                      {product} {ergonomic}
     bool UseCompressedClassPointers               = true                                 {lp64_product} {ergonomic}
     bool UseCompressedOops                        = true                                 {lp64_product} {ergonomic}
     bool UseG1GC                                  = true                                      {product} {ergonomic}
     bool UseLargePagesIndividualAllocation        = false                                  {pd product} {ergonomic}

Logging:
Log output configuration:
 #0: stdout all=warning uptime,level,tags
 #1: stderr all=off uptime,level,tags

Environment Variables:
PATH=C:\Program Files (x86)\Intel\Intel(R) Management Engine Components\iCLS\;C:\Program Files\Intel\Intel(R) Management Engine Components\iCLS\;C:\Windows\system32;C:\Windows;C:\Windows\System32\Wbem;C:\Windows\System32\WindowsPowerShell\v1.0\;C:\Windows\System32\OpenSSH\;C:\Program Files (x86)\Intel\Intel(R) Management Engine Components\DAL;C:\Program Files\Intel\Intel(R) Management Engine Components\DAL;C:\Program Files (x86)\Intel\Intel(R) Management Engine Components\IPT;C:\Program Files\Intel\Intel(R) Management Engine Components\IPT;C:\Program Files\Git\cmd;C:\Users\User\AppData\Local\Microsoft\WindowsApps;
USERNAME=User
OS=Windows_NT
PROCESSOR_IDENTIFIER=Intel64 Family 6 Model 158 Stepping 10, GenuineIntel



---------------  S Y S T E M  ---------------

OS: Windows 10 , 64 bit Build 19041 (10.0.19041.1202)
OS uptime: 0 days 18:37 hours

CPU:total 4 (initial active 4) (2 cores per cpu, 2 threads per core) family 6 model 158 stepping 10, cmov, cx8, fxsr, mmx, sse, sse2, sse3, ssse3, sse4.1, sse4.2, popcnt, aes, clmul, erms, 3dnowpref, lzcnt, ht, tsc, tscinvbit

Memory: 4k page, system-wide physical 5853M (1141M free)
TotalPageFile size 8285M (AvailPageFile size 3005M)
current process WorkingSet (physical memory assigned to process): 418M, peak: 431M
current process commit charge ("private bytes"): 465M, peak: 467M

vm_info: OpenJDK 64-Bit Server VM (11.0.8+10-b944.6842174) for windows-amd64 JRE (11.0.8+10-b944.6842174), built on Sep 19 2020 01:11:42 by "builder" with MS VC++ 14.0 (VS2015)

END.
